<?xml version="1.0" encoding="UTF-8"?>
<!-- Generated by org.testng.reporters.JUnitXMLReporter -->
<testsuite hostname="DSHYD-106" ignored="60" name="RM" tests="16" failures="12" timestamp="16 Nov 2017 09:15:11 GMT" time="787.055" errors="0">
  <testcase name="testTC2_Recurring" time="55.163" classname="com.RM.scripts.TC2_Recurring">
    <failure type="java.lang.IllegalStateException" message="The driver executable does not exist: C:\Users\Venkatesware\swgworkspace\eDTC-Automation\Drivers\chromedriver.exe">
      <![CDATA[java.lang.IllegalStateException: The driver executable does not exist: C:\Users\Venkatesware\swgworkspace\eDTC-Automation\Drivers\chromedriver.exe
	at com.google.common.base.Preconditions.checkState(Preconditions.java:199)
	at org.openqa.selenium.remote.service.DriverService.checkExecutable(DriverService.java:121)
	at org.openqa.selenium.remote.service.DriverService.findExecutable(DriverService.java:116)
	at org.openqa.selenium.chrome.ChromeDriverService.access$000(ChromeDriverService.java:32)
	at org.openqa.selenium.chrome.ChromeDriverService$Builder.findDefaultExecutable(ChromeDriverService.java:137)
	at org.openqa.selenium.remote.service.DriverService$Builder.build(DriverService.java:296)
	at org.openqa.selenium.chrome.ChromeDriverService.createDefaultService(ChromeDriverService.java:88)
	at org.openqa.selenium.chrome.ChromeDriver.<init>(ChromeDriver.java:116)
	at com.RM.accelerators.TestEngine.openBrowser(TestEngine.java:778)
	at com.RM.accelerators.ActionEngine.catchBlock(ActionEngine.java:2436)
	at com.RM.scripts.TC2_Recurring.testTC2_Recurring(TC2_Recurring.java:104)
... Removed 28 stack frames]]>
    </failure>
  </testcase> <!-- testTC2_Recurring -->
  <testcase name="testTC6_ExpiryCardError" time="24.604" classname="com.RM.scripts.TC6_ExpiryCardError">
    <failure type="java.lang.IllegalStateException" message="The driver executable does not exist: C:\Users\Venkatesware\swgworkspace\eDTC-Automation\Drivers\chromedriver.exe">
      <![CDATA[java.lang.IllegalStateException: The driver executable does not exist: C:\Users\Venkatesware\swgworkspace\eDTC-Automation\Drivers\chromedriver.exe
	at com.google.common.base.Preconditions.checkState(Preconditions.java:199)
	at org.openqa.selenium.remote.service.DriverService.checkExecutable(DriverService.java:121)
	at org.openqa.selenium.remote.service.DriverService.findExecutable(DriverService.java:116)
	at org.openqa.selenium.chrome.ChromeDriverService.access$000(ChromeDriverService.java:32)
	at org.openqa.selenium.chrome.ChromeDriverService$Builder.findDefaultExecutable(ChromeDriverService.java:137)
	at org.openqa.selenium.remote.service.DriverService$Builder.build(DriverService.java:296)
	at org.openqa.selenium.chrome.ChromeDriverService.createDefaultService(ChromeDriverService.java:88)
	at org.openqa.selenium.chrome.ChromeDriver.<init>(ChromeDriver.java:116)
	at com.RM.accelerators.TestEngine.openBrowser(TestEngine.java:778)
	at com.RM.accelerators.ActionEngine.catchBlock(ActionEngine.java:2436)
	at com.RM.scripts.TC6_ExpiryCardError.testTC6_ExpiryCardError(TC6_ExpiryCardError.java:92)
... Removed 28 stack frames]]>
    </failure>
  </testcase> <!-- testTC6_ExpiryCardError -->
  <testcase name="testTC6_AddAndDeletePaymentMethod" time="26.204" classname="com.RM.scripts.TC6_AddAndDeletePaymentMethod">
    <failure type="java.lang.IllegalStateException" message="The driver executable does not exist: C:\Users\Venkatesware\swgworkspace\eDTC-Automation\Drivers\chromedriver.exe">
      <![CDATA[java.lang.IllegalStateException: The driver executable does not exist: C:\Users\Venkatesware\swgworkspace\eDTC-Automation\Drivers\chromedriver.exe
	at com.google.common.base.Preconditions.checkState(Preconditions.java:199)
	at org.openqa.selenium.remote.service.DriverService.checkExecutable(DriverService.java:121)
	at org.openqa.selenium.remote.service.DriverService.findExecutable(DriverService.java:116)
	at org.openqa.selenium.chrome.ChromeDriverService.access$000(ChromeDriverService.java:32)
	at org.openqa.selenium.chrome.ChromeDriverService$Builder.findDefaultExecutable(ChromeDriverService.java:137)
	at org.openqa.selenium.remote.service.DriverService$Builder.build(DriverService.java:296)
	at org.openqa.selenium.chrome.ChromeDriverService.createDefaultService(ChromeDriverService.java:88)
	at org.openqa.selenium.chrome.ChromeDriver.<init>(ChromeDriver.java:116)
	at com.RM.accelerators.TestEngine.openBrowser(TestEngine.java:778)
	at com.RM.accelerators.ActionEngine.catchBlock(ActionEngine.java:2436)
	at com.RM.scripts.TC6_AddAndDeletePaymentMethod.testTC6_AddAndDeletePaymentMethod(TC6_AddAndDeletePaymentMethod.java:124)
... Removed 28 stack frames]]>
    </failure>
  </testcase> <!-- testTC6_AddAndDeletePaymentMethod -->
  <testcase name="testTC6_DifferentPaymentAddress" time="24.372" classname="com.RM.scripts.TC6_DifferentPaymentAddress">
    <failure type="java.lang.IllegalStateException" message="The driver executable does not exist: C:\Users\Venkatesware\swgworkspace\eDTC-Automation\Drivers\chromedriver.exe">
      <![CDATA[java.lang.IllegalStateException: The driver executable does not exist: C:\Users\Venkatesware\swgworkspace\eDTC-Automation\Drivers\chromedriver.exe
	at com.google.common.base.Preconditions.checkState(Preconditions.java:199)
	at org.openqa.selenium.remote.service.DriverService.checkExecutable(DriverService.java:121)
	at org.openqa.selenium.remote.service.DriverService.findExecutable(DriverService.java:116)
	at org.openqa.selenium.chrome.ChromeDriverService.access$000(ChromeDriverService.java:32)
	at org.openqa.selenium.chrome.ChromeDriverService$Builder.findDefaultExecutable(ChromeDriverService.java:137)
	at org.openqa.selenium.remote.service.DriverService$Builder.build(DriverService.java:296)
	at org.openqa.selenium.chrome.ChromeDriverService.createDefaultService(ChromeDriverService.java:88)
	at org.openqa.selenium.chrome.ChromeDriver.<init>(ChromeDriver.java:116)
	at com.RM.accelerators.TestEngine.openBrowser(TestEngine.java:778)
	at com.RM.accelerators.ActionEngine.catchBlock(ActionEngine.java:2436)
	at com.RM.scripts.TC6_DifferentPaymentAddress.testTC6_DifferentPaymentAddress(TC6_DifferentPaymentAddress.java:93)
... Removed 28 stack frames]]>
    </failure>
  </testcase> <!-- testTC6_DifferentPaymentAddress -->
  <testcase name="testTC6_PrimaryPayment" time="24.179" classname="com.RM.scripts.TC6_PrimaryPayment">
    <failure type="java.lang.IllegalStateException" message="The driver executable does not exist: C:\Users\Venkatesware\swgworkspace\eDTC-Automation\Drivers\chromedriver.exe">
      <![CDATA[java.lang.IllegalStateException: The driver executable does not exist: C:\Users\Venkatesware\swgworkspace\eDTC-Automation\Drivers\chromedriver.exe
	at com.google.common.base.Preconditions.checkState(Preconditions.java:199)
	at org.openqa.selenium.remote.service.DriverService.checkExecutable(DriverService.java:121)
	at org.openqa.selenium.remote.service.DriverService.findExecutable(DriverService.java:116)
	at org.openqa.selenium.chrome.ChromeDriverService.access$000(ChromeDriverService.java:32)
	at org.openqa.selenium.chrome.ChromeDriverService$Builder.findDefaultExecutable(ChromeDriverService.java:137)
	at org.openqa.selenium.remote.service.DriverService$Builder.build(DriverService.java:296)
	at org.openqa.selenium.chrome.ChromeDriverService.createDefaultService(ChromeDriverService.java:88)
	at org.openqa.selenium.chrome.ChromeDriver.<init>(ChromeDriver.java:116)
	at com.RM.accelerators.TestEngine.openBrowser(TestEngine.java:778)
	at com.RM.accelerators.ActionEngine.catchBlock(ActionEngine.java:2436)
	at com.RM.scripts.TC6_PrimaryPayment.testTC6_PrimaryPayment(TC6_PrimaryPayment.java:64)
... Removed 28 stack frames]]>
    </failure>
  </testcase> <!-- testTC6_PrimaryPayment -->
  <testcase name="testMoolaperks" time="24.72" classname="com.RM.scripts.Moolaperks">
    <failure type="java.lang.IllegalStateException" message="The driver executable does not exist: C:\Users\Venkatesware\swgworkspace\eDTC-Automation\Drivers\chromedriver.exe">
      <![CDATA[java.lang.IllegalStateException: The driver executable does not exist: C:\Users\Venkatesware\swgworkspace\eDTC-Automation\Drivers\chromedriver.exe
	at com.google.common.base.Preconditions.checkState(Preconditions.java:199)
	at org.openqa.selenium.remote.service.DriverService.checkExecutable(DriverService.java:121)
	at org.openqa.selenium.remote.service.DriverService.findExecutable(DriverService.java:116)
	at org.openqa.selenium.chrome.ChromeDriverService.access$000(ChromeDriverService.java:32)
	at org.openqa.selenium.chrome.ChromeDriverService$Builder.findDefaultExecutable(ChromeDriverService.java:137)
	at org.openqa.selenium.remote.service.DriverService$Builder.build(DriverService.java:296)
	at org.openqa.selenium.chrome.ChromeDriverService.createDefaultService(ChromeDriverService.java:88)
	at org.openqa.selenium.chrome.ChromeDriver.<init>(ChromeDriver.java:116)
	at com.RM.accelerators.TestEngine.openBrowser(TestEngine.java:778)
	at com.RM.accelerators.ActionEngine.catchBlock(ActionEngine.java:2436)
	at com.RM.scripts.Moolaperks.testMoolaperks(Moolaperks.java:67)
... Removed 28 stack frames]]>
    </failure>
  </testcase> <!-- testMoolaperks -->
  <testcase name="testTC6_PasswordLengthValidation" time="15.09" classname="com.RM.scripts.TC6_PasswordLengthValidation"/>
  <testcase name="testTC6_PasswordMustMatch" time="15.911" classname="com.RM.scripts.TC6_PasswordMustMatch"/>
  <testcase name="testTC6_ConfirmPasswordValidation" time="16.452" classname="com.RM.scripts.TC6_ConfirmPasswordValidation"/>
  <testcase name="testTC6_OneTimeChangePassword" time="24.18" classname="com.RM.scripts.TC6_OneTimeChangePassword">
    <failure type="java.lang.IllegalStateException" message="The driver executable does not exist: C:\Users\Venkatesware\swgworkspace\eDTC-Automation\Drivers\chromedriver.exe">
      <![CDATA[java.lang.IllegalStateException: The driver executable does not exist: C:\Users\Venkatesware\swgworkspace\eDTC-Automation\Drivers\chromedriver.exe
	at com.google.common.base.Preconditions.checkState(Preconditions.java:199)
	at org.openqa.selenium.remote.service.DriverService.checkExecutable(DriverService.java:121)
	at org.openqa.selenium.remote.service.DriverService.findExecutable(DriverService.java:116)
	at org.openqa.selenium.chrome.ChromeDriverService.access$000(ChromeDriverService.java:32)
	at org.openqa.selenium.chrome.ChromeDriverService$Builder.findDefaultExecutable(ChromeDriverService.java:137)
	at org.openqa.selenium.remote.service.DriverService$Builder.build(DriverService.java:296)
	at org.openqa.selenium.chrome.ChromeDriverService.createDefaultService(ChromeDriverService.java:88)
	at org.openqa.selenium.chrome.ChromeDriver.<init>(ChromeDriver.java:116)
	at com.RM.accelerators.TestEngine.openBrowser(TestEngine.java:778)
	at com.RM.accelerators.ActionEngine.catchBlock(ActionEngine.java:2436)
	at com.RM.scripts.TC6_OneTimeChangePassword.testTC6_OneTimeChangePassword(TC6_OneTimeChangePassword.java:77)
... Removed 28 stack frames]]>
    </failure>
  </testcase> <!-- testTC6_OneTimeChangePassword -->
  <testcase name="testQuickPay_TC4" time="31.485" classname="com.RM.scripts.QuickPay_TC4">
    <failure type="java.lang.IllegalStateException" message="The driver executable does not exist: C:\Users\Venkatesware\swgworkspace\eDTC-Automation\Drivers\chromedriver.exe">
      <![CDATA[java.lang.IllegalStateException: The driver executable does not exist: C:\Users\Venkatesware\swgworkspace\eDTC-Automation\Drivers\chromedriver.exe
	at com.google.common.base.Preconditions.checkState(Preconditions.java:199)
	at org.openqa.selenium.remote.service.DriverService.checkExecutable(DriverService.java:121)
	at org.openqa.selenium.remote.service.DriverService.findExecutable(DriverService.java:116)
	at org.openqa.selenium.chrome.ChromeDriverService.access$000(ChromeDriverService.java:32)
	at org.openqa.selenium.chrome.ChromeDriverService$Builder.findDefaultExecutable(ChromeDriverService.java:137)
	at org.openqa.selenium.remote.service.DriverService$Builder.build(DriverService.java:296)
	at org.openqa.selenium.chrome.ChromeDriverService.createDefaultService(ChromeDriverService.java:88)
	at org.openqa.selenium.chrome.ChromeDriver.<init>(ChromeDriver.java:116)
	at com.RM.accelerators.TestEngine.openBrowser(TestEngine.java:778)
	at com.RM.accelerators.ActionEngine.catchBlock(ActionEngine.java:2436)
	at com.RM.scripts.QuickPay_TC4.testQuickPay_TC4(QuickPay_TC4.java:81)
... Removed 28 stack frames]]>
    </failure>
  </testcase> <!-- testQuickPay_TC4 -->
  <testcase name="testQuickPay_TC3_1" time="24.91" classname="com.RM.scripts.QuickPay_TC3_1">
    <failure type="java.lang.IllegalStateException" message="The driver executable does not exist: C:\Users\Venkatesware\swgworkspace\eDTC-Automation\Drivers\chromedriver.exe">
      <![CDATA[java.lang.IllegalStateException: The driver executable does not exist: C:\Users\Venkatesware\swgworkspace\eDTC-Automation\Drivers\chromedriver.exe
	at com.google.common.base.Preconditions.checkState(Preconditions.java:199)
	at org.openqa.selenium.remote.service.DriverService.checkExecutable(DriverService.java:121)
	at org.openqa.selenium.remote.service.DriverService.findExecutable(DriverService.java:116)
	at org.openqa.selenium.chrome.ChromeDriverService.access$000(ChromeDriverService.java:32)
	at org.openqa.selenium.chrome.ChromeDriverService$Builder.findDefaultExecutable(ChromeDriverService.java:137)
	at org.openqa.selenium.remote.service.DriverService$Builder.build(DriverService.java:296)
	at org.openqa.selenium.chrome.ChromeDriverService.createDefaultService(ChromeDriverService.java:88)
	at org.openqa.selenium.chrome.ChromeDriver.<init>(ChromeDriver.java:116)
	at com.RM.accelerators.TestEngine.openBrowser(TestEngine.java:778)
	at com.RM.accelerators.ActionEngine.catchBlock(ActionEngine.java:2436)
	at com.RM.scripts.QuickPay_TC3_1.testQuickPay_TC3_1(QuickPay_TC3_1.java:61)
... Removed 28 stack frames]]>
    </failure>
  </testcase> <!-- testQuickPay_TC3_1 -->
  <testcase name="testQuickPay_TC2" time="64.392" classname="com.RM.scripts.QuickPay_TC2"/>
  <testcase name="testQuickPay_TC3_3" time="63.558" classname="com.RM.scripts.QuickPay_TC3_3">
    <failure type="java.lang.IllegalStateException" message="The driver executable does not exist: C:\Users\Venkatesware\swgworkspace\eDTC-Automation\Drivers\chromedriver.exe">
      <![CDATA[java.lang.IllegalStateException: The driver executable does not exist: C:\Users\Venkatesware\swgworkspace\eDTC-Automation\Drivers\chromedriver.exe
	at com.google.common.base.Preconditions.checkState(Preconditions.java:199)
	at org.openqa.selenium.remote.service.DriverService.checkExecutable(DriverService.java:121)
	at org.openqa.selenium.remote.service.DriverService.findExecutable(DriverService.java:116)
	at org.openqa.selenium.chrome.ChromeDriverService.access$000(ChromeDriverService.java:32)
	at org.openqa.selenium.chrome.ChromeDriverService$Builder.findDefaultExecutable(ChromeDriverService.java:137)
	at org.openqa.selenium.remote.service.DriverService$Builder.build(DriverService.java:296)
	at org.openqa.selenium.chrome.ChromeDriverService.createDefaultService(ChromeDriverService.java:88)
	at org.openqa.selenium.chrome.ChromeDriver.<init>(ChromeDriver.java:116)
	at com.RM.accelerators.TestEngine.openBrowser(TestEngine.java:778)
	at com.RM.accelerators.ActionEngine.catchBlock(ActionEngine.java:2436)
	at com.RM.scripts.QuickPay_TC3_3.testQuickPay_TC3_3(QuickPay_TC3_3.java:139)
... Removed 28 stack frames]]>
    </failure>
  </testcase> <!-- testQuickPay_TC3_3 -->
  <testcase name="testQuickPay_TC5" time="44.461" classname="com.RM.scripts.QuickPay_TC5">
    <failure type="java.lang.IllegalStateException" message="The driver executable does not exist: C:\Users\Venkatesware\swgworkspace\eDTC-Automation\Drivers\chromedriver.exe">
      <![CDATA[java.lang.IllegalStateException: The driver executable does not exist: C:\Users\Venkatesware\swgworkspace\eDTC-Automation\Drivers\chromedriver.exe
	at com.google.common.base.Preconditions.checkState(Preconditions.java:199)
	at org.openqa.selenium.remote.service.DriverService.checkExecutable(DriverService.java:121)
	at org.openqa.selenium.remote.service.DriverService.findExecutable(DriverService.java:116)
	at org.openqa.selenium.chrome.ChromeDriverService.access$000(ChromeDriverService.java:32)
	at org.openqa.selenium.chrome.ChromeDriverService$Builder.findDefaultExecutable(ChromeDriverService.java:137)
	at org.openqa.selenium.remote.service.DriverService$Builder.build(DriverService.java:296)
	at org.openqa.selenium.chrome.ChromeDriverService.createDefaultService(ChromeDriverService.java:88)
	at org.openqa.selenium.chrome.ChromeDriver.<init>(ChromeDriver.java:116)
	at com.RM.accelerators.TestEngine.openBrowser(TestEngine.java:778)
	at com.RM.accelerators.ActionEngine.catchBlock(ActionEngine.java:2436)
	at com.RM.scripts.QuickPay_TC5.testQuickPay_TC5(QuickPay_TC5.java:174)
... Removed 28 stack frames]]>
    </failure>
  </testcase> <!-- testQuickPay_TC5 -->
  <testcase name="testQuickPay_TC3_4" time="29.639" classname="com.RM.scripts.QuickPay_TC3_4">
    <failure type="java.lang.IllegalStateException" message="The driver executable does not exist: C:\Users\Venkatesware\swgworkspace\eDTC-Automation\Drivers\chromedriver.exe">
      <![CDATA[java.lang.IllegalStateException: The driver executable does not exist: C:\Users\Venkatesware\swgworkspace\eDTC-Automation\Drivers\chromedriver.exe
	at com.google.common.base.Preconditions.checkState(Preconditions.java:199)
	at org.openqa.selenium.remote.service.DriverService.checkExecutable(DriverService.java:121)
	at org.openqa.selenium.remote.service.DriverService.findExecutable(DriverService.java:116)
	at org.openqa.selenium.chrome.ChromeDriverService.access$000(ChromeDriverService.java:32)
	at org.openqa.selenium.chrome.ChromeDriverService$Builder.findDefaultExecutable(ChromeDriverService.java:137)
	at org.openqa.selenium.remote.service.DriverService$Builder.build(DriverService.java:296)
	at org.openqa.selenium.chrome.ChromeDriverService.createDefaultService(ChromeDriverService.java:88)
	at org.openqa.selenium.chrome.ChromeDriver.<init>(ChromeDriver.java:116)
	at com.RM.accelerators.TestEngine.openBrowser(TestEngine.java:778)
	at com.RM.accelerators.ActionEngine.catchBlock(ActionEngine.java:2436)
	at com.RM.scripts.QuickPay_TC3_4.testQuickPay_TC3_4(QuickPay_TC3_4.java:157)
... Removed 28 stack frames]]>
    </failure>
  </testcase> <!-- testQuickPay_TC3_4 -->
  <testcase name="@BeforeSuite suiteFirst" time="0.0" classname="com.RM.accelerators.TestEngine">
    <ignored/>
  </testcase> <!-- @BeforeSuite suiteFirst -->
  <testcase name="@BeforeSuite suiteFirst" time="0.0" classname="com.RM.accelerators.TestEngine">
    <ignored/>
  </testcase> <!-- @BeforeSuite suiteFirst -->
  <testcase name="@BeforeSuite suiteFirst" time="0.0" classname="com.RM.accelerators.TestEngine">
    <ignored/>
  </testcase> <!-- @BeforeSuite suiteFirst -->
  <testcase name="@BeforeSuite suiteFirst" time="0.0" classname="com.RM.accelerators.TestEngine">
    <ignored/>
  </testcase> <!-- @BeforeSuite suiteFirst -->
  <testcase name="@BeforeSuite suiteFirst" time="0.0" classname="com.RM.accelerators.TestEngine">
    <ignored/>
  </testcase> <!-- @BeforeSuite suiteFirst -->
  <testcase name="@BeforeSuite suiteFirst" time="0.0" classname="com.RM.accelerators.TestEngine">
    <ignored/>
  </testcase> <!-- @BeforeSuite suiteFirst -->
  <testcase name="@BeforeSuite suiteFirst" time="0.0" classname="com.RM.accelerators.TestEngine">
    <ignored/>
  </testcase> <!-- @BeforeSuite suiteFirst -->
  <testcase name="@BeforeSuite suiteFirst" time="0.0" classname="com.RM.accelerators.TestEngine">
    <ignored/>
  </testcase> <!-- @BeforeSuite suiteFirst -->
  <testcase name="@BeforeSuite suiteFirst" time="0.0" classname="com.RM.accelerators.TestEngine">
    <ignored/>
  </testcase> <!-- @BeforeSuite suiteFirst -->
  <testcase name="@BeforeSuite suiteFirst" time="0.0" classname="com.RM.accelerators.TestEngine">
    <ignored/>
  </testcase> <!-- @BeforeSuite suiteFirst -->
  <testcase name="@BeforeSuite suiteFirst" time="0.0" classname="com.RM.accelerators.TestEngine">
    <ignored/>
  </testcase> <!-- @BeforeSuite suiteFirst -->
  <testcase name="@BeforeSuite suiteFirst" time="0.0" classname="com.RM.accelerators.TestEngine">
    <ignored/>
  </testcase> <!-- @BeforeSuite suiteFirst -->
  <testcase name="@BeforeSuite suiteFirst" time="0.0" classname="com.RM.accelerators.TestEngine">
    <ignored/>
  </testcase> <!-- @BeforeSuite suiteFirst -->
  <testcase name="@BeforeSuite suiteFirst" time="0.0" classname="com.RM.accelerators.TestEngine">
    <ignored/>
  </testcase> <!-- @BeforeSuite suiteFirst -->
  <testcase name="@BeforeSuite suiteFirst" time="0.0" classname="com.RM.accelerators.TestEngine">
    <ignored/>
  </testcase> <!-- @BeforeSuite suiteFirst -->
  <testcase name="@AfterSuite tearDownFirefox" time="0.0" classname="com.RM.accelerators.TestEngine">
    <ignored/>
  </testcase> <!-- @AfterSuite tearDownFirefox -->
  <testcase name="@AfterSuite tearDownFirefox" time="0.0" classname="com.RM.accelerators.TestEngine">
    <ignored/>
  </testcase> <!-- @AfterSuite tearDownFirefox -->
  <testcase name="@AfterSuite tearDownFirefox" time="0.0" classname="com.RM.accelerators.TestEngine">
    <ignored/>
  </testcase> <!-- @AfterSuite tearDownFirefox -->
  <testcase name="@AfterSuite tearDownFirefox" time="0.0" classname="com.RM.accelerators.TestEngine">
    <ignored/>
  </testcase> <!-- @AfterSuite tearDownFirefox -->
  <testcase name="@AfterSuite tearDownFirefox" time="0.0" classname="com.RM.accelerators.TestEngine">
    <ignored/>
  </testcase> <!-- @AfterSuite tearDownFirefox -->
  <testcase name="@AfterSuite tearDownFirefox" time="0.0" classname="com.RM.accelerators.TestEngine">
    <ignored/>
  </testcase> <!-- @AfterSuite tearDownFirefox -->
  <testcase name="@AfterSuite tearDownFirefox" time="0.0" classname="com.RM.accelerators.TestEngine">
    <ignored/>
  </testcase> <!-- @AfterSuite tearDownFirefox -->
  <testcase name="@AfterSuite tearDownFirefox" time="0.0" classname="com.RM.accelerators.TestEngine">
    <ignored/>
  </testcase> <!-- @AfterSuite tearDownFirefox -->
  <testcase name="@AfterSuite tearDownFirefox" time="0.0" classname="com.RM.accelerators.TestEngine">
    <ignored/>
  </testcase> <!-- @AfterSuite tearDownFirefox -->
  <testcase name="@AfterSuite tearDownFirefox" time="0.0" classname="com.RM.accelerators.TestEngine">
    <ignored/>
  </testcase> <!-- @AfterSuite tearDownFirefox -->
  <testcase name="@AfterSuite tearDownFirefox" time="0.0" classname="com.RM.accelerators.TestEngine">
    <ignored/>
  </testcase> <!-- @AfterSuite tearDownFirefox -->
  <testcase name="@AfterSuite tearDownFirefox" time="0.0" classname="com.RM.accelerators.TestEngine">
    <ignored/>
  </testcase> <!-- @AfterSuite tearDownFirefox -->
  <testcase name="@AfterSuite tearDownFirefox" time="0.0" classname="com.RM.accelerators.TestEngine">
    <ignored/>
  </testcase> <!-- @AfterSuite tearDownFirefox -->
  <testcase name="@AfterSuite tearDownFirefox" time="0.0" classname="com.RM.accelerators.TestEngine">
    <ignored/>
  </testcase> <!-- @AfterSuite tearDownFirefox -->
  <testcase name="@AfterSuite tearDownFirefox" time="0.0" classname="com.RM.accelerators.TestEngine">
    <ignored/>
  </testcase> <!-- @AfterSuite tearDownFirefox -->
  <testcase name="@BeforeTest first" time="0.0" classname="com.RM.accelerators.TestEngine">
    <ignored/>
  </testcase> <!-- @BeforeTest first -->
  <testcase name="@BeforeTest first" time="0.0" classname="com.RM.accelerators.TestEngine">
    <ignored/>
  </testcase> <!-- @BeforeTest first -->
  <testcase name="@BeforeTest first" time="0.0" classname="com.RM.accelerators.TestEngine">
    <ignored/>
  </testcase> <!-- @BeforeTest first -->
  <testcase name="@BeforeTest first" time="0.0" classname="com.RM.accelerators.TestEngine">
    <ignored/>
  </testcase> <!-- @BeforeTest first -->
  <testcase name="@BeforeTest first" time="0.0" classname="com.RM.accelerators.TestEngine">
    <ignored/>
  </testcase> <!-- @BeforeTest first -->
  <testcase name="@BeforeTest first" time="0.0" classname="com.RM.accelerators.TestEngine">
    <ignored/>
  </testcase> <!-- @BeforeTest first -->
  <testcase name="@BeforeTest first" time="0.0" classname="com.RM.accelerators.TestEngine">
    <ignored/>
  </testcase> <!-- @BeforeTest first -->
  <testcase name="@BeforeTest first" time="0.0" classname="com.RM.accelerators.TestEngine">
    <ignored/>
  </testcase> <!-- @BeforeTest first -->
  <testcase name="@BeforeTest first" time="0.0" classname="com.RM.accelerators.TestEngine">
    <ignored/>
  </testcase> <!-- @BeforeTest first -->
  <testcase name="@BeforeTest first" time="0.0" classname="com.RM.accelerators.TestEngine">
    <ignored/>
  </testcase> <!-- @BeforeTest first -->
  <testcase name="@BeforeTest first" time="0.0" classname="com.RM.accelerators.TestEngine">
    <ignored/>
  </testcase> <!-- @BeforeTest first -->
  <testcase name="@BeforeTest first" time="0.0" classname="com.RM.accelerators.TestEngine">
    <ignored/>
  </testcase> <!-- @BeforeTest first -->
  <testcase name="@BeforeTest first" time="0.0" classname="com.RM.accelerators.TestEngine">
    <ignored/>
  </testcase> <!-- @BeforeTest first -->
  <testcase name="@BeforeTest first" time="0.0" classname="com.RM.accelerators.TestEngine">
    <ignored/>
  </testcase> <!-- @BeforeTest first -->
  <testcase name="@BeforeTest first" time="0.0" classname="com.RM.accelerators.TestEngine">
    <ignored/>
  </testcase> <!-- @BeforeTest first -->
  <testcase name="@AfterTest first1" time="0.0" classname="com.RM.accelerators.TestEngine">
    <ignored/>
  </testcase> <!-- @AfterTest first1 -->
  <testcase name="@AfterTest first1" time="0.0" classname="com.RM.accelerators.TestEngine">
    <ignored/>
  </testcase> <!-- @AfterTest first1 -->
  <testcase name="@AfterTest first1" time="0.0" classname="com.RM.accelerators.TestEngine">
    <ignored/>
  </testcase> <!-- @AfterTest first1 -->
  <testcase name="@AfterTest first1" time="0.0" classname="com.RM.accelerators.TestEngine">
    <ignored/>
  </testcase> <!-- @AfterTest first1 -->
  <testcase name="@AfterTest first1" time="0.0" classname="com.RM.accelerators.TestEngine">
    <ignored/>
  </testcase> <!-- @AfterTest first1 -->
  <testcase name="@AfterTest first1" time="0.0" classname="com.RM.accelerators.TestEngine">
    <ignored/>
  </testcase> <!-- @AfterTest first1 -->
  <testcase name="@AfterTest first1" time="0.0" classname="com.RM.accelerators.TestEngine">
    <ignored/>
  </testcase> <!-- @AfterTest first1 -->
  <testcase name="@AfterTest first1" time="0.0" classname="com.RM.accelerators.TestEngine">
    <ignored/>
  </testcase> <!-- @AfterTest first1 -->
  <testcase name="@AfterTest first1" time="0.0" classname="com.RM.accelerators.TestEngine">
    <ignored/>
  </testcase> <!-- @AfterTest first1 -->
  <testcase name="@AfterTest first1" time="0.0" classname="com.RM.accelerators.TestEngine">
    <ignored/>
  </testcase> <!-- @AfterTest first1 -->
  <testcase name="@AfterTest first1" time="0.0" classname="com.RM.accelerators.TestEngine">
    <ignored/>
  </testcase> <!-- @AfterTest first1 -->
  <testcase name="@AfterTest first1" time="0.0" classname="com.RM.accelerators.TestEngine">
    <ignored/>
  </testcase> <!-- @AfterTest first1 -->
  <testcase name="@AfterTest first1" time="0.0" classname="com.RM.accelerators.TestEngine">
    <ignored/>
  </testcase> <!-- @AfterTest first1 -->
  <testcase name="@AfterTest first1" time="0.0" classname="com.RM.accelerators.TestEngine">
    <ignored/>
  </testcase> <!-- @AfterTest first1 -->
  <testcase name="@AfterTest first1" time="0.0" classname="com.RM.accelerators.TestEngine">
    <ignored/>
  </testcase> <!-- @AfterTest first1 -->
</testsuite> <!-- RM -->
