<?xml version="1.0" encoding="UTF-8"?>
<!-- Generated by org.testng.reporters.JUnitXMLReporter -->
<testsuite hostname="DSHYD-114" ignored="48" name="FABE" tests="13" failures="2" timestamp="29 Jun 2018 11:53:55 GMT" time="1203.559" errors="0">
  <testcase name="testTC01_RegisterAsNewCompany" time="110.034" classname="com.FABE.scripts.TC01_RegisterAsNewCompany"/>
  <testcase name="testTC02_LoginAsAdminUser" time="53.086" classname="com.FABE.scripts.TC02_LoginAsAdminUser"/>
  <testcase name="testTC03_VerifyProductsMenu" time="52.162" classname="com.FABE.scripts.TC03_VerifyProductsMenu"/>
  <testcase name="testTC04_VerifyUserCreationByAdminUser" time="124.393" classname="com.FABE.scripts.TC04_VerifyUserCreationByAdminUser"/>
  <testcase name="testTC05_VerifyHomePage" time="57.092" classname="com.FABE.scripts.TC05_VerifyHomePage"/>
  <testcase name="testTC06_AddFastenerProductToCart" time="75.828" classname="com.FABE.scripts.TC06_AddFastenerProductToCart"/>
  <testcase name="testTC07_SearchForProductAndAddToCart" time="67.352" classname="com.FABE.scripts.TC07_SearchForProductAndAddToCart"/>
  <testcase name="testTC08_SignUpExistingCompany" time="91.727" classname="com.FABE.scripts.TC08_SignUpExistingCompany"/>
  <testcase name="testTC09_VerifyCheckoutAndSubmitOrder" time="103.663" classname="com.FABE.scripts.TC09_VerifyCheckoutAndSubmitOrder"/>
  <testcase name="testTC10_VerifyCreditCardPayment" time="105.977" classname="com.FABE.scripts.TC10_VerifyCreditCardPayment">
    <failure type="java.lang.IllegalStateException" message="The driver executable does not exist: E:\Automation\Fabory_WebShop\Drivers\chromedriver_2.38.exe">
      <![CDATA[java.lang.IllegalStateException: The driver executable does not exist: E:\Automation\Fabory_WebShop\Drivers\chromedriver_2.38.exe
	at com.google.common.base.Preconditions.checkState(Preconditions.java:585)
	at org.openqa.selenium.remote.service.DriverService.checkExecutable(DriverService.java:136)
	at org.openqa.selenium.remote.service.DriverService.findExecutable(DriverService.java:131)
	at org.openqa.selenium.chrome.ChromeDriverService.access$000(ChromeDriverService.java:33)
	at org.openqa.selenium.chrome.ChromeDriverService$Builder.findDefaultExecutable(ChromeDriverService.java:139)
	at org.openqa.selenium.remote.service.DriverService$Builder.build(DriverService.java:335)
	at org.openqa.selenium.chrome.ChromeDriverService.createDefaultService(ChromeDriverService.java:89)
	at org.openqa.selenium.chrome.ChromeDriver.<init>(ChromeDriver.java:123)
	at com.FABE.accelerators.TestEngine.openBrowser(TestEngine.java:999)
	at com.FABE.accelerators.ActionEngine.catchBlock(ActionEngine.java:2262)
	at com.FABE.scripts.TC10_VerifyCreditCardPayment.testTC10_VerifyCreditCardPayment(TC10_VerifyCreditCardPayment.java:168)
... Removed 25 stack frames]]>
    </failure>
  </testcase> <!-- testTC10_VerifyCreditCardPayment -->
  <testcase name="testTC11_VerifySepaBankTransferPayment" time="131.031" classname="com.FABE.scripts.TC11_VerifySepaBankTransferPayment"/>
  <testcase name="testTC12_VerifySepaBankDebitPayment" time="113.04" classname="com.FABE.scripts.TC12_VerifySepaBankDebitPayment">
    <failure type="java.lang.IllegalStateException" message="The driver executable does not exist: E:\Automation\Fabory_WebShop\Drivers\chromedriver_2.38.exe">
      <![CDATA[java.lang.IllegalStateException: The driver executable does not exist: E:\Automation\Fabory_WebShop\Drivers\chromedriver_2.38.exe
	at com.google.common.base.Preconditions.checkState(Preconditions.java:585)
	at org.openqa.selenium.remote.service.DriverService.checkExecutable(DriverService.java:136)
	at org.openqa.selenium.remote.service.DriverService.findExecutable(DriverService.java:131)
	at org.openqa.selenium.chrome.ChromeDriverService.access$000(ChromeDriverService.java:33)
	at org.openqa.selenium.chrome.ChromeDriverService$Builder.findDefaultExecutable(ChromeDriverService.java:139)
	at org.openqa.selenium.remote.service.DriverService$Builder.build(DriverService.java:335)
	at org.openqa.selenium.chrome.ChromeDriverService.createDefaultService(ChromeDriverService.java:89)
	at org.openqa.selenium.chrome.ChromeDriver.<init>(ChromeDriver.java:123)
	at com.FABE.accelerators.TestEngine.openBrowser(TestEngine.java:999)
	at com.FABE.accelerators.ActionEngine.catchBlock(ActionEngine.java:2262)
	at com.FABE.scripts.TC12_VerifySepaBankDebitPayment.testTC12_VerifySepaBankDebitPayment(TC12_VerifySepaBankDebitPayment.java:166)
... Removed 25 stack frames]]>
    </failure>
  </testcase> <!-- testTC12_VerifySepaBankDebitPayment -->
  <testcase name="testTC13_CheckoutAddNewAddress" time="64.962" classname="com.FABE.scripts.TC13_CheckoutAddNewAddress"/>
  <testcase name="@AfterSuite tearDownFirefox" time="0.0" classname="com.FABE.accelerators.TestEngine">
    <ignored/>
  </testcase> <!-- @AfterSuite tearDownFirefox -->
  <testcase name="@AfterSuite tearDownFirefox" time="0.0" classname="com.FABE.accelerators.TestEngine">
    <ignored/>
  </testcase> <!-- @AfterSuite tearDownFirefox -->
  <testcase name="@AfterSuite tearDownFirefox" time="0.0" classname="com.FABE.accelerators.TestEngine">
    <ignored/>
  </testcase> <!-- @AfterSuite tearDownFirefox -->
  <testcase name="@AfterSuite tearDownFirefox" time="0.0" classname="com.FABE.accelerators.TestEngine">
    <ignored/>
  </testcase> <!-- @AfterSuite tearDownFirefox -->
  <testcase name="@AfterSuite tearDownFirefox" time="0.0" classname="com.FABE.accelerators.TestEngine">
    <ignored/>
  </testcase> <!-- @AfterSuite tearDownFirefox -->
  <testcase name="@AfterSuite tearDownFirefox" time="0.0" classname="com.FABE.accelerators.TestEngine">
    <ignored/>
  </testcase> <!-- @AfterSuite tearDownFirefox -->
  <testcase name="@AfterSuite tearDownFirefox" time="0.0" classname="com.FABE.accelerators.TestEngine">
    <ignored/>
  </testcase> <!-- @AfterSuite tearDownFirefox -->
  <testcase name="@AfterSuite tearDownFirefox" time="0.0" classname="com.FABE.accelerators.TestEngine">
    <ignored/>
  </testcase> <!-- @AfterSuite tearDownFirefox -->
  <testcase name="@AfterSuite tearDownFirefox" time="0.0" classname="com.FABE.accelerators.TestEngine">
    <ignored/>
  </testcase> <!-- @AfterSuite tearDownFirefox -->
  <testcase name="@AfterSuite tearDownFirefox" time="0.0" classname="com.FABE.accelerators.TestEngine">
    <ignored/>
  </testcase> <!-- @AfterSuite tearDownFirefox -->
  <testcase name="@AfterSuite tearDownFirefox" time="0.0" classname="com.FABE.accelerators.TestEngine">
    <ignored/>
  </testcase> <!-- @AfterSuite tearDownFirefox -->
  <testcase name="@AfterSuite tearDownFirefox" time="0.0" classname="com.FABE.accelerators.TestEngine">
    <ignored/>
  </testcase> <!-- @AfterSuite tearDownFirefox -->
  <testcase name="@BeforeTest first" time="0.0" classname="com.FABE.accelerators.TestEngine">
    <ignored/>
  </testcase> <!-- @BeforeTest first -->
  <testcase name="@BeforeTest first" time="0.0" classname="com.FABE.accelerators.TestEngine">
    <ignored/>
  </testcase> <!-- @BeforeTest first -->
  <testcase name="@BeforeTest first" time="0.0" classname="com.FABE.accelerators.TestEngine">
    <ignored/>
  </testcase> <!-- @BeforeTest first -->
  <testcase name="@BeforeTest first" time="0.0" classname="com.FABE.accelerators.TestEngine">
    <ignored/>
  </testcase> <!-- @BeforeTest first -->
  <testcase name="@BeforeTest first" time="0.0" classname="com.FABE.accelerators.TestEngine">
    <ignored/>
  </testcase> <!-- @BeforeTest first -->
  <testcase name="@BeforeTest first" time="0.0" classname="com.FABE.accelerators.TestEngine">
    <ignored/>
  </testcase> <!-- @BeforeTest first -->
  <testcase name="@BeforeTest first" time="0.0" classname="com.FABE.accelerators.TestEngine">
    <ignored/>
  </testcase> <!-- @BeforeTest first -->
  <testcase name="@BeforeTest first" time="0.0" classname="com.FABE.accelerators.TestEngine">
    <ignored/>
  </testcase> <!-- @BeforeTest first -->
  <testcase name="@BeforeTest first" time="0.0" classname="com.FABE.accelerators.TestEngine">
    <ignored/>
  </testcase> <!-- @BeforeTest first -->
  <testcase name="@BeforeTest first" time="0.0" classname="com.FABE.accelerators.TestEngine">
    <ignored/>
  </testcase> <!-- @BeforeTest first -->
  <testcase name="@BeforeTest first" time="0.0" classname="com.FABE.accelerators.TestEngine">
    <ignored/>
  </testcase> <!-- @BeforeTest first -->
  <testcase name="@BeforeTest first" time="0.0" classname="com.FABE.accelerators.TestEngine">
    <ignored/>
  </testcase> <!-- @BeforeTest first -->
  <testcase name="@BeforeSuite suiteFirst" time="0.0" classname="com.FABE.accelerators.TestEngine">
    <ignored/>
  </testcase> <!-- @BeforeSuite suiteFirst -->
  <testcase name="@BeforeSuite suiteFirst" time="0.0" classname="com.FABE.accelerators.TestEngine">
    <ignored/>
  </testcase> <!-- @BeforeSuite suiteFirst -->
  <testcase name="@BeforeSuite suiteFirst" time="0.0" classname="com.FABE.accelerators.TestEngine">
    <ignored/>
  </testcase> <!-- @BeforeSuite suiteFirst -->
  <testcase name="@BeforeSuite suiteFirst" time="0.0" classname="com.FABE.accelerators.TestEngine">
    <ignored/>
  </testcase> <!-- @BeforeSuite suiteFirst -->
  <testcase name="@BeforeSuite suiteFirst" time="0.0" classname="com.FABE.accelerators.TestEngine">
    <ignored/>
  </testcase> <!-- @BeforeSuite suiteFirst -->
  <testcase name="@BeforeSuite suiteFirst" time="0.0" classname="com.FABE.accelerators.TestEngine">
    <ignored/>
  </testcase> <!-- @BeforeSuite suiteFirst -->
  <testcase name="@BeforeSuite suiteFirst" time="0.0" classname="com.FABE.accelerators.TestEngine">
    <ignored/>
  </testcase> <!-- @BeforeSuite suiteFirst -->
  <testcase name="@BeforeSuite suiteFirst" time="0.0" classname="com.FABE.accelerators.TestEngine">
    <ignored/>
  </testcase> <!-- @BeforeSuite suiteFirst -->
  <testcase name="@BeforeSuite suiteFirst" time="0.0" classname="com.FABE.accelerators.TestEngine">
    <ignored/>
  </testcase> <!-- @BeforeSuite suiteFirst -->
  <testcase name="@BeforeSuite suiteFirst" time="0.0" classname="com.FABE.accelerators.TestEngine">
    <ignored/>
  </testcase> <!-- @BeforeSuite suiteFirst -->
  <testcase name="@BeforeSuite suiteFirst" time="0.0" classname="com.FABE.accelerators.TestEngine">
    <ignored/>
  </testcase> <!-- @BeforeSuite suiteFirst -->
  <testcase name="@BeforeSuite suiteFirst" time="0.0" classname="com.FABE.accelerators.TestEngine">
    <ignored/>
  </testcase> <!-- @BeforeSuite suiteFirst -->
  <testcase name="@AfterTest first1" time="0.0" classname="com.FABE.accelerators.TestEngine">
    <ignored/>
  </testcase> <!-- @AfterTest first1 -->
  <testcase name="@AfterTest first1" time="0.0" classname="com.FABE.accelerators.TestEngine">
    <ignored/>
  </testcase> <!-- @AfterTest first1 -->
  <testcase name="@AfterTest first1" time="0.0" classname="com.FABE.accelerators.TestEngine">
    <ignored/>
  </testcase> <!-- @AfterTest first1 -->
  <testcase name="@AfterTest first1" time="0.0" classname="com.FABE.accelerators.TestEngine">
    <ignored/>
  </testcase> <!-- @AfterTest first1 -->
  <testcase name="@AfterTest first1" time="0.0" classname="com.FABE.accelerators.TestEngine">
    <ignored/>
  </testcase> <!-- @AfterTest first1 -->
  <testcase name="@AfterTest first1" time="0.0" classname="com.FABE.accelerators.TestEngine">
    <ignored/>
  </testcase> <!-- @AfterTest first1 -->
  <testcase name="@AfterTest first1" time="0.0" classname="com.FABE.accelerators.TestEngine">
    <ignored/>
  </testcase> <!-- @AfterTest first1 -->
  <testcase name="@AfterTest first1" time="0.0" classname="com.FABE.accelerators.TestEngine">
    <ignored/>
  </testcase> <!-- @AfterTest first1 -->
  <testcase name="@AfterTest first1" time="0.0" classname="com.FABE.accelerators.TestEngine">
    <ignored/>
  </testcase> <!-- @AfterTest first1 -->
  <testcase name="@AfterTest first1" time="0.0" classname="com.FABE.accelerators.TestEngine">
    <ignored/>
  </testcase> <!-- @AfterTest first1 -->
  <testcase name="@AfterTest first1" time="0.0" classname="com.FABE.accelerators.TestEngine">
    <ignored/>
  </testcase> <!-- @AfterTest first1 -->
  <testcase name="@AfterTest first1" time="0.0" classname="com.FABE.accelerators.TestEngine">
    <ignored/>
  </testcase> <!-- @AfterTest first1 -->
</testsuite> <!-- FABE -->
