<html>
<head>
<title>TestNG:  FABE</title>
<link href="../testng.css" rel="stylesheet" type="text/css" />
<link href="../my-testng.css" rel="stylesheet" type="text/css" />

<style type="text/css">
.log { display: none;} 
.stack-trace { display: none;} 
</style>
<script type="text/javascript">
<!--
function flip(e) {
  current = e.style.display;
  if (current == 'block') {
    e.style.display = 'none';
    return 0;
  }
  else {
    e.style.display = 'block';
    return 1;
  }
}

function toggleBox(szDivId, elem, msg1, msg2)
{
  var res = -1;  if (document.getElementById) {
    res = flip(document.getElementById(szDivId));
  }
  else if (document.all) {
    // this is the way old msie versions work
    res = flip(document.all[szDivId]);
  }
  if(elem) {
    if(res == 0) elem.innerHTML = msg1; else elem.innerHTML = msg2;
  }

}

function toggleAllBoxes() {
  if (document.getElementsByTagName) {
    d = document.getElementsByTagName('div');
    for (i = 0; i < d.length; i++) {
      if (d[i].className == 'log') {
        flip(d[i]);
      }
    }
  }
}

// -->
</script>

</head>
<body>
<h2 align='center'>FABE</h2><table border='1' align="center">
<tr>
<td>Tests passed/Failed/Skipped:</td><td>11/2/0</td>
</tr><tr>
<td>Started on:</td><td>Fri Jun 29 17:03:52 IST 2018</td>
</tr>
<tr><td>Total time:</td><td>1203 seconds (1203559 ms)</td>
</tr><tr>
<td>Included groups:</td><td></td>
</tr><tr>
<td>Excluded groups:</td><td></td>
</tr>
</table><p/>
<small><i>(Hover the method name to see the test class name)</i></small><p/>
<table width='100%' border='1' class='invocation-failed'>
<tr><td colspan='4' align='center'><b>FAILED TESTS</b></td></tr>
<tr><td><b>Test method</b></td>
<td width="30%"><b>Exception</b></td>
<td width="10%"><b>Time (seconds)</b></td>
<td><b>Instance</b></td>
</tr>
<tr>
<td title='com.FABE.scripts.TC10_VerifyCreditCardPayment.testTC10_VerifyCreditCardPayment()'><b>testTC10_VerifyCreditCardPayment</b><br>Test class: com.FABE.scripts.TC10_VerifyCreditCardPayment</td>
<td><div><pre>java.lang.IllegalStateException: The driver executable does not exist: E:\Automation\Fabory_WebShop\Drivers\chromedriver_2.38.exe
	at com.google.common.base.Preconditions.checkState(Preconditions.java:585)
	at org.openqa.selenium.remote.service.DriverService.checkExecutable(DriverService.java:136)
	at org.openqa.selenium.remote.service.DriverService.findExecutable(DriverService.java:131)
	at org.openqa.selenium.chrome.ChromeDriverService.access$000(ChromeDriverService.java:33)
	at org.openqa.selenium.chrome.ChromeDriverService$Builder.findDefaultExecutable(ChromeDriverService.java:139)
	at org.openqa.selenium.remote.service.DriverService$Builder.build(DriverService.java:335)
	at org.openqa.selenium.chrome.ChromeDriverService.createDefaultService(ChromeDriverService.java:89)
	at org.openqa.selenium.chrome.ChromeDriver.&lt;init&gt;(ChromeDriver.java:123)
	at com.FABE.accelerators.TestEngine.openBrowser(TestEngine.java:999)
	at com.FABE.accelerators.ActionEngine.catchBlock(ActionEngine.java:2262)
	at com.FABE.scripts.TC10_VerifyCreditCardPayment.testTC10_VerifyCreditCardPayment(TC10_VerifyCreditCardPayment.java:168)
... Removed 25 stack frames</pre></div><a href='#' onClick='toggleBox("stack-trace521875817", this, "Click to show all stack frames", "Click to hide stack frames")'>Click to show all stack frames</a>
<div class='stack-trace' id='stack-trace521875817'><pre>java.lang.IllegalStateException: The driver executable does not exist: E:\Automation\Fabory_WebShop\Drivers\chromedriver_2.38.exe
	at com.google.common.base.Preconditions.checkState(Preconditions.java:585)
	at org.openqa.selenium.remote.service.DriverService.checkExecutable(DriverService.java:136)
	at org.openqa.selenium.remote.service.DriverService.findExecutable(DriverService.java:131)
	at org.openqa.selenium.chrome.ChromeDriverService.access$000(ChromeDriverService.java:33)
	at org.openqa.selenium.chrome.ChromeDriverService$Builder.findDefaultExecutable(ChromeDriverService.java:139)
	at org.openqa.selenium.remote.service.DriverService$Builder.build(DriverService.java:335)
	at org.openqa.selenium.chrome.ChromeDriverService.createDefaultService(ChromeDriverService.java:89)
	at org.openqa.selenium.chrome.ChromeDriver.&lt;init&gt;(ChromeDriver.java:123)
	at com.FABE.accelerators.TestEngine.openBrowser(TestEngine.java:999)
	at com.FABE.accelerators.ActionEngine.catchBlock(ActionEngine.java:2262)
	at com.FABE.scripts.TC10_VerifyCreditCardPayment.testTC10_VerifyCreditCardPayment(TC10_VerifyCreditCardPayment.java:168)
	at sun.reflect.NativeMethodAccessorImpl.invoke0(Native Method)
	at sun.reflect.NativeMethodAccessorImpl.invoke(NativeMethodAccessorImpl.java:62)
	at sun.reflect.DelegatingMethodAccessorImpl.invoke(DelegatingMethodAccessorImpl.java:43)
	at java.lang.reflect.Method.invoke(Method.java:498)
	at org.testng.internal.MethodInvocationHelper.invokeMethod(MethodInvocationHelper.java:108)
	at org.testng.internal.Invoker.invokeMethod(Invoker.java:661)
	at org.testng.internal.Invoker.invokeTestMethod(Invoker.java:869)
	at org.testng.internal.Invoker.invokeTestMethods(Invoker.java:1193)
	at org.testng.internal.TestMethodWorker.invokeTestMethods(TestMethodWorker.java:126)
	at org.testng.internal.TestMethodWorker.run(TestMethodWorker.java:109)
	at org.testng.TestRunner.privateRun(TestRunner.java:744)
	at org.testng.TestRunner.run(TestRunner.java:602)
	at org.testng.SuiteRunner.runTest(SuiteRunner.java:380)
	at org.testng.SuiteRunner.runSequentially(SuiteRunner.java:375)
	at org.testng.SuiteRunner.privateRun(SuiteRunner.java:340)
	at org.testng.SuiteRunner.run(SuiteRunner.java:289)
	at org.testng.SuiteRunnerWorker.runSuite(SuiteRunnerWorker.java:52)
	at org.testng.SuiteRunnerWorker.run(SuiteRunnerWorker.java:86)
	at org.testng.TestNG.runSuitesSequentially(TestNG.java:1301)
	at org.testng.TestNG.runSuitesLocally(TestNG.java:1226)
	at org.testng.TestNG.runSuites(TestNG.java:1144)
	at org.testng.TestNG.run(TestNG.java:1115)
	at org.testng.remote.AbstractRemoteTestNG.run(AbstractRemoteTestNG.java:114)
	at org.testng.remote.RemoteTestNG.initAndRun(RemoteTestNG.java:251)
	at org.testng.remote.RemoteTestNG.main(RemoteTestNG.java:77)
</pre></div></td>
<td>105</td>
<td>com.FABE.scripts.TC10_VerifyCreditCardPayment@cb0ed20</td></tr>
<tr>
<td title='com.FABE.scripts.TC12_VerifySepaBankDebitPayment.testTC12_VerifySepaBankDebitPayment()'><b>testTC12_VerifySepaBankDebitPayment</b><br>Test class: com.FABE.scripts.TC12_VerifySepaBankDebitPayment</td>
<td><div><pre>java.lang.IllegalStateException: The driver executable does not exist: E:\Automation\Fabory_WebShop\Drivers\chromedriver_2.38.exe
	at com.google.common.base.Preconditions.checkState(Preconditions.java:585)
	at org.openqa.selenium.remote.service.DriverService.checkExecutable(DriverService.java:136)
	at org.openqa.selenium.remote.service.DriverService.findExecutable(DriverService.java:131)
	at org.openqa.selenium.chrome.ChromeDriverService.access$000(ChromeDriverService.java:33)
	at org.openqa.selenium.chrome.ChromeDriverService$Builder.findDefaultExecutable(ChromeDriverService.java:139)
	at org.openqa.selenium.remote.service.DriverService$Builder.build(DriverService.java:335)
	at org.openqa.selenium.chrome.ChromeDriverService.createDefaultService(ChromeDriverService.java:89)
	at org.openqa.selenium.chrome.ChromeDriver.&lt;init&gt;(ChromeDriver.java:123)
	at com.FABE.accelerators.TestEngine.openBrowser(TestEngine.java:999)
	at com.FABE.accelerators.ActionEngine.catchBlock(ActionEngine.java:2262)
	at com.FABE.scripts.TC12_VerifySepaBankDebitPayment.testTC12_VerifySepaBankDebitPayment(TC12_VerifySepaBankDebitPayment.java:166)
... Removed 25 stack frames</pre></div><a href='#' onClick='toggleBox("stack-trace2048465645", this, "Click to show all stack frames", "Click to hide stack frames")'>Click to show all stack frames</a>
<div class='stack-trace' id='stack-trace2048465645'><pre>java.lang.IllegalStateException: The driver executable does not exist: E:\Automation\Fabory_WebShop\Drivers\chromedriver_2.38.exe
	at com.google.common.base.Preconditions.checkState(Preconditions.java:585)
	at org.openqa.selenium.remote.service.DriverService.checkExecutable(DriverService.java:136)
	at org.openqa.selenium.remote.service.DriverService.findExecutable(DriverService.java:131)
	at org.openqa.selenium.chrome.ChromeDriverService.access$000(ChromeDriverService.java:33)
	at org.openqa.selenium.chrome.ChromeDriverService$Builder.findDefaultExecutable(ChromeDriverService.java:139)
	at org.openqa.selenium.remote.service.DriverService$Builder.build(DriverService.java:335)
	at org.openqa.selenium.chrome.ChromeDriverService.createDefaultService(ChromeDriverService.java:89)
	at org.openqa.selenium.chrome.ChromeDriver.&lt;init&gt;(ChromeDriver.java:123)
	at com.FABE.accelerators.TestEngine.openBrowser(TestEngine.java:999)
	at com.FABE.accelerators.ActionEngine.catchBlock(ActionEngine.java:2262)
	at com.FABE.scripts.TC12_VerifySepaBankDebitPayment.testTC12_VerifySepaBankDebitPayment(TC12_VerifySepaBankDebitPayment.java:166)
	at sun.reflect.NativeMethodAccessorImpl.invoke0(Native Method)
	at sun.reflect.NativeMethodAccessorImpl.invoke(NativeMethodAccessorImpl.java:62)
	at sun.reflect.DelegatingMethodAccessorImpl.invoke(DelegatingMethodAccessorImpl.java:43)
	at java.lang.reflect.Method.invoke(Method.java:498)
	at org.testng.internal.MethodInvocationHelper.invokeMethod(MethodInvocationHelper.java:108)
	at org.testng.internal.Invoker.invokeMethod(Invoker.java:661)
	at org.testng.internal.Invoker.invokeTestMethod(Invoker.java:869)
	at org.testng.internal.Invoker.invokeTestMethods(Invoker.java:1193)
	at org.testng.internal.TestMethodWorker.invokeTestMethods(TestMethodWorker.java:126)
	at org.testng.internal.TestMethodWorker.run(TestMethodWorker.java:109)
	at org.testng.TestRunner.privateRun(TestRunner.java:744)
	at org.testng.TestRunner.run(TestRunner.java:602)
	at org.testng.SuiteRunner.runTest(SuiteRunner.java:380)
	at org.testng.SuiteRunner.runSequentially(SuiteRunner.java:375)
	at org.testng.SuiteRunner.privateRun(SuiteRunner.java:340)
	at org.testng.SuiteRunner.run(SuiteRunner.java:289)
	at org.testng.SuiteRunnerWorker.runSuite(SuiteRunnerWorker.java:52)
	at org.testng.SuiteRunnerWorker.run(SuiteRunnerWorker.java:86)
	at org.testng.TestNG.runSuitesSequentially(TestNG.java:1301)
	at org.testng.TestNG.runSuitesLocally(TestNG.java:1226)
	at org.testng.TestNG.runSuites(TestNG.java:1144)
	at org.testng.TestNG.run(TestNG.java:1115)
	at org.testng.remote.AbstractRemoteTestNG.run(AbstractRemoteTestNG.java:114)
	at org.testng.remote.RemoteTestNG.initAndRun(RemoteTestNG.java:251)
	at org.testng.remote.RemoteTestNG.main(RemoteTestNG.java:77)
</pre></div></td>
<td>113</td>
<td>com.FABE.scripts.TC12_VerifySepaBankDebitPayment@74a10858</td></tr>
</table><p>
<table width='100%' border='1' class='invocation-passed'>
<tr><td colspan='4' align='center'><b>PASSED TESTS</b></td></tr>
<tr><td><b>Test method</b></td>
<td width="30%"><b>Exception</b></td>
<td width="10%"><b>Time (seconds)</b></td>
<td><b>Instance</b></td>
</tr>
<tr>
<td title='com.FABE.scripts.TC01_RegisterAsNewCompany.testTC01_RegisterAsNewCompany()'><b>testTC01_RegisterAsNewCompany</b><br>Test class: com.FABE.scripts.TC01_RegisterAsNewCompany</td>
<td></td>
<td>110</td>
<td>com.FABE.scripts.TC01_RegisterAsNewCompany@192d3247</td></tr>
<tr>
<td title='com.FABE.scripts.TC02_LoginAsAdminUser.testTC02_LoginAsAdminUser()'><b>testTC02_LoginAsAdminUser</b><br>Test class: com.FABE.scripts.TC02_LoginAsAdminUser</td>
<td></td>
<td>53</td>
<td>com.FABE.scripts.TC02_LoginAsAdminUser@3ecd23d9</td></tr>
<tr>
<td title='com.FABE.scripts.TC03_VerifyProductsMenu.testTC03_VerifyProductsMenu()'><b>testTC03_VerifyProductsMenu</b><br>Test class: com.FABE.scripts.TC03_VerifyProductsMenu</td>
<td></td>
<td>52</td>
<td>com.FABE.scripts.TC03_VerifyProductsMenu@569cfc36</td></tr>
<tr>
<td title='com.FABE.scripts.TC04_VerifyUserCreationByAdminUser.testTC04_VerifyUserCreationByAdminUser()'><b>testTC04_VerifyUserCreationByAdminUser</b><br>Test class: com.FABE.scripts.TC04_VerifyUserCreationByAdminUser</td>
<td></td>
<td>124</td>
<td>com.FABE.scripts.TC04_VerifyUserCreationByAdminUser@43bd930a</td></tr>
<tr>
<td title='com.FABE.scripts.TC05_VerifyHomePage.testTC05_VerifyHomePage()'><b>testTC05_VerifyHomePage</b><br>Test class: com.FABE.scripts.TC05_VerifyHomePage</td>
<td></td>
<td>57</td>
<td>com.FABE.scripts.TC05_VerifyHomePage@33723e30</td></tr>
<tr>
<td title='com.FABE.scripts.TC06_AddFastenerProductToCart.testTC06_AddFastenerProductToCart()'><b>testTC06_AddFastenerProductToCart</b><br>Test class: com.FABE.scripts.TC06_AddFastenerProductToCart</td>
<td></td>
<td>75</td>
<td>com.FABE.scripts.TC06_AddFastenerProductToCart@64f6106c</td></tr>
<tr>
<td title='com.FABE.scripts.TC07_SearchForProductAndAddToCart.testTC07_SearchForProductAndAddToCart()'><b>testTC07_SearchForProductAndAddToCart</b><br>Test class: com.FABE.scripts.TC07_SearchForProductAndAddToCart</td>
<td></td>
<td>67</td>
<td>com.FABE.scripts.TC07_SearchForProductAndAddToCart@553a3d88</td></tr>
<tr>
<td title='com.FABE.scripts.TC08_SignUpExistingCompany.testTC08_SignUpExistingCompany()'><b>testTC08_SignUpExistingCompany</b><br>Test class: com.FABE.scripts.TC08_SignUpExistingCompany</td>
<td></td>
<td>91</td>
<td>com.FABE.scripts.TC08_SignUpExistingCompany@7a30d1e6</td></tr>
<tr>
<td title='com.FABE.scripts.TC09_VerifyCheckoutAndSubmitOrder.testTC09_VerifyCheckoutAndSubmitOrder()'><b>testTC09_VerifyCheckoutAndSubmitOrder</b><br>Test class: com.FABE.scripts.TC09_VerifyCheckoutAndSubmitOrder</td>
<td></td>
<td>103</td>
<td>com.FABE.scripts.TC09_VerifyCheckoutAndSubmitOrder@5891e32e</td></tr>
<tr>
<td title='com.FABE.scripts.TC11_VerifySepaBankTransferPayment.testTC11_VerifySepaBankTransferPayment()'><b>testTC11_VerifySepaBankTransferPayment</b><br>Test class: com.FABE.scripts.TC11_VerifySepaBankTransferPayment</td>
<td></td>
<td>131</td>
<td>com.FABE.scripts.TC11_VerifySepaBankTransferPayment@8e24743</td></tr>
<tr>
<td title='com.FABE.scripts.TC13_CheckoutAddNewAddress.testTC13_CheckoutAddNewAddress()'><b>testTC13_CheckoutAddNewAddress</b><br>Test class: com.FABE.scripts.TC13_CheckoutAddNewAddress</td>
<td></td>
<td>64</td>
<td>com.FABE.scripts.TC13_CheckoutAddNewAddress@23fe1d71</td></tr>
</table><p>
</body>
</html>