<?xml version="1.0" encoding="UTF-8"?>
<!-- Generated by org.testng.reporters.JUnitXMLReporter -->
<testsuite hostname="DSHYD-114" ignored="16" name="RM" tests="5" failures="4" timestamp="14 May 2018 14:06:13 GMT" time="320.064" errors="0">
  <testcase name="testTC1_SignUpNewCompany" time="88.234" classname="com.FABE.scripts.TC1_SignUpNewCompany"/>
  <testcase name="testTC2_LoginAsAdminUser" time="46.998" classname="com.FABE.scripts.TC2_LoginAsAdminUser">
    <failure type="java.lang.IllegalStateException" message="The driver executable does not exist: E:\Automation\Latest_Framework\Drivers\chromedriver.exe">
      <![CDATA[java.lang.IllegalStateException: The driver executable does not exist: E:\Automation\Latest_Framework\Drivers\chromedriver.exe
	at com.google.common.base.Preconditions.checkState(Preconditions.java:199)
	at org.openqa.selenium.remote.service.DriverService.checkExecutable(DriverService.java:121)
	at org.openqa.selenium.remote.service.DriverService.findExecutable(DriverService.java:116)
	at org.openqa.selenium.chrome.ChromeDriverService.access$000(ChromeDriverService.java:32)
	at org.openqa.selenium.chrome.ChromeDriverService$Builder.findDefaultExecutable(ChromeDriverService.java:137)
	at org.openqa.selenium.remote.service.DriverService$Builder.build(DriverService.java:296)
	at org.openqa.selenium.chrome.ChromeDriverService.createDefaultService(ChromeDriverService.java:88)
	at org.openqa.selenium.chrome.ChromeDriver.<init>(ChromeDriver.java:116)
	at com.FABE.accelerators.TestEngine.openBrowser(TestEngine.java:995)
	at com.FABE.accelerators.ActionEngine.catchBlock(ActionEngine.java:2237)
	at com.FABE.scripts.TC2_LoginAsAdminUser.testTC2_LoginAsAdminUser(TC2_LoginAsAdminUser.java:65)
... Removed 25 stack frames]]>
    </failure>
  </testcase> <!-- testTC2_LoginAsAdminUser -->
  <testcase name="testTC3_VerifyProductsMenu" time="42.953" classname="com.FABE.scripts.TC3_VerifyProductsMenu">
    <failure type="java.lang.IllegalStateException" message="The driver executable does not exist: E:\Automation\Latest_Framework\Drivers\chromedriver.exe">
      <![CDATA[java.lang.IllegalStateException: The driver executable does not exist: E:\Automation\Latest_Framework\Drivers\chromedriver.exe
	at com.google.common.base.Preconditions.checkState(Preconditions.java:199)
	at org.openqa.selenium.remote.service.DriverService.checkExecutable(DriverService.java:121)
	at org.openqa.selenium.remote.service.DriverService.findExecutable(DriverService.java:116)
	at org.openqa.selenium.chrome.ChromeDriverService.access$000(ChromeDriverService.java:32)
	at org.openqa.selenium.chrome.ChromeDriverService$Builder.findDefaultExecutable(ChromeDriverService.java:137)
	at org.openqa.selenium.remote.service.DriverService$Builder.build(DriverService.java:296)
	at org.openqa.selenium.chrome.ChromeDriverService.createDefaultService(ChromeDriverService.java:88)
	at org.openqa.selenium.chrome.ChromeDriver.<init>(ChromeDriver.java:116)
	at com.FABE.accelerators.TestEngine.openBrowser(TestEngine.java:995)
	at com.FABE.accelerators.ActionEngine.catchBlock(ActionEngine.java:2237)
	at com.FABE.scripts.TC3_VerifyProductsMenu.testTC3_VerifyProductsMenu(TC3_VerifyProductsMenu.java:81)
... Removed 25 stack frames]]>
    </failure>
  </testcase> <!-- testTC3_VerifyProductsMenu -->
  <testcase name="testTC4_VerifyUserCreationByAdminUser" time="54.743" classname="com.FABE.scripts.TC4_VerifyUserCreationByAdminUser">
    <failure type="java.lang.IllegalStateException" message="The driver executable does not exist: E:\Automation\Latest_Framework\Drivers\chromedriver.exe">
      <![CDATA[java.lang.IllegalStateException: The driver executable does not exist: E:\Automation\Latest_Framework\Drivers\chromedriver.exe
	at com.google.common.base.Preconditions.checkState(Preconditions.java:199)
	at org.openqa.selenium.remote.service.DriverService.checkExecutable(DriverService.java:121)
	at org.openqa.selenium.remote.service.DriverService.findExecutable(DriverService.java:116)
	at org.openqa.selenium.chrome.ChromeDriverService.access$000(ChromeDriverService.java:32)
	at org.openqa.selenium.chrome.ChromeDriverService$Builder.findDefaultExecutable(ChromeDriverService.java:137)
	at org.openqa.selenium.remote.service.DriverService$Builder.build(DriverService.java:296)
	at org.openqa.selenium.chrome.ChromeDriverService.createDefaultService(ChromeDriverService.java:88)
	at org.openqa.selenium.chrome.ChromeDriver.<init>(ChromeDriver.java:116)
	at com.FABE.accelerators.TestEngine.openBrowser(TestEngine.java:995)
	at com.FABE.accelerators.ActionEngine.catchBlock(ActionEngine.java:2237)
	at com.FABE.scripts.TC4_VerifyUserCreationByAdminUser.testTC4_VerifyUserCreationByAdminUser(TC4_VerifyUserCreationByAdminUser.java:95)
... Removed 25 stack frames]]>
    </failure>
  </testcase> <!-- testTC4_VerifyUserCreationByAdminUser -->
  <testcase name="testTC5_VerifyHomePage" time="63.467" classname="com.FABE.scripts.TC5_VerifyHomePage">
    <failure type="java.lang.IllegalStateException" message="The driver executable does not exist: E:\Automation\Latest_Framework\Drivers\chromedriver.exe">
      <![CDATA[java.lang.IllegalStateException: The driver executable does not exist: E:\Automation\Latest_Framework\Drivers\chromedriver.exe
	at com.google.common.base.Preconditions.checkState(Preconditions.java:199)
	at org.openqa.selenium.remote.service.DriverService.checkExecutable(DriverService.java:121)
	at org.openqa.selenium.remote.service.DriverService.findExecutable(DriverService.java:116)
	at org.openqa.selenium.chrome.ChromeDriverService.access$000(ChromeDriverService.java:32)
	at org.openqa.selenium.chrome.ChromeDriverService$Builder.findDefaultExecutable(ChromeDriverService.java:137)
	at org.openqa.selenium.remote.service.DriverService$Builder.build(DriverService.java:296)
	at org.openqa.selenium.chrome.ChromeDriverService.createDefaultService(ChromeDriverService.java:88)
	at org.openqa.selenium.chrome.ChromeDriver.<init>(ChromeDriver.java:116)
	at com.FABE.accelerators.TestEngine.openBrowser(TestEngine.java:995)
	at com.FABE.accelerators.ActionEngine.catchBlock(ActionEngine.java:2237)
	at com.FABE.scripts.TC5_VerifyHomePage.testTC5_VerifyHomePage(TC5_VerifyHomePage.java:63)
... Removed 25 stack frames]]>
    </failure>
  </testcase> <!-- testTC5_VerifyHomePage -->
  <testcase name="@BeforeSuite suiteFirst" time="0.0" classname="com.FABE.accelerators.TestEngine">
    <ignored/>
  </testcase> <!-- @BeforeSuite suiteFirst -->
  <testcase name="@BeforeSuite suiteFirst" time="0.0" classname="com.FABE.accelerators.TestEngine">
    <ignored/>
  </testcase> <!-- @BeforeSuite suiteFirst -->
  <testcase name="@BeforeSuite suiteFirst" time="0.0" classname="com.FABE.accelerators.TestEngine">
    <ignored/>
  </testcase> <!-- @BeforeSuite suiteFirst -->
  <testcase name="@BeforeSuite suiteFirst" time="0.0" classname="com.FABE.accelerators.TestEngine">
    <ignored/>
  </testcase> <!-- @BeforeSuite suiteFirst -->
  <testcase name="@AfterSuite tearDownFirefox" time="0.0" classname="com.FABE.accelerators.TestEngine">
    <ignored/>
  </testcase> <!-- @AfterSuite tearDownFirefox -->
  <testcase name="@AfterSuite tearDownFirefox" time="0.0" classname="com.FABE.accelerators.TestEngine">
    <ignored/>
  </testcase> <!-- @AfterSuite tearDownFirefox -->
  <testcase name="@AfterSuite tearDownFirefox" time="0.0" classname="com.FABE.accelerators.TestEngine">
    <ignored/>
  </testcase> <!-- @AfterSuite tearDownFirefox -->
  <testcase name="@AfterSuite tearDownFirefox" time="0.0" classname="com.FABE.accelerators.TestEngine">
    <ignored/>
  </testcase> <!-- @AfterSuite tearDownFirefox -->
  <testcase name="@BeforeTest first" time="0.0" classname="com.FABE.accelerators.TestEngine">
    <ignored/>
  </testcase> <!-- @BeforeTest first -->
  <testcase name="@BeforeTest first" time="0.0" classname="com.FABE.accelerators.TestEngine">
    <ignored/>
  </testcase> <!-- @BeforeTest first -->
  <testcase name="@BeforeTest first" time="0.0" classname="com.FABE.accelerators.TestEngine">
    <ignored/>
  </testcase> <!-- @BeforeTest first -->
  <testcase name="@BeforeTest first" time="0.0" classname="com.FABE.accelerators.TestEngine">
    <ignored/>
  </testcase> <!-- @BeforeTest first -->
  <testcase name="@AfterTest first1" time="0.0" classname="com.FABE.accelerators.TestEngine">
    <ignored/>
  </testcase> <!-- @AfterTest first1 -->
  <testcase name="@AfterTest first1" time="0.0" classname="com.FABE.accelerators.TestEngine">
    <ignored/>
  </testcase> <!-- @AfterTest first1 -->
  <testcase name="@AfterTest first1" time="0.0" classname="com.FABE.accelerators.TestEngine">
    <ignored/>
  </testcase> <!-- @AfterTest first1 -->
  <testcase name="@AfterTest first1" time="0.0" classname="com.FABE.accelerators.TestEngine">
    <ignored/>
  </testcase> <!-- @AfterTest first1 -->
</testsuite> <!-- RM -->
