<!DOCTYPE html>

<html>
  <head>
  <meta charset='utf-8'>
  <title>TestNG reports</title>

    <link type="text/css" href="testng-reports.css" rel="stylesheet" />
    <script type="text/javascript" src="jquery-1.7.1.min.js"></script>
    <script type="text/javascript" src="testng-reports.js"></script>
    <script type="text/javascript" src="https://www.google.com/jsapi"></script>
    <script type='text/javascript'>
      google.load('visualization', '1', {packages:['table']});
      google.setOnLoadCallback(drawTable);
      var suiteTableInitFunctions = new Array();
      var suiteTableData = new Array();
    </script>
    <!--
      <script type="text/javascript" src="jquery-ui/js/jquery-ui-1.8.16.custom.min.js"></script>
     -->
  </head>

  <body>
    <div class="top-banner-root">
      <span class="top-banner-title-font">Test results</span>
      <br/>
      <span class="top-banner-font-1">1 suite, 12 failed tests</span>
    </div> <!-- top-banner-root -->
    <div class="navigator-root">
      <div class="navigator-suite-header">
        <span>All suites</span>
        <a href="#" class="collapse-all-link" title="Collapse/expand all the suites">
          <img class="collapse-all-icon" src="collapseall.gif">
          </img> <!-- collapse-all-icon -->
        </a> <!-- collapse-all-link -->
      </div> <!-- navigator-suite-header -->
      <div class="suite">
        <div class="rounded-window">
          <div class="suite-header light-rounded-window-top">
            <a href="#" class="navigator-link" panel-name="suite-Test-method_Suite">
              <span class="suite-name border-failed">Test-method Suite</span>
            </a> <!-- navigator-link -->
          </div> <!-- suite-header light-rounded-window-top -->
          <div class="navigator-suite-content">
            <div class="suite-section-title">
              <span>Info</span>
            </div> <!-- suite-section-title -->
            <div class="suite-section-content">
              <ul>
                <li>
                  <a href="#" class="navigator-link " panel-name="test-xml-Test-method_Suite">
                    <span>C:\Users\Venkatesware\swgworkspace\eDTC-Automation\testng.xml</span>
                  </a> <!-- navigator-link  -->
                </li>
                <li>
                  <a href="#" class="navigator-link " panel-name="testlist-Test-method_Suite">
                    <span class="test-stats">1 test</span>
                  </a> <!-- navigator-link  -->
                </li>
                <li>
                  <a href="#" class="navigator-link " panel-name="group-Test-method_Suite">
                    <span>0 groups</span>
                  </a> <!-- navigator-link  -->
                </li>
                <li>
                  <a href="#" class="navigator-link " panel-name="times-Test-method_Suite">
                    <span>Times</span>
                  </a> <!-- navigator-link  -->
                </li>
                <li>
                  <a href="#" class="navigator-link " panel-name="reporter-Test-method_Suite">
                    <span>Reporter output</span>
                  </a> <!-- navigator-link  -->
                </li>
                <li>
                  <a href="#" class="navigator-link " panel-name="ignored-methods-Test-method_Suite">
                    <span>Ignored methods</span>
                  </a> <!-- navigator-link  -->
                </li>
                <li>
                  <a href="#" class="navigator-link " panel-name="chronological-Test-method_Suite">
                    <span>Chronological view</span>
                  </a> <!-- navigator-link  -->
                </li>
              </ul>
            </div> <!-- suite-section-content -->
            <div class="result-section">
              <div class="suite-section-title">
                <span>Results</span>
              </div> <!-- suite-section-title -->
              <div class="suite-section-content">
                <ul>
                  <li>
                    <span class="method-stats">16 methods, 12 failed,   4 passed</span>
                  </li>
                  <li>
                    <span class="method-list-title failed">Failed methods</span>
                    <span class="show-or-hide-methods failed">
                      <a href="#" panel-name="suite-Test-method_Suite" class="hide-methods failed suite-Test-method_Suite"> (hide)</a> <!-- hide-methods failed suite-Test-method_Suite -->
                      <a href="#" panel-name="suite-Test-method_Suite" class="show-methods failed suite-Test-method_Suite"> (show)</a> <!-- show-methods failed suite-Test-method_Suite -->
                    </span>
                    <div class="method-list-content failed suite-Test-method_Suite">
                      <span>
                        <img width="3%" src="failed.png"/>
                        <a href="#" class="method navigator-link" panel-name="suite-Test-method_Suite" title="com.RM.scripts.Moolaperks" hash-for-method="testMoolaperks">testMoolaperks</a> <!-- method navigator-link -->
                      </span>
                      <br/>
                      <span>
                        <img width="3%" src="failed.png"/>
                        <a href="#" class="method navigator-link" panel-name="suite-Test-method_Suite" title="com.RM.scripts.QuickPay_TC3_1" hash-for-method="testQuickPay_TC3_1">testQuickPay_TC3_1</a> <!-- method navigator-link -->
                      </span>
                      <br/>
                      <span>
                        <img width="3%" src="failed.png"/>
                        <a href="#" class="method navigator-link" panel-name="suite-Test-method_Suite" title="com.RM.scripts.QuickPay_TC3_3" hash-for-method="testQuickPay_TC3_3">testQuickPay_TC3_3</a> <!-- method navigator-link -->
                      </span>
                      <br/>
                      <span>
                        <img width="3%" src="failed.png"/>
                        <a href="#" class="method navigator-link" panel-name="suite-Test-method_Suite" title="com.RM.scripts.QuickPay_TC3_4" hash-for-method="testQuickPay_TC3_4">testQuickPay_TC3_4</a> <!-- method navigator-link -->
                      </span>
                      <br/>
                      <span>
                        <img width="3%" src="failed.png"/>
                        <a href="#" class="method navigator-link" panel-name="suite-Test-method_Suite" title="com.RM.scripts.QuickPay_TC4" hash-for-method="testQuickPay_TC4">testQuickPay_TC4</a> <!-- method navigator-link -->
                      </span>
                      <br/>
                      <span>
                        <img width="3%" src="failed.png"/>
                        <a href="#" class="method navigator-link" panel-name="suite-Test-method_Suite" title="com.RM.scripts.QuickPay_TC5" hash-for-method="testQuickPay_TC5">testQuickPay_TC5</a> <!-- method navigator-link -->
                      </span>
                      <br/>
                      <span>
                        <img width="3%" src="failed.png"/>
                        <a href="#" class="method navigator-link" panel-name="suite-Test-method_Suite" title="com.RM.scripts.TC2_Recurring" hash-for-method="testTC2_Recurring">testTC2_Recurring</a> <!-- method navigator-link -->
                      </span>
                      <br/>
                      <span>
                        <img width="3%" src="failed.png"/>
                        <a href="#" class="method navigator-link" panel-name="suite-Test-method_Suite" title="com.RM.scripts.TC6_AddAndDeletePaymentMethod" hash-for-method="testTC6_AddAndDeletePaymentMethod">testTC6_AddAndDeletePaymentMethod</a> <!-- method navigator-link -->
                      </span>
                      <br/>
                      <span>
                        <img width="3%" src="failed.png"/>
                        <a href="#" class="method navigator-link" panel-name="suite-Test-method_Suite" title="com.RM.scripts.TC6_DifferentPaymentAddress" hash-for-method="testTC6_DifferentPaymentAddress">testTC6_DifferentPaymentAddress</a> <!-- method navigator-link -->
                      </span>
                      <br/>
                      <span>
                        <img width="3%" src="failed.png"/>
                        <a href="#" class="method navigator-link" panel-name="suite-Test-method_Suite" title="com.RM.scripts.TC6_ExpiryCardError" hash-for-method="testTC6_ExpiryCardError">testTC6_ExpiryCardError</a> <!-- method navigator-link -->
                      </span>
                      <br/>
                      <span>
                        <img width="3%" src="failed.png"/>
                        <a href="#" class="method navigator-link" panel-name="suite-Test-method_Suite" title="com.RM.scripts.TC6_OneTimeChangePassword" hash-for-method="testTC6_OneTimeChangePassword">testTC6_OneTimeChangePassword</a> <!-- method navigator-link -->
                      </span>
                      <br/>
                      <span>
                        <img width="3%" src="failed.png"/>
                        <a href="#" class="method navigator-link" panel-name="suite-Test-method_Suite" title="com.RM.scripts.TC6_PrimaryPayment" hash-for-method="testTC6_PrimaryPayment">testTC6_PrimaryPayment</a> <!-- method navigator-link -->
                      </span>
                      <br/>
                    </div> <!-- method-list-content failed suite-Test-method_Suite -->
                  </li>
                  <li>
                    <span class="method-list-title passed">Passed methods</span>
                    <span class="show-or-hide-methods passed">
                      <a href="#" panel-name="suite-Test-method_Suite" class="hide-methods passed suite-Test-method_Suite"> (hide)</a> <!-- hide-methods passed suite-Test-method_Suite -->
                      <a href="#" panel-name="suite-Test-method_Suite" class="show-methods passed suite-Test-method_Suite"> (show)</a> <!-- show-methods passed suite-Test-method_Suite -->
                    </span>
                    <div class="method-list-content passed suite-Test-method_Suite">
                      <span>
                        <img width="3%" src="passed.png"/>
                        <a href="#" class="method navigator-link" panel-name="suite-Test-method_Suite" title="com.RM.scripts.QuickPay_TC2" hash-for-method="testQuickPay_TC2">testQuickPay_TC2</a> <!-- method navigator-link -->
                      </span>
                      <br/>
                      <span>
                        <img width="3%" src="passed.png"/>
                        <a href="#" class="method navigator-link" panel-name="suite-Test-method_Suite" title="com.RM.scripts.TC6_ConfirmPasswordValidation" hash-for-method="testTC6_ConfirmPasswordValidation">testTC6_ConfirmPasswordValidation</a> <!-- method navigator-link -->
                      </span>
                      <br/>
                      <span>
                        <img width="3%" src="passed.png"/>
                        <a href="#" class="method navigator-link" panel-name="suite-Test-method_Suite" title="com.RM.scripts.TC6_PasswordLengthValidation" hash-for-method="testTC6_PasswordLengthValidation">testTC6_PasswordLengthValidation</a> <!-- method navigator-link -->
                      </span>
                      <br/>
                      <span>
                        <img width="3%" src="passed.png"/>
                        <a href="#" class="method navigator-link" panel-name="suite-Test-method_Suite" title="com.RM.scripts.TC6_PasswordMustMatch" hash-for-method="testTC6_PasswordMustMatch">testTC6_PasswordMustMatch</a> <!-- method navigator-link -->
                      </span>
                      <br/>
                    </div> <!-- method-list-content passed suite-Test-method_Suite -->
                  </li>
                </ul>
              </div> <!-- suite-section-content -->
            </div> <!-- result-section -->
          </div> <!-- navigator-suite-content -->
        </div> <!-- rounded-window -->
      </div> <!-- suite -->
    </div> <!-- navigator-root -->
    <div class="wrapper">
      <div class="main-panel-root">
        <div panel-name="suite-Test-method_Suite" class="panel Test-method_Suite">
          <div class="suite-Test-method_Suite-class-failed">
            <div class="main-panel-header rounded-window-top">
              <img src="failed.png"/>
              <span class="class-name">com.RM.scripts.TC6_AddAndDeletePaymentMethod</span>
            </div> <!-- main-panel-header rounded-window-top -->
            <div class="main-panel-content rounded-window-bottom">
              <div class="method">
                <div class="method-content">
                  <a name="testTC6_AddAndDeletePaymentMethod">
                  </a> <!-- testTC6_AddAndDeletePaymentMethod -->
                  <span class="method-name">testTC6_AddAndDeletePaymentMethod</span>
                  <div class="stack-trace">java.lang.IllegalStateException: The driver executable does not exist: C:\Users\Venkatesware\swgworkspace\eDTC-Automation\Drivers\chromedriver.exe
	at com.google.common.base.Preconditions.checkState(Preconditions.java:199)
	at org.openqa.selenium.remote.service.DriverService.checkExecutable(DriverService.java:121)
	at org.openqa.selenium.remote.service.DriverService.findExecutable(DriverService.java:116)
	at org.openqa.selenium.chrome.ChromeDriverService.access$000(ChromeDriverService.java:32)
	at org.openqa.selenium.chrome.ChromeDriverService$Builder.findDefaultExecutable(ChromeDriverService.java:137)
	at org.openqa.selenium.remote.service.DriverService$Builder.build(DriverService.java:296)
	at org.openqa.selenium.chrome.ChromeDriverService.createDefaultService(ChromeDriverService.java:88)
	at org.openqa.selenium.chrome.ChromeDriver.&lt;init&gt;(ChromeDriver.java:116)
	at com.RM.accelerators.TestEngine.openBrowser(TestEngine.java:778)
	at com.RM.accelerators.ActionEngine.catchBlock(ActionEngine.java:2436)
	at com.RM.scripts.TC6_AddAndDeletePaymentMethod.testTC6_AddAndDeletePaymentMethod(TC6_AddAndDeletePaymentMethod.java:124)
... Removed 28 stack frames
</div> <!-- stack-trace -->
                </div> <!-- method-content -->
              </div> <!-- method -->
            </div> <!-- main-panel-content rounded-window-bottom -->
          </div> <!-- suite-Test-method_Suite-class-failed -->
          <div class="suite-Test-method_Suite-class-failed">
            <div class="main-panel-header rounded-window-top">
              <img src="failed.png"/>
              <span class="class-name">com.RM.scripts.TC6_DifferentPaymentAddress</span>
            </div> <!-- main-panel-header rounded-window-top -->
            <div class="main-panel-content rounded-window-bottom">
              <div class="method">
                <div class="method-content">
                  <a name="testTC6_DifferentPaymentAddress">
                  </a> <!-- testTC6_DifferentPaymentAddress -->
                  <span class="method-name">testTC6_DifferentPaymentAddress</span>
                  <div class="stack-trace">java.lang.IllegalStateException: The driver executable does not exist: C:\Users\Venkatesware\swgworkspace\eDTC-Automation\Drivers\chromedriver.exe
	at com.google.common.base.Preconditions.checkState(Preconditions.java:199)
	at org.openqa.selenium.remote.service.DriverService.checkExecutable(DriverService.java:121)
	at org.openqa.selenium.remote.service.DriverService.findExecutable(DriverService.java:116)
	at org.openqa.selenium.chrome.ChromeDriverService.access$000(ChromeDriverService.java:32)
	at org.openqa.selenium.chrome.ChromeDriverService$Builder.findDefaultExecutable(ChromeDriverService.java:137)
	at org.openqa.selenium.remote.service.DriverService$Builder.build(DriverService.java:296)
	at org.openqa.selenium.chrome.ChromeDriverService.createDefaultService(ChromeDriverService.java:88)
	at org.openqa.selenium.chrome.ChromeDriver.&lt;init&gt;(ChromeDriver.java:116)
	at com.RM.accelerators.TestEngine.openBrowser(TestEngine.java:778)
	at com.RM.accelerators.ActionEngine.catchBlock(ActionEngine.java:2436)
	at com.RM.scripts.TC6_DifferentPaymentAddress.testTC6_DifferentPaymentAddress(TC6_DifferentPaymentAddress.java:93)
... Removed 28 stack frames
</div> <!-- stack-trace -->
                </div> <!-- method-content -->
              </div> <!-- method -->
            </div> <!-- main-panel-content rounded-window-bottom -->
          </div> <!-- suite-Test-method_Suite-class-failed -->
          <div class="suite-Test-method_Suite-class-failed">
            <div class="main-panel-header rounded-window-top">
              <img src="failed.png"/>
              <span class="class-name">com.RM.scripts.QuickPay_TC3_3</span>
            </div> <!-- main-panel-header rounded-window-top -->
            <div class="main-panel-content rounded-window-bottom">
              <div class="method">
                <div class="method-content">
                  <a name="testQuickPay_TC3_3">
                  </a> <!-- testQuickPay_TC3_3 -->
                  <span class="method-name">testQuickPay_TC3_3</span>
                  <div class="stack-trace">java.lang.IllegalStateException: The driver executable does not exist: C:\Users\Venkatesware\swgworkspace\eDTC-Automation\Drivers\chromedriver.exe
	at com.google.common.base.Preconditions.checkState(Preconditions.java:199)
	at org.openqa.selenium.remote.service.DriverService.checkExecutable(DriverService.java:121)
	at org.openqa.selenium.remote.service.DriverService.findExecutable(DriverService.java:116)
	at org.openqa.selenium.chrome.ChromeDriverService.access$000(ChromeDriverService.java:32)
	at org.openqa.selenium.chrome.ChromeDriverService$Builder.findDefaultExecutable(ChromeDriverService.java:137)
	at org.openqa.selenium.remote.service.DriverService$Builder.build(DriverService.java:296)
	at org.openqa.selenium.chrome.ChromeDriverService.createDefaultService(ChromeDriverService.java:88)
	at org.openqa.selenium.chrome.ChromeDriver.&lt;init&gt;(ChromeDriver.java:116)
	at com.RM.accelerators.TestEngine.openBrowser(TestEngine.java:778)
	at com.RM.accelerators.ActionEngine.catchBlock(ActionEngine.java:2436)
	at com.RM.scripts.QuickPay_TC3_3.testQuickPay_TC3_3(QuickPay_TC3_3.java:139)
... Removed 28 stack frames
</div> <!-- stack-trace -->
                </div> <!-- method-content -->
              </div> <!-- method -->
            </div> <!-- main-panel-content rounded-window-bottom -->
          </div> <!-- suite-Test-method_Suite-class-failed -->
          <div class="suite-Test-method_Suite-class-failed">
            <div class="main-panel-header rounded-window-top">
              <img src="failed.png"/>
              <span class="class-name">com.RM.scripts.QuickPay_TC3_1</span>
            </div> <!-- main-panel-header rounded-window-top -->
            <div class="main-panel-content rounded-window-bottom">
              <div class="method">
                <div class="method-content">
                  <a name="testQuickPay_TC3_1">
                  </a> <!-- testQuickPay_TC3_1 -->
                  <span class="method-name">testQuickPay_TC3_1</span>
                  <div class="stack-trace">java.lang.IllegalStateException: The driver executable does not exist: C:\Users\Venkatesware\swgworkspace\eDTC-Automation\Drivers\chromedriver.exe
	at com.google.common.base.Preconditions.checkState(Preconditions.java:199)
	at org.openqa.selenium.remote.service.DriverService.checkExecutable(DriverService.java:121)
	at org.openqa.selenium.remote.service.DriverService.findExecutable(DriverService.java:116)
	at org.openqa.selenium.chrome.ChromeDriverService.access$000(ChromeDriverService.java:32)
	at org.openqa.selenium.chrome.ChromeDriverService$Builder.findDefaultExecutable(ChromeDriverService.java:137)
	at org.openqa.selenium.remote.service.DriverService$Builder.build(DriverService.java:296)
	at org.openqa.selenium.chrome.ChromeDriverService.createDefaultService(ChromeDriverService.java:88)
	at org.openqa.selenium.chrome.ChromeDriver.&lt;init&gt;(ChromeDriver.java:116)
	at com.RM.accelerators.TestEngine.openBrowser(TestEngine.java:778)
	at com.RM.accelerators.ActionEngine.catchBlock(ActionEngine.java:2436)
	at com.RM.scripts.QuickPay_TC3_1.testQuickPay_TC3_1(QuickPay_TC3_1.java:61)
... Removed 28 stack frames
</div> <!-- stack-trace -->
                </div> <!-- method-content -->
              </div> <!-- method -->
            </div> <!-- main-panel-content rounded-window-bottom -->
          </div> <!-- suite-Test-method_Suite-class-failed -->
          <div class="suite-Test-method_Suite-class-failed">
            <div class="main-panel-header rounded-window-top">
              <img src="failed.png"/>
              <span class="class-name">com.RM.scripts.TC6_ExpiryCardError</span>
            </div> <!-- main-panel-header rounded-window-top -->
            <div class="main-panel-content rounded-window-bottom">
              <div class="method">
                <div class="method-content">
                  <a name="testTC6_ExpiryCardError">
                  </a> <!-- testTC6_ExpiryCardError -->
                  <span class="method-name">testTC6_ExpiryCardError</span>
                  <div class="stack-trace">java.lang.IllegalStateException: The driver executable does not exist: C:\Users\Venkatesware\swgworkspace\eDTC-Automation\Drivers\chromedriver.exe
	at com.google.common.base.Preconditions.checkState(Preconditions.java:199)
	at org.openqa.selenium.remote.service.DriverService.checkExecutable(DriverService.java:121)
	at org.openqa.selenium.remote.service.DriverService.findExecutable(DriverService.java:116)
	at org.openqa.selenium.chrome.ChromeDriverService.access$000(ChromeDriverService.java:32)
	at org.openqa.selenium.chrome.ChromeDriverService$Builder.findDefaultExecutable(ChromeDriverService.java:137)
	at org.openqa.selenium.remote.service.DriverService$Builder.build(DriverService.java:296)
	at org.openqa.selenium.chrome.ChromeDriverService.createDefaultService(ChromeDriverService.java:88)
	at org.openqa.selenium.chrome.ChromeDriver.&lt;init&gt;(ChromeDriver.java:116)
	at com.RM.accelerators.TestEngine.openBrowser(TestEngine.java:778)
	at com.RM.accelerators.ActionEngine.catchBlock(ActionEngine.java:2436)
	at com.RM.scripts.TC6_ExpiryCardError.testTC6_ExpiryCardError(TC6_ExpiryCardError.java:92)
... Removed 28 stack frames
</div> <!-- stack-trace -->
                </div> <!-- method-content -->
              </div> <!-- method -->
            </div> <!-- main-panel-content rounded-window-bottom -->
          </div> <!-- suite-Test-method_Suite-class-failed -->
          <div class="suite-Test-method_Suite-class-failed">
            <div class="main-panel-header rounded-window-top">
              <img src="failed.png"/>
              <span class="class-name">com.RM.scripts.QuickPay_TC4</span>
            </div> <!-- main-panel-header rounded-window-top -->
            <div class="main-panel-content rounded-window-bottom">
              <div class="method">
                <div class="method-content">
                  <a name="testQuickPay_TC4">
                  </a> <!-- testQuickPay_TC4 -->
                  <span class="method-name">testQuickPay_TC4</span>
                  <div class="stack-trace">java.lang.IllegalStateException: The driver executable does not exist: C:\Users\Venkatesware\swgworkspace\eDTC-Automation\Drivers\chromedriver.exe
	at com.google.common.base.Preconditions.checkState(Preconditions.java:199)
	at org.openqa.selenium.remote.service.DriverService.checkExecutable(DriverService.java:121)
	at org.openqa.selenium.remote.service.DriverService.findExecutable(DriverService.java:116)
	at org.openqa.selenium.chrome.ChromeDriverService.access$000(ChromeDriverService.java:32)
	at org.openqa.selenium.chrome.ChromeDriverService$Builder.findDefaultExecutable(ChromeDriverService.java:137)
	at org.openqa.selenium.remote.service.DriverService$Builder.build(DriverService.java:296)
	at org.openqa.selenium.chrome.ChromeDriverService.createDefaultService(ChromeDriverService.java:88)
	at org.openqa.selenium.chrome.ChromeDriver.&lt;init&gt;(ChromeDriver.java:116)
	at com.RM.accelerators.TestEngine.openBrowser(TestEngine.java:778)
	at com.RM.accelerators.ActionEngine.catchBlock(ActionEngine.java:2436)
	at com.RM.scripts.QuickPay_TC4.testQuickPay_TC4(QuickPay_TC4.java:81)
... Removed 28 stack frames
</div> <!-- stack-trace -->
                </div> <!-- method-content -->
              </div> <!-- method -->
            </div> <!-- main-panel-content rounded-window-bottom -->
          </div> <!-- suite-Test-method_Suite-class-failed -->
          <div class="suite-Test-method_Suite-class-failed">
            <div class="main-panel-header rounded-window-top">
              <img src="failed.png"/>
              <span class="class-name">com.RM.scripts.Moolaperks</span>
            </div> <!-- main-panel-header rounded-window-top -->
            <div class="main-panel-content rounded-window-bottom">
              <div class="method">
                <div class="method-content">
                  <a name="testMoolaperks">
                  </a> <!-- testMoolaperks -->
                  <span class="method-name">testMoolaperks</span>
                  <div class="stack-trace">java.lang.IllegalStateException: The driver executable does not exist: C:\Users\Venkatesware\swgworkspace\eDTC-Automation\Drivers\chromedriver.exe
	at com.google.common.base.Preconditions.checkState(Preconditions.java:199)
	at org.openqa.selenium.remote.service.DriverService.checkExecutable(DriverService.java:121)
	at org.openqa.selenium.remote.service.DriverService.findExecutable(DriverService.java:116)
	at org.openqa.selenium.chrome.ChromeDriverService.access$000(ChromeDriverService.java:32)
	at org.openqa.selenium.chrome.ChromeDriverService$Builder.findDefaultExecutable(ChromeDriverService.java:137)
	at org.openqa.selenium.remote.service.DriverService$Builder.build(DriverService.java:296)
	at org.openqa.selenium.chrome.ChromeDriverService.createDefaultService(ChromeDriverService.java:88)
	at org.openqa.selenium.chrome.ChromeDriver.&lt;init&gt;(ChromeDriver.java:116)
	at com.RM.accelerators.TestEngine.openBrowser(TestEngine.java:778)
	at com.RM.accelerators.ActionEngine.catchBlock(ActionEngine.java:2436)
	at com.RM.scripts.Moolaperks.testMoolaperks(Moolaperks.java:67)
... Removed 28 stack frames
</div> <!-- stack-trace -->
                </div> <!-- method-content -->
              </div> <!-- method -->
            </div> <!-- main-panel-content rounded-window-bottom -->
          </div> <!-- suite-Test-method_Suite-class-failed -->
          <div class="suite-Test-method_Suite-class-failed">
            <div class="main-panel-header rounded-window-top">
              <img src="failed.png"/>
              <span class="class-name">com.RM.scripts.QuickPay_TC5</span>
            </div> <!-- main-panel-header rounded-window-top -->
            <div class="main-panel-content rounded-window-bottom">
              <div class="method">
                <div class="method-content">
                  <a name="testQuickPay_TC5">
                  </a> <!-- testQuickPay_TC5 -->
                  <span class="method-name">testQuickPay_TC5</span>
                  <div class="stack-trace">java.lang.IllegalStateException: The driver executable does not exist: C:\Users\Venkatesware\swgworkspace\eDTC-Automation\Drivers\chromedriver.exe
	at com.google.common.base.Preconditions.checkState(Preconditions.java:199)
	at org.openqa.selenium.remote.service.DriverService.checkExecutable(DriverService.java:121)
	at org.openqa.selenium.remote.service.DriverService.findExecutable(DriverService.java:116)
	at org.openqa.selenium.chrome.ChromeDriverService.access$000(ChromeDriverService.java:32)
	at org.openqa.selenium.chrome.ChromeDriverService$Builder.findDefaultExecutable(ChromeDriverService.java:137)
	at org.openqa.selenium.remote.service.DriverService$Builder.build(DriverService.java:296)
	at org.openqa.selenium.chrome.ChromeDriverService.createDefaultService(ChromeDriverService.java:88)
	at org.openqa.selenium.chrome.ChromeDriver.&lt;init&gt;(ChromeDriver.java:116)
	at com.RM.accelerators.TestEngine.openBrowser(TestEngine.java:778)
	at com.RM.accelerators.ActionEngine.catchBlock(ActionEngine.java:2436)
	at com.RM.scripts.QuickPay_TC5.testQuickPay_TC5(QuickPay_TC5.java:174)
... Removed 28 stack frames
</div> <!-- stack-trace -->
                </div> <!-- method-content -->
              </div> <!-- method -->
            </div> <!-- main-panel-content rounded-window-bottom -->
          </div> <!-- suite-Test-method_Suite-class-failed -->
          <div class="suite-Test-method_Suite-class-failed">
            <div class="main-panel-header rounded-window-top">
              <img src="failed.png"/>
              <span class="class-name">com.RM.scripts.TC6_OneTimeChangePassword</span>
            </div> <!-- main-panel-header rounded-window-top -->
            <div class="main-panel-content rounded-window-bottom">
              <div class="method">
                <div class="method-content">
                  <a name="testTC6_OneTimeChangePassword">
                  </a> <!-- testTC6_OneTimeChangePassword -->
                  <span class="method-name">testTC6_OneTimeChangePassword</span>
                  <div class="stack-trace">java.lang.IllegalStateException: The driver executable does not exist: C:\Users\Venkatesware\swgworkspace\eDTC-Automation\Drivers\chromedriver.exe
	at com.google.common.base.Preconditions.checkState(Preconditions.java:199)
	at org.openqa.selenium.remote.service.DriverService.checkExecutable(DriverService.java:121)
	at org.openqa.selenium.remote.service.DriverService.findExecutable(DriverService.java:116)
	at org.openqa.selenium.chrome.ChromeDriverService.access$000(ChromeDriverService.java:32)
	at org.openqa.selenium.chrome.ChromeDriverService$Builder.findDefaultExecutable(ChromeDriverService.java:137)
	at org.openqa.selenium.remote.service.DriverService$Builder.build(DriverService.java:296)
	at org.openqa.selenium.chrome.ChromeDriverService.createDefaultService(ChromeDriverService.java:88)
	at org.openqa.selenium.chrome.ChromeDriver.&lt;init&gt;(ChromeDriver.java:116)
	at com.RM.accelerators.TestEngine.openBrowser(TestEngine.java:778)
	at com.RM.accelerators.ActionEngine.catchBlock(ActionEngine.java:2436)
	at com.RM.scripts.TC6_OneTimeChangePassword.testTC6_OneTimeChangePassword(TC6_OneTimeChangePassword.java:77)
... Removed 28 stack frames
</div> <!-- stack-trace -->
                </div> <!-- method-content -->
              </div> <!-- method -->
            </div> <!-- main-panel-content rounded-window-bottom -->
          </div> <!-- suite-Test-method_Suite-class-failed -->
          <div class="suite-Test-method_Suite-class-failed">
            <div class="main-panel-header rounded-window-top">
              <img src="failed.png"/>
              <span class="class-name">com.RM.scripts.TC2_Recurring</span>
            </div> <!-- main-panel-header rounded-window-top -->
            <div class="main-panel-content rounded-window-bottom">
              <div class="method">
                <div class="method-content">
                  <a name="testTC2_Recurring">
                  </a> <!-- testTC2_Recurring -->
                  <span class="method-name">testTC2_Recurring</span>
                  <div class="stack-trace">java.lang.IllegalStateException: The driver executable does not exist: C:\Users\Venkatesware\swgworkspace\eDTC-Automation\Drivers\chromedriver.exe
	at com.google.common.base.Preconditions.checkState(Preconditions.java:199)
	at org.openqa.selenium.remote.service.DriverService.checkExecutable(DriverService.java:121)
	at org.openqa.selenium.remote.service.DriverService.findExecutable(DriverService.java:116)
	at org.openqa.selenium.chrome.ChromeDriverService.access$000(ChromeDriverService.java:32)
	at org.openqa.selenium.chrome.ChromeDriverService$Builder.findDefaultExecutable(ChromeDriverService.java:137)
	at org.openqa.selenium.remote.service.DriverService$Builder.build(DriverService.java:296)
	at org.openqa.selenium.chrome.ChromeDriverService.createDefaultService(ChromeDriverService.java:88)
	at org.openqa.selenium.chrome.ChromeDriver.&lt;init&gt;(ChromeDriver.java:116)
	at com.RM.accelerators.TestEngine.openBrowser(TestEngine.java:778)
	at com.RM.accelerators.ActionEngine.catchBlock(ActionEngine.java:2436)
	at com.RM.scripts.TC2_Recurring.testTC2_Recurring(TC2_Recurring.java:104)
... Removed 28 stack frames
</div> <!-- stack-trace -->
                </div> <!-- method-content -->
              </div> <!-- method -->
            </div> <!-- main-panel-content rounded-window-bottom -->
          </div> <!-- suite-Test-method_Suite-class-failed -->
          <div class="suite-Test-method_Suite-class-failed">
            <div class="main-panel-header rounded-window-top">
              <img src="failed.png"/>
              <span class="class-name">com.RM.scripts.TC6_PrimaryPayment</span>
            </div> <!-- main-panel-header rounded-window-top -->
            <div class="main-panel-content rounded-window-bottom">
              <div class="method">
                <div class="method-content">
                  <a name="testTC6_PrimaryPayment">
                  </a> <!-- testTC6_PrimaryPayment -->
                  <span class="method-name">testTC6_PrimaryPayment</span>
                  <div class="stack-trace">java.lang.IllegalStateException: The driver executable does not exist: C:\Users\Venkatesware\swgworkspace\eDTC-Automation\Drivers\chromedriver.exe
	at com.google.common.base.Preconditions.checkState(Preconditions.java:199)
	at org.openqa.selenium.remote.service.DriverService.checkExecutable(DriverService.java:121)
	at org.openqa.selenium.remote.service.DriverService.findExecutable(DriverService.java:116)
	at org.openqa.selenium.chrome.ChromeDriverService.access$000(ChromeDriverService.java:32)
	at org.openqa.selenium.chrome.ChromeDriverService$Builder.findDefaultExecutable(ChromeDriverService.java:137)
	at org.openqa.selenium.remote.service.DriverService$Builder.build(DriverService.java:296)
	at org.openqa.selenium.chrome.ChromeDriverService.createDefaultService(ChromeDriverService.java:88)
	at org.openqa.selenium.chrome.ChromeDriver.&lt;init&gt;(ChromeDriver.java:116)
	at com.RM.accelerators.TestEngine.openBrowser(TestEngine.java:778)
	at com.RM.accelerators.ActionEngine.catchBlock(ActionEngine.java:2436)
	at com.RM.scripts.TC6_PrimaryPayment.testTC6_PrimaryPayment(TC6_PrimaryPayment.java:64)
... Removed 28 stack frames
</div> <!-- stack-trace -->
                </div> <!-- method-content -->
              </div> <!-- method -->
            </div> <!-- main-panel-content rounded-window-bottom -->
          </div> <!-- suite-Test-method_Suite-class-failed -->
          <div class="suite-Test-method_Suite-class-failed">
            <div class="main-panel-header rounded-window-top">
              <img src="failed.png"/>
              <span class="class-name">com.RM.scripts.QuickPay_TC3_4</span>
            </div> <!-- main-panel-header rounded-window-top -->
            <div class="main-panel-content rounded-window-bottom">
              <div class="method">
                <div class="method-content">
                  <a name="testQuickPay_TC3_4">
                  </a> <!-- testQuickPay_TC3_4 -->
                  <span class="method-name">testQuickPay_TC3_4</span>
                  <div class="stack-trace">java.lang.IllegalStateException: The driver executable does not exist: C:\Users\Venkatesware\swgworkspace\eDTC-Automation\Drivers\chromedriver.exe
	at com.google.common.base.Preconditions.checkState(Preconditions.java:199)
	at org.openqa.selenium.remote.service.DriverService.checkExecutable(DriverService.java:121)
	at org.openqa.selenium.remote.service.DriverService.findExecutable(DriverService.java:116)
	at org.openqa.selenium.chrome.ChromeDriverService.access$000(ChromeDriverService.java:32)
	at org.openqa.selenium.chrome.ChromeDriverService$Builder.findDefaultExecutable(ChromeDriverService.java:137)
	at org.openqa.selenium.remote.service.DriverService$Builder.build(DriverService.java:296)
	at org.openqa.selenium.chrome.ChromeDriverService.createDefaultService(ChromeDriverService.java:88)
	at org.openqa.selenium.chrome.ChromeDriver.&lt;init&gt;(ChromeDriver.java:116)
	at com.RM.accelerators.TestEngine.openBrowser(TestEngine.java:778)
	at com.RM.accelerators.ActionEngine.catchBlock(ActionEngine.java:2436)
	at com.RM.scripts.QuickPay_TC3_4.testQuickPay_TC3_4(QuickPay_TC3_4.java:157)
... Removed 28 stack frames
</div> <!-- stack-trace -->
                </div> <!-- method-content -->
              </div> <!-- method -->
            </div> <!-- main-panel-content rounded-window-bottom -->
          </div> <!-- suite-Test-method_Suite-class-failed -->
          <div class="suite-Test-method_Suite-class-passed">
            <div class="main-panel-header rounded-window-top">
              <img src="passed.png"/>
              <span class="class-name">com.RM.scripts.TC6_ConfirmPasswordValidation</span>
            </div> <!-- main-panel-header rounded-window-top -->
            <div class="main-panel-content rounded-window-bottom">
              <div class="method">
                <div class="method-content">
                  <a name="testTC6_ConfirmPasswordValidation">
                  </a> <!-- testTC6_ConfirmPasswordValidation -->
                  <span class="method-name">testTC6_ConfirmPasswordValidation</span>
                </div> <!-- method-content -->
              </div> <!-- method -->
            </div> <!-- main-panel-content rounded-window-bottom -->
          </div> <!-- suite-Test-method_Suite-class-passed -->
          <div class="suite-Test-method_Suite-class-passed">
            <div class="main-panel-header rounded-window-top">
              <img src="passed.png"/>
              <span class="class-name">com.RM.scripts.QuickPay_TC2</span>
            </div> <!-- main-panel-header rounded-window-top -->
            <div class="main-panel-content rounded-window-bottom">
              <div class="method">
                <div class="method-content">
                  <a name="testQuickPay_TC2">
                  </a> <!-- testQuickPay_TC2 -->
                  <span class="method-name">testQuickPay_TC2</span>
                </div> <!-- method-content -->
              </div> <!-- method -->
            </div> <!-- main-panel-content rounded-window-bottom -->
          </div> <!-- suite-Test-method_Suite-class-passed -->
          <div class="suite-Test-method_Suite-class-passed">
            <div class="main-panel-header rounded-window-top">
              <img src="passed.png"/>
              <span class="class-name">com.RM.scripts.TC6_PasswordLengthValidation</span>
            </div> <!-- main-panel-header rounded-window-top -->
            <div class="main-panel-content rounded-window-bottom">
              <div class="method">
                <div class="method-content">
                  <a name="testTC6_PasswordLengthValidation">
                  </a> <!-- testTC6_PasswordLengthValidation -->
                  <span class="method-name">testTC6_PasswordLengthValidation</span>
                </div> <!-- method-content -->
              </div> <!-- method -->
            </div> <!-- main-panel-content rounded-window-bottom -->
          </div> <!-- suite-Test-method_Suite-class-passed -->
          <div class="suite-Test-method_Suite-class-passed">
            <div class="main-panel-header rounded-window-top">
              <img src="passed.png"/>
              <span class="class-name">com.RM.scripts.TC6_PasswordMustMatch</span>
            </div> <!-- main-panel-header rounded-window-top -->
            <div class="main-panel-content rounded-window-bottom">
              <div class="method">
                <div class="method-content">
                  <a name="testTC6_PasswordMustMatch">
                  </a> <!-- testTC6_PasswordMustMatch -->
                  <span class="method-name">testTC6_PasswordMustMatch</span>
                </div> <!-- method-content -->
              </div> <!-- method -->
            </div> <!-- main-panel-content rounded-window-bottom -->
          </div> <!-- suite-Test-method_Suite-class-passed -->
        </div> <!-- panel Test-method_Suite -->
        <div panel-name="test-xml-Test-method_Suite" class="panel">
          <div class="main-panel-header rounded-window-top">
            <span class="header-content">C:\Users\Venkatesware\swgworkspace\eDTC-Automation\testng.xml</span>
          </div> <!-- main-panel-header rounded-window-top -->
          <div class="main-panel-content rounded-window-bottom">
            <pre>
&lt;?xml version=&quot;1.0&quot; encoding=&quot;UTF-8&quot;?&gt;
&lt;!DOCTYPE suite SYSTEM &quot;http://testng.org/testng-1.0.dtd&quot;&gt;
&lt;suite thread-count=&quot;1&quot; guice-stage=&quot;DEVELOPMENT&quot; verbose=&quot;0&quot; name=&quot;Test-method Suite&quot;&gt;
  &lt;parameter name=&quot;parallel&quot; value=&quot;NO&quot;/&gt;
  &lt;test name=&quot;RM&quot;&gt;
    &lt;parameter name=&quot;browser&quot; value=&quot;chrome&quot;/&gt;
    &lt;classes&gt;
      &lt;class name=&quot;com.RM.scripts.TC2_Recurring&quot;/&gt;
      &lt;class name=&quot;com.RM.scripts.TC6_ExpiryCardError&quot;/&gt;
      &lt;class name=&quot;com.RM.scripts.TC6_AddAndDeletePaymentMethod&quot;/&gt;
      &lt;class name=&quot;com.RM.scripts.TC6_DifferentPaymentAddress&quot;/&gt;
      &lt;class name=&quot;com.RM.scripts.TC6_PrimaryPayment&quot;/&gt;
      &lt;class name=&quot;com.RM.scripts.Moolaperks&quot;/&gt;
      &lt;class name=&quot;com.RM.scripts.TC6_PasswordLengthValidation&quot;/&gt;
      &lt;class name=&quot;com.RM.scripts.TC6_PasswordMustMatch&quot;/&gt;
      &lt;class name=&quot;com.RM.scripts.TC6_ConfirmPasswordValidation&quot;/&gt;
      &lt;class name=&quot;com.RM.scripts.TC6_OneTimeChangePassword&quot;/&gt;
      &lt;class name=&quot;com.RM.scripts.QuickPay_TC4&quot;/&gt;
      &lt;class name=&quot;com.RM.scripts.QuickPay_TC3_1&quot;/&gt;
      &lt;class name=&quot;com.RM.scripts.QuickPay_TC2&quot;/&gt;
      &lt;class name=&quot;com.RM.scripts.QuickPay_TC3_3&quot;/&gt;
      &lt;class name=&quot;com.RM.scripts.QuickPay_TC5&quot;/&gt;
      &lt;class name=&quot;com.RM.scripts.QuickPay_TC3_4&quot;/&gt;
    &lt;/classes&gt;
  &lt;/test&gt; &lt;!-- RM --&gt;
&lt;/suite&gt; &lt;!-- Test-method Suite --&gt;
            </pre>
          </div> <!-- main-panel-content rounded-window-bottom -->
        </div> <!-- panel -->
        <div panel-name="testlist-Test-method_Suite" class="panel">
          <div class="main-panel-header rounded-window-top">
            <span class="header-content">Tests for Test-method Suite</span>
          </div> <!-- main-panel-header rounded-window-top -->
          <div class="main-panel-content rounded-window-bottom">
            <ul>
              <li>
                <span class="test-name">RM (16 classes)</span>
              </li>
            </ul>
          </div> <!-- main-panel-content rounded-window-bottom -->
        </div> <!-- panel -->
        <div panel-name="group-Test-method_Suite" class="panel">
          <div class="main-panel-header rounded-window-top">
            <span class="header-content">Groups for Test-method Suite</span>
          </div> <!-- main-panel-header rounded-window-top -->
          <div class="main-panel-content rounded-window-bottom">
          </div> <!-- main-panel-content rounded-window-bottom -->
        </div> <!-- panel -->
        <div panel-name="times-Test-method_Suite" class="panel">
          <div class="main-panel-header rounded-window-top">
            <span class="header-content">Times for Test-method Suite</span>
          </div> <!-- main-panel-header rounded-window-top -->
          <div class="main-panel-content rounded-window-bottom">
            <div class="times-div">
              <script type="text/javascript">
suiteTableInitFunctions.push('tableData_Test-method_Suite');
function tableData_Test-method_Suite() {
var data = new google.visualization.DataTable();
data.addColumn('number', 'Number');
data.addColumn('string', 'Method');
data.addColumn('string', 'Class');
data.addColumn('number', 'Time (ms)');
data.addRows(16);
data.setCell(0, 0, 0)
data.setCell(0, 1, 'testQuickPay_TC2')
data.setCell(0, 2, 'com.RM.scripts.QuickPay_TC2')
data.setCell(0, 3, 64392);
data.setCell(1, 0, 1)
data.setCell(1, 1, 'testQuickPay_TC3_3')
data.setCell(1, 2, 'com.RM.scripts.QuickPay_TC3_3')
data.setCell(1, 3, 63558);
data.setCell(2, 0, 2)
data.setCell(2, 1, 'testTC2_Recurring')
data.setCell(2, 2, 'com.RM.scripts.TC2_Recurring')
data.setCell(2, 3, 55163);
data.setCell(3, 0, 3)
data.setCell(3, 1, 'testQuickPay_TC5')
data.setCell(3, 2, 'com.RM.scripts.QuickPay_TC5')
data.setCell(3, 3, 44461);
data.setCell(4, 0, 4)
data.setCell(4, 1, 'testQuickPay_TC4')
data.setCell(4, 2, 'com.RM.scripts.QuickPay_TC4')
data.setCell(4, 3, 31485);
data.setCell(5, 0, 5)
data.setCell(5, 1, 'testQuickPay_TC3_4')
data.setCell(5, 2, 'com.RM.scripts.QuickPay_TC3_4')
data.setCell(5, 3, 29639);
data.setCell(6, 0, 6)
data.setCell(6, 1, 'testTC6_AddAndDeletePaymentMethod')
data.setCell(6, 2, 'com.RM.scripts.TC6_AddAndDeletePaymentMethod')
data.setCell(6, 3, 26204);
data.setCell(7, 0, 7)
data.setCell(7, 1, 'testQuickPay_TC3_1')
data.setCell(7, 2, 'com.RM.scripts.QuickPay_TC3_1')
data.setCell(7, 3, 24910);
data.setCell(8, 0, 8)
data.setCell(8, 1, 'testMoolaperks')
data.setCell(8, 2, 'com.RM.scripts.Moolaperks')
data.setCell(8, 3, 24720);
data.setCell(9, 0, 9)
data.setCell(9, 1, 'testTC6_ExpiryCardError')
data.setCell(9, 2, 'com.RM.scripts.TC6_ExpiryCardError')
data.setCell(9, 3, 24604);
data.setCell(10, 0, 10)
data.setCell(10, 1, 'testTC6_DifferentPaymentAddress')
data.setCell(10, 2, 'com.RM.scripts.TC6_DifferentPaymentAddress')
data.setCell(10, 3, 24372);
data.setCell(11, 0, 11)
data.setCell(11, 1, 'testTC6_OneTimeChangePassword')
data.setCell(11, 2, 'com.RM.scripts.TC6_OneTimeChangePassword')
data.setCell(11, 3, 24180);
data.setCell(12, 0, 12)
data.setCell(12, 1, 'testTC6_PrimaryPayment')
data.setCell(12, 2, 'com.RM.scripts.TC6_PrimaryPayment')
data.setCell(12, 3, 24179);
data.setCell(13, 0, 13)
data.setCell(13, 1, 'testTC6_ConfirmPasswordValidation')
data.setCell(13, 2, 'com.RM.scripts.TC6_ConfirmPasswordValidation')
data.setCell(13, 3, 16452);
data.setCell(14, 0, 14)
data.setCell(14, 1, 'testTC6_PasswordMustMatch')
data.setCell(14, 2, 'com.RM.scripts.TC6_PasswordMustMatch')
data.setCell(14, 3, 15911);
data.setCell(15, 0, 15)
data.setCell(15, 1, 'testTC6_PasswordLengthValidation')
data.setCell(15, 2, 'com.RM.scripts.TC6_PasswordLengthValidation')
data.setCell(15, 3, 15090);
window.suiteTableData['Test-method_Suite']= { tableData: data, tableDiv: 'times-div-Test-method_Suite'}
return data;
}
              </script>
              <span class="suite-total-time">Total running time: 8 minutes</span>
              <div id="times-div-Test-method_Suite">
              </div> <!-- times-div-Test-method_Suite -->
            </div> <!-- times-div -->
          </div> <!-- main-panel-content rounded-window-bottom -->
        </div> <!-- panel -->
        <div panel-name="reporter-Test-method_Suite" class="panel">
          <div class="main-panel-header rounded-window-top">
            <span class="header-content">Reporter output for Test-method Suite</span>
          </div> <!-- main-panel-header rounded-window-top -->
          <div class="main-panel-content rounded-window-bottom">
          </div> <!-- main-panel-content rounded-window-bottom -->
        </div> <!-- panel -->
        <div panel-name="ignored-methods-Test-method_Suite" class="panel">
          <div class="main-panel-header rounded-window-top">
            <span class="header-content">60 ignored methods</span>
          </div> <!-- main-panel-header rounded-window-top -->
          <div class="main-panel-content rounded-window-bottom">
            <div class="ignored-class-div">
              <span class="ignored-class-name">com.RM.scripts.TC6_AddAndDeletePaymentMethod</span>
              <div class="ignored-methods-div">
                <span class="ignored-method-name">suiteFirst</span>
                <br/>
                <span class="ignored-method-name">tearDownFirefox</span>
                <br/>
                <span class="ignored-method-name">first1</span>
                <br/>
                <span class="ignored-method-name">first</span>
                <br/>
              </div> <!-- ignored-methods-div -->
            </div> <!-- ignored-class-div -->
            <div class="ignored-class-div">
              <span class="ignored-class-name">com.RM.scripts.TC6_ConfirmPasswordValidation</span>
              <div class="ignored-methods-div">
                <span class="ignored-method-name">suiteFirst</span>
                <br/>
                <span class="ignored-method-name">tearDownFirefox</span>
                <br/>
                <span class="ignored-method-name">first1</span>
                <br/>
                <span class="ignored-method-name">first</span>
                <br/>
              </div> <!-- ignored-methods-div -->
            </div> <!-- ignored-class-div -->
            <div class="ignored-class-div">
              <span class="ignored-class-name">com.RM.scripts.TC6_DifferentPaymentAddress</span>
              <div class="ignored-methods-div">
                <span class="ignored-method-name">suiteFirst</span>
                <br/>
                <span class="ignored-method-name">tearDownFirefox</span>
                <br/>
                <span class="ignored-method-name">first1</span>
                <br/>
                <span class="ignored-method-name">first</span>
                <br/>
              </div> <!-- ignored-methods-div -->
            </div> <!-- ignored-class-div -->
            <div class="ignored-class-div">
              <span class="ignored-class-name">com.RM.scripts.QuickPay_TC3_3</span>
              <div class="ignored-methods-div">
                <span class="ignored-method-name">suiteFirst</span>
                <br/>
                <span class="ignored-method-name">tearDownFirefox</span>
                <br/>
                <span class="ignored-method-name">first1</span>
                <br/>
                <span class="ignored-method-name">first</span>
                <br/>
              </div> <!-- ignored-methods-div -->
            </div> <!-- ignored-class-div -->
            <div class="ignored-class-div">
              <span class="ignored-class-name">com.RM.scripts.QuickPay_TC3_1</span>
              <div class="ignored-methods-div">
                <span class="ignored-method-name">suiteFirst</span>
                <br/>
                <span class="ignored-method-name">tearDownFirefox</span>
                <br/>
                <span class="ignored-method-name">first1</span>
                <br/>
                <span class="ignored-method-name">first</span>
                <br/>
              </div> <!-- ignored-methods-div -->
            </div> <!-- ignored-class-div -->
            <div class="ignored-class-div">
              <span class="ignored-class-name">com.RM.scripts.TC6_ExpiryCardError</span>
              <div class="ignored-methods-div">
                <span class="ignored-method-name">suiteFirst</span>
                <br/>
                <span class="ignored-method-name">tearDownFirefox</span>
                <br/>
                <span class="ignored-method-name">first1</span>
                <br/>
                <span class="ignored-method-name">first</span>
                <br/>
              </div> <!-- ignored-methods-div -->
            </div> <!-- ignored-class-div -->
            <div class="ignored-class-div">
              <span class="ignored-class-name">com.RM.scripts.TC6_PasswordLengthValidation</span>
              <div class="ignored-methods-div">
                <span class="ignored-method-name">suiteFirst</span>
                <br/>
                <span class="ignored-method-name">tearDownFirefox</span>
                <br/>
                <span class="ignored-method-name">first1</span>
                <br/>
                <span class="ignored-method-name">first</span>
                <br/>
              </div> <!-- ignored-methods-div -->
            </div> <!-- ignored-class-div -->
            <div class="ignored-class-div">
              <span class="ignored-class-name">com.RM.scripts.QuickPay_TC4</span>
              <div class="ignored-methods-div">
                <span class="ignored-method-name">suiteFirst</span>
                <br/>
                <span class="ignored-method-name">tearDownFirefox</span>
                <br/>
                <span class="ignored-method-name">first1</span>
                <br/>
                <span class="ignored-method-name">first</span>
                <br/>
              </div> <!-- ignored-methods-div -->
            </div> <!-- ignored-class-div -->
            <div class="ignored-class-div">
              <span class="ignored-class-name">com.RM.scripts.Moolaperks</span>
              <div class="ignored-methods-div">
                <span class="ignored-method-name">suiteFirst</span>
                <br/>
                <span class="ignored-method-name">tearDownFirefox</span>
                <br/>
                <span class="ignored-method-name">first1</span>
                <br/>
                <span class="ignored-method-name">first</span>
                <br/>
              </div> <!-- ignored-methods-div -->
            </div> <!-- ignored-class-div -->
            <div class="ignored-class-div">
              <span class="ignored-class-name">com.RM.scripts.QuickPay_TC2</span>
              <div class="ignored-methods-div">
                <span class="ignored-method-name">suiteFirst</span>
                <br/>
                <span class="ignored-method-name">tearDownFirefox</span>
                <br/>
                <span class="ignored-method-name">first1</span>
                <br/>
                <span class="ignored-method-name">first</span>
                <br/>
              </div> <!-- ignored-methods-div -->
            </div> <!-- ignored-class-div -->
            <div class="ignored-class-div">
              <span class="ignored-class-name">com.RM.scripts.QuickPay_TC5</span>
              <div class="ignored-methods-div">
                <span class="ignored-method-name">suiteFirst</span>
                <br/>
                <span class="ignored-method-name">tearDownFirefox</span>
                <br/>
                <span class="ignored-method-name">first1</span>
                <br/>
                <span class="ignored-method-name">first</span>
                <br/>
              </div> <!-- ignored-methods-div -->
            </div> <!-- ignored-class-div -->
            <div class="ignored-class-div">
              <span class="ignored-class-name">com.RM.scripts.TC6_PrimaryPayment</span>
              <div class="ignored-methods-div">
                <span class="ignored-method-name">suiteFirst</span>
                <br/>
                <span class="ignored-method-name">tearDownFirefox</span>
                <br/>
                <span class="ignored-method-name">first1</span>
                <br/>
                <span class="ignored-method-name">first</span>
                <br/>
              </div> <!-- ignored-methods-div -->
            </div> <!-- ignored-class-div -->
            <div class="ignored-class-div">
              <span class="ignored-class-name">com.RM.scripts.TC6_OneTimeChangePassword</span>
              <div class="ignored-methods-div">
                <span class="ignored-method-name">suiteFirst</span>
                <br/>
                <span class="ignored-method-name">tearDownFirefox</span>
                <br/>
                <span class="ignored-method-name">first1</span>
                <br/>
                <span class="ignored-method-name">first</span>
                <br/>
              </div> <!-- ignored-methods-div -->
            </div> <!-- ignored-class-div -->
            <div class="ignored-class-div">
              <span class="ignored-class-name">com.RM.scripts.TC6_PasswordMustMatch</span>
              <div class="ignored-methods-div">
                <span class="ignored-method-name">suiteFirst</span>
                <br/>
                <span class="ignored-method-name">tearDownFirefox</span>
                <br/>
                <span class="ignored-method-name">first1</span>
                <br/>
                <span class="ignored-method-name">first</span>
                <br/>
              </div> <!-- ignored-methods-div -->
            </div> <!-- ignored-class-div -->
            <div class="ignored-class-div">
              <span class="ignored-class-name">com.RM.scripts.QuickPay_TC3_4</span>
              <div class="ignored-methods-div">
                <span class="ignored-method-name">suiteFirst</span>
                <br/>
                <span class="ignored-method-name">tearDownFirefox</span>
                <br/>
                <span class="ignored-method-name">first1</span>
                <br/>
                <span class="ignored-method-name">first</span>
                <br/>
              </div> <!-- ignored-methods-div -->
            </div> <!-- ignored-class-div -->
          </div> <!-- main-panel-content rounded-window-bottom -->
        </div> <!-- panel -->
        <div panel-name="chronological-Test-method_Suite" class="panel">
          <div class="main-panel-header rounded-window-top">
            <span class="header-content">Methods in chronological order</span>
          </div> <!-- main-panel-header rounded-window-top -->
          <div class="main-panel-content rounded-window-bottom">
            <div class="chronological-class">
              <div class="chronological-class-name">com.RM.scripts.TC2_Recurring</div> <!-- chronological-class-name -->
              <div class="configuration-suite before">
                <span class="method-name">suiteFirst(org.testng.TestRunner@65bcf7c2, NO)</span>
                <span class="method-start">0 ms</span>
              </div> <!-- configuration-suite before -->
              <div class="configuration-test before">
                <span class="method-name">first(org.testng.TestRunner@65bcf7c2, chrome)</span>
                <span class="method-start">47 ms</span>
              </div> <!-- configuration-test before -->
              <div class="configuration-class before">
                <span class="method-name">excelLoad</span>
                <span class="method-start">531 ms</span>
              </div> <!-- configuration-class before -->
              <div class="configuration-class before">
                <span class="method-name">firstBeforeClass(org.testng.TestRunner@65bcf7c2, chrome)</span>
                <span class="method-start">531 ms</span>
              </div> <!-- configuration-class before -->
              <div class="configuration-method before">
                <span class="method-name">reportHeader(public void com.RM.scripts.TC2_Recurring.testTC2_Recurring() throws java.lang.Throwable, org.testng....)</span>
                <span class="method-start">1045 ms</span>
              </div> <!-- configuration-method before -->
              <div class="test-method">
                <img src="failed.png">
                </img>
                <span class="method-name">testTC2_Recurring</span>
                <span class="method-start">26534 ms</span>
              </div> <!-- test-method -->
              <div class="configuration-method after">
                <span class="method-name">tearDown</span>
                <span class="method-start">81712 ms</span>
              </div> <!-- configuration-method after -->
              <div class="configuration-class after">
                <span class="method-name">close</span>
                <span class="method-start">81946 ms</span>
              </div> <!-- configuration-class after -->
            </div> <!-- chronological-class -->
            <div class="chronological-class">
              <div class="chronological-class-name">com.RM.scripts.TC6_ExpiryCardError</div> <!-- chronological-class-name -->
              <div class="configuration-class before">
                <span class="method-name">excelLoad</span>
                <span class="method-start">81946 ms</span>
              </div> <!-- configuration-class before -->
              <div class="configuration-class before">
                <span class="method-name">firstBeforeClass(org.testng.TestRunner@65bcf7c2, chrome)</span>
                <span class="method-start">81946 ms</span>
              </div> <!-- configuration-class before -->
              <div class="configuration-method before">
                <span class="method-name">reportHeader(public void com.RM.scripts.TC6_ExpiryCardError.testTC6_ExpiryCardError() throws java.lang.Throwable,...)</span>
                <span class="method-start">82055 ms</span>
              </div> <!-- configuration-method before -->
              <div class="test-method">
                <img src="failed.png">
                </img>
                <span class="method-name">testTC6_ExpiryCardError</span>
                <span class="method-start">122921 ms</span>
              </div> <!-- test-method -->
              <div class="configuration-method after">
                <span class="method-name">tearDown</span>
                <span class="method-start">147525 ms</span>
              </div> <!-- configuration-method after -->
              <div class="configuration-class after">
                <span class="method-name">close</span>
                <span class="method-start">147587 ms</span>
              </div> <!-- configuration-class after -->
            </div> <!-- chronological-class -->
            <div class="chronological-class">
              <div class="chronological-class-name">com.RM.scripts.TC6_AddAndDeletePaymentMethod</div> <!-- chronological-class-name -->
              <div class="configuration-class before">
                <span class="method-name">excelLoad</span>
                <span class="method-start">147587 ms</span>
              </div> <!-- configuration-class before -->
              <div class="configuration-class before">
                <span class="method-name">firstBeforeClass(org.testng.TestRunner@65bcf7c2, chrome)</span>
                <span class="method-start">147587 ms</span>
              </div> <!-- configuration-class before -->
              <div class="configuration-method before">
                <span class="method-name">reportHeader(public void com.RM.scripts.TC6_AddAndDeletePaymentMethod.testTC6_AddAndDeletePaymentMethod() throws ...)</span>
                <span class="method-start">147650 ms</span>
              </div> <!-- configuration-method before -->
              <div class="test-method">
                <img src="failed.png">
                </img>
                <span class="method-name">testTC6_AddAndDeletePaymentMethod</span>
                <span class="method-start">160797 ms</span>
              </div> <!-- test-method -->
              <div class="configuration-method after">
                <span class="method-name">tearDown</span>
                <span class="method-start">187001 ms</span>
              </div> <!-- configuration-method after -->
              <div class="configuration-class after">
                <span class="method-name">close</span>
                <span class="method-start">187048 ms</span>
              </div> <!-- configuration-class after -->
            </div> <!-- chronological-class -->
            <div class="chronological-class">
              <div class="chronological-class-name">com.RM.scripts.TC6_DifferentPaymentAddress</div> <!-- chronological-class-name -->
              <div class="configuration-class before">
                <span class="method-name">excelLoad</span>
                <span class="method-start">187048 ms</span>
              </div> <!-- configuration-class before -->
              <div class="configuration-class before">
                <span class="method-name">firstBeforeClass(org.testng.TestRunner@65bcf7c2, chrome)</span>
                <span class="method-start">187048 ms</span>
              </div> <!-- configuration-class before -->
              <div class="configuration-method before">
                <span class="method-name">reportHeader(public void com.RM.scripts.TC6_DifferentPaymentAddress.testTC6_DifferentPaymentAddress() throws java...)</span>
                <span class="method-start">187095 ms</span>
              </div> <!-- configuration-method before -->
              <div class="test-method">
                <img src="failed.png">
                </img>
                <span class="method-name">testTC6_DifferentPaymentAddress</span>
                <span class="method-start">207252 ms</span>
              </div> <!-- test-method -->
              <div class="configuration-method after">
                <span class="method-name">tearDown</span>
                <span class="method-start">231624 ms</span>
              </div> <!-- configuration-method after -->
              <div class="configuration-class after">
                <span class="method-name">close</span>
                <span class="method-start">231671 ms</span>
              </div> <!-- configuration-class after -->
            </div> <!-- chronological-class -->
            <div class="chronological-class">
              <div class="chronological-class-name">com.RM.scripts.TC6_PrimaryPayment</div> <!-- chronological-class-name -->
              <div class="configuration-class before">
                <span class="method-name">excelLoad</span>
                <span class="method-start">231671 ms</span>
              </div> <!-- configuration-class before -->
              <div class="configuration-class before">
                <span class="method-name">firstBeforeClass(org.testng.TestRunner@65bcf7c2, chrome)</span>
                <span class="method-start">231671 ms</span>
              </div> <!-- configuration-class before -->
              <div class="configuration-method before">
                <span class="method-name">reportHeader(public void com.RM.scripts.TC6_PrimaryPayment.testTC6_PrimaryPayment() throws java.lang.Throwable, o...)</span>
                <span class="method-start">231717 ms</span>
              </div> <!-- configuration-method before -->
              <div class="test-method">
                <img src="failed.png">
                </img>
                <span class="method-name">testTC6_PrimaryPayment</span>
                <span class="method-start">245742 ms</span>
              </div> <!-- test-method -->
              <div class="configuration-method after">
                <span class="method-name">tearDown</span>
                <span class="method-start">269921 ms</span>
              </div> <!-- configuration-method after -->
              <div class="configuration-class after">
                <span class="method-name">close</span>
                <span class="method-start">269953 ms</span>
              </div> <!-- configuration-class after -->
            </div> <!-- chronological-class -->
            <div class="chronological-class">
              <div class="chronological-class-name">com.RM.scripts.Moolaperks</div> <!-- chronological-class-name -->
              <div class="configuration-class before">
                <span class="method-name">excelLoad</span>
                <span class="method-start">269953 ms</span>
              </div> <!-- configuration-class before -->
              <div class="configuration-class before">
                <span class="method-name">firstBeforeClass(org.testng.TestRunner@65bcf7c2, chrome)</span>
                <span class="method-start">269953 ms</span>
              </div> <!-- configuration-class before -->
              <div class="configuration-method before">
                <span class="method-name">reportHeader(public void com.RM.scripts.Moolaperks.testMoolaperks() throws java.lang.Throwable, org.testng.TestRu...)</span>
                <span class="method-start">269999 ms</span>
              </div> <!-- configuration-method before -->
              <div class="test-method">
                <img src="failed.png">
                </img>
                <span class="method-name">testMoolaperks</span>
                <span class="method-start">283537 ms</span>
              </div> <!-- test-method -->
              <div class="configuration-method after">
                <span class="method-name">tearDown</span>
                <span class="method-start">308257 ms</span>
              </div> <!-- configuration-method after -->
              <div class="configuration-class after">
                <span class="method-name">close</span>
                <span class="method-start">308288 ms</span>
              </div> <!-- configuration-class after -->
            </div> <!-- chronological-class -->
            <div class="chronological-class">
              <div class="chronological-class-name">com.RM.scripts.TC6_PasswordLengthValidation</div> <!-- chronological-class-name -->
              <div class="configuration-class before">
                <span class="method-name">excelLoad</span>
                <span class="method-start">308288 ms</span>
              </div> <!-- configuration-class before -->
              <div class="configuration-class before">
                <span class="method-name">firstBeforeClass(org.testng.TestRunner@65bcf7c2, chrome)</span>
                <span class="method-start">308288 ms</span>
              </div> <!-- configuration-class before -->
              <div class="configuration-method before">
                <span class="method-name">reportHeader(public void com.RM.scripts.TC6_PasswordLengthValidation.testTC6_PasswordLengthValidation() throws ja...)</span>
                <span class="method-start">308335 ms</span>
              </div> <!-- configuration-method before -->
              <div class="test-method">
                <span class="method-name">testTC6_PasswordLengthValidation</span>
                <span class="method-start">322136 ms</span>
              </div> <!-- test-method -->
              <div class="configuration-method after">
                <span class="method-name">tearDown</span>
                <span class="method-start">337226 ms</span>
              </div> <!-- configuration-method after -->
              <div class="configuration-class after">
                <span class="method-name">close</span>
                <span class="method-start">338006 ms</span>
              </div> <!-- configuration-class after -->
            </div> <!-- chronological-class -->
            <div class="chronological-class">
              <div class="chronological-class-name">com.RM.scripts.TC6_PasswordMustMatch</div> <!-- chronological-class-name -->
              <div class="configuration-class before">
                <span class="method-name">excelLoad</span>
                <span class="method-start">338006 ms</span>
              </div> <!-- configuration-class before -->
              <div class="configuration-class before">
                <span class="method-name">firstBeforeClass(org.testng.TestRunner@65bcf7c2, chrome)</span>
                <span class="method-start">338006 ms</span>
              </div> <!-- configuration-class before -->
              <div class="configuration-method before">
                <span class="method-name">reportHeader(public void com.RM.scripts.TC6_PasswordMustMatch.testTC6_PasswordMustMatch() throws java.lang.Throwa...)</span>
                <span class="method-start">338037 ms</span>
              </div> <!-- configuration-method before -->
              <div class="test-method">
                <span class="method-name">testTC6_PasswordMustMatch</span>
                <span class="method-start">351840 ms</span>
              </div> <!-- test-method -->
              <div class="configuration-method after">
                <span class="method-name">tearDown</span>
                <span class="method-start">367751 ms</span>
              </div> <!-- configuration-method after -->
              <div class="configuration-class after">
                <span class="method-name">close</span>
                <span class="method-start">368656 ms</span>
              </div> <!-- configuration-class after -->
            </div> <!-- chronological-class -->
            <div class="chronological-class">
              <div class="chronological-class-name">com.RM.scripts.TC6_ConfirmPasswordValidation</div> <!-- chronological-class-name -->
              <div class="configuration-class before">
                <span class="method-name">excelLoad</span>
                <span class="method-start">368656 ms</span>
              </div> <!-- configuration-class before -->
              <div class="configuration-class before">
                <span class="method-name">firstBeforeClass(org.testng.TestRunner@65bcf7c2, chrome)</span>
                <span class="method-start">368656 ms</span>
              </div> <!-- configuration-class before -->
              <div class="configuration-method before">
                <span class="method-name">reportHeader(public void com.RM.scripts.TC6_ConfirmPasswordValidation.testTC6_ConfirmPasswordValidation() throws ...)</span>
                <span class="method-start">368687 ms</span>
              </div> <!-- configuration-method before -->
              <div class="test-method">
                <span class="method-name">testTC6_ConfirmPasswordValidation</span>
                <span class="method-start">383757 ms</span>
              </div> <!-- test-method -->
              <div class="configuration-method after">
                <span class="method-name">tearDown</span>
                <span class="method-start">400209 ms</span>
              </div> <!-- configuration-method after -->
              <div class="configuration-class after">
                <span class="method-name">close</span>
                <span class="method-start">401036 ms</span>
              </div> <!-- configuration-class after -->
            </div> <!-- chronological-class -->
            <div class="chronological-class">
              <div class="chronological-class-name">com.RM.scripts.TC6_OneTimeChangePassword</div> <!-- chronological-class-name -->
              <div class="configuration-class before">
                <span class="method-name">excelLoad</span>
                <span class="method-start">401036 ms</span>
              </div> <!-- configuration-class before -->
              <div class="configuration-class before">
                <span class="method-name">firstBeforeClass(org.testng.TestRunner@65bcf7c2, chrome)</span>
                <span class="method-start">401036 ms</span>
              </div> <!-- configuration-class before -->
              <div class="configuration-method before">
                <span class="method-name">reportHeader(public void com.RM.scripts.TC6_OneTimeChangePassword.testTC6_OneTimeChangePassword() throws java.lan...)</span>
                <span class="method-start">401067 ms</span>
              </div> <!-- configuration-method before -->
              <div class="test-method">
                <img src="failed.png">
                </img>
                <span class="method-name">testTC6_OneTimeChangePassword</span>
                <span class="method-start">414178 ms</span>
              </div> <!-- test-method -->
              <div class="configuration-method after">
                <span class="method-name">tearDown</span>
                <span class="method-start">438358 ms</span>
              </div> <!-- configuration-method after -->
              <div class="configuration-class after">
                <span class="method-name">close</span>
                <span class="method-start">438389 ms</span>
              </div> <!-- configuration-class after -->
            </div> <!-- chronological-class -->
            <div class="chronological-class">
              <div class="chronological-class-name">com.RM.scripts.QuickPay_TC4</div> <!-- chronological-class-name -->
              <div class="configuration-class before">
                <span class="method-name">excelLoad</span>
                <span class="method-start">438389 ms</span>
              </div> <!-- configuration-class before -->
              <div class="configuration-class before">
                <span class="method-name">firstBeforeClass(org.testng.TestRunner@65bcf7c2, chrome)</span>
                <span class="method-start">438389 ms</span>
              </div> <!-- configuration-class before -->
              <div class="configuration-method before">
                <span class="method-name">reportHeader(public void com.RM.scripts.QuickPay_TC4.testQuickPay_TC4() throws java.lang.Throwable, org.testng.Te...)</span>
                <span class="method-start">438451 ms</span>
              </div> <!-- configuration-method before -->
              <div class="test-method">
                <img src="failed.png">
                </img>
                <span class="method-name">testQuickPay_TC4</span>
                <span class="method-start">451367 ms</span>
              </div> <!-- test-method -->
              <div class="configuration-method after">
                <span class="method-name">tearDown</span>
                <span class="method-start">482852 ms</span>
              </div> <!-- configuration-method after -->
              <div class="configuration-class after">
                <span class="method-name">close</span>
                <span class="method-start">482883 ms</span>
              </div> <!-- configuration-class after -->
            </div> <!-- chronological-class -->
            <div class="chronological-class">
              <div class="chronological-class-name">com.RM.scripts.QuickPay_TC3_1</div> <!-- chronological-class-name -->
              <div class="configuration-class before">
                <span class="method-name">excelLoad</span>
                <span class="method-start">482883 ms</span>
              </div> <!-- configuration-class before -->
              <div class="configuration-class before">
                <span class="method-name">firstBeforeClass(org.testng.TestRunner@65bcf7c2, chrome)</span>
                <span class="method-start">482883 ms</span>
              </div> <!-- configuration-class before -->
              <div class="configuration-method before">
                <span class="method-name">reportHeader(public void com.RM.scripts.QuickPay_TC3_1.testQuickPay_TC3_1() throws java.lang.Throwable, org.testn...)</span>
                <span class="method-start">482914 ms</span>
              </div> <!-- configuration-method before -->
              <div class="test-method">
                <img src="failed.png">
                </img>
                <span class="method-name">testQuickPay_TC3_1</span>
                <span class="method-start">495810 ms</span>
              </div> <!-- test-method -->
              <div class="configuration-method after">
                <span class="method-name">tearDown</span>
                <span class="method-start">520720 ms</span>
              </div> <!-- configuration-method after -->
              <div class="configuration-class after">
                <span class="method-name">close</span>
                <span class="method-start">520751 ms</span>
              </div> <!-- configuration-class after -->
            </div> <!-- chronological-class -->
            <div class="chronological-class">
              <div class="chronological-class-name">com.RM.scripts.QuickPay_TC2</div> <!-- chronological-class-name -->
              <div class="configuration-class before">
                <span class="method-name">excelLoad</span>
                <span class="method-start">520751 ms</span>
              </div> <!-- configuration-class before -->
              <div class="configuration-class before">
                <span class="method-name">firstBeforeClass(org.testng.TestRunner@65bcf7c2, chrome)</span>
                <span class="method-start">520751 ms</span>
              </div> <!-- configuration-class before -->
              <div class="configuration-method before">
                <span class="method-name">reportHeader(public void com.RM.scripts.QuickPay_TC2.testQuickPay_TC2() throws java.lang.Throwable, org.testng.Te...)</span>
                <span class="method-start">520798 ms</span>
              </div> <!-- configuration-method before -->
              <div class="test-method">
                <span class="method-name">testQuickPay_TC2</span>
                <span class="method-start">533261 ms</span>
              </div> <!-- test-method -->
              <div class="configuration-method after">
                <span class="method-name">tearDown</span>
                <span class="method-start">597653 ms</span>
              </div> <!-- configuration-method after -->
              <div class="configuration-class after">
                <span class="method-name">close</span>
                <span class="method-start">598448 ms</span>
              </div> <!-- configuration-class after -->
            </div> <!-- chronological-class -->
            <div class="chronological-class">
              <div class="chronological-class-name">com.RM.scripts.QuickPay_TC3_3</div> <!-- chronological-class-name -->
              <div class="configuration-class before">
                <span class="method-name">excelLoad</span>
                <span class="method-start">598448 ms</span>
              </div> <!-- configuration-class before -->
              <div class="configuration-class before">
                <span class="method-name">firstBeforeClass(org.testng.TestRunner@65bcf7c2, chrome)</span>
                <span class="method-start">598448 ms</span>
              </div> <!-- configuration-class before -->
              <div class="configuration-method before">
                <span class="method-name">reportHeader(public void com.RM.scripts.QuickPay_TC3_3.testQuickPay_TC3_3() throws java.lang.Throwable, org.testn...)</span>
                <span class="method-start">598480 ms</span>
              </div> <!-- configuration-method before -->
              <div class="test-method">
                <img src="failed.png">
                </img>
                <span class="method-name">testQuickPay_TC3_3</span>
                <span class="method-start">614058 ms</span>
              </div> <!-- test-method -->
              <div class="configuration-method after">
                <span class="method-name">tearDown</span>
                <span class="method-start">677616 ms</span>
              </div> <!-- configuration-method after -->
              <div class="configuration-class after">
                <span class="method-name">close</span>
                <span class="method-start">677647 ms</span>
              </div> <!-- configuration-class after -->
            </div> <!-- chronological-class -->
            <div class="chronological-class">
              <div class="chronological-class-name">com.RM.scripts.QuickPay_TC5</div> <!-- chronological-class-name -->
              <div class="configuration-class before">
                <span class="method-name">excelLoad</span>
                <span class="method-start">677647 ms</span>
              </div> <!-- configuration-class before -->
              <div class="configuration-class before">
                <span class="method-name">firstBeforeClass(org.testng.TestRunner@65bcf7c2, chrome)</span>
                <span class="method-start">677647 ms</span>
              </div> <!-- configuration-class before -->
              <div class="configuration-method before">
                <span class="method-name">reportHeader(public void com.RM.scripts.QuickPay_TC5.testQuickPay_TC5() throws java.lang.Throwable, org.testng.Te...)</span>
                <span class="method-start">677694 ms</span>
              </div> <!-- configuration-method before -->
              <div class="test-method">
                <img src="failed.png">
                </img>
                <span class="method-name">testQuickPay_TC5</span>
                <span class="method-start">697973 ms</span>
              </div> <!-- test-method -->
              <div class="configuration-method after">
                <span class="method-name">tearDown</span>
                <span class="method-start">742434 ms</span>
              </div> <!-- configuration-method after -->
              <div class="configuration-class after">
                <span class="method-name">close</span>
                <span class="method-start">742465 ms</span>
              </div> <!-- configuration-class after -->
            </div> <!-- chronological-class -->
            <div class="chronological-class">
              <div class="chronological-class-name">com.RM.scripts.QuickPay_TC3_4</div> <!-- chronological-class-name -->
              <div class="configuration-class before">
                <span class="method-name">excelLoad</span>
                <span class="method-start">742465 ms</span>
              </div> <!-- configuration-class before -->
              <div class="configuration-class before">
                <span class="method-name">firstBeforeClass(org.testng.TestRunner@65bcf7c2, chrome)</span>
                <span class="method-start">742465 ms</span>
              </div> <!-- configuration-class before -->
              <div class="configuration-method before">
                <span class="method-name">reportHeader(public void com.RM.scripts.QuickPay_TC3_4.testQuickPay_TC3_4() throws java.lang.Throwable, org.testn...)</span>
                <span class="method-start">742496 ms</span>
              </div> <!-- configuration-method before -->
              <div class="test-method">
                <img src="failed.png">
                </img>
                <span class="method-name">testQuickPay_TC3_4</span>
                <span class="method-start">757432 ms</span>
              </div> <!-- test-method -->
              <div class="configuration-method after">
                <span class="method-name">tearDown</span>
                <span class="method-start">787071 ms</span>
              </div> <!-- configuration-method after -->
              <div class="configuration-class after">
                <span class="method-name">close</span>
                <span class="method-start">787102 ms</span>
              </div> <!-- configuration-class after -->
            </div> <!-- chronological-class -->
            <div class="chronological-class">
              <div class="chronological-class-name">com.RM.scripts.TC2_Recurring</div> <!-- chronological-class-name -->
              <div class="configuration-test after">
                <span class="method-name">first1(org.testng.TestRunner@65bcf7c2)</span>
                <span class="method-start">787102 ms</span>
              </div> <!-- configuration-test after -->
              <div class="configuration-suite after">
                <img src="failed.png">
                </img>
                <span class="method-name">tearDownFirefox(org.testng.TestRunner@65bcf7c2)</span>
                <span class="method-start">787134 ms</span>
              </div> <!-- configuration-suite after -->
          </div> <!-- main-panel-content rounded-window-bottom -->
        </div> <!-- panel -->
      </div> <!-- main-panel-root -->
    </div> <!-- wrapper -->
  </body>
</html>
