<?xml version="1.0" encoding="UTF-8"?>
<testng-results skipped="0" failed="12" ignored="60" total="76" passed="4">
  <reporter-output>
  </reporter-output>
  <suite name="Test-method Suite" duration-ms="787055" started-at="2017-11-16T09:02:04Z" finished-at="2017-11-16T09:15:11Z">
    <groups>
    </groups>
    <test name="RM" duration-ms="787055" started-at="2017-11-16T09:02:04Z" finished-at="2017-11-16T09:15:11Z">
      <class name="com.RM.scripts.TC6_AddAndDeletePaymentMethod">
        <test-method status="PASS" signature="excelLoad()[pri:0, instance:com.RM.scripts.TC6_AddAndDeletePaymentMethod@4cf777e8]" name="excelLoad" is-config="true" duration-ms="63" started-at="2017-11-16T14:34:32Z" finished-at="2017-11-16T14:34:32Z">
          <reporter-output>
          </reporter-output>
        </test-method> <!-- excelLoad -->
        <test-method status="PASS" signature="firstBeforeClass(org.testng.ITestContext, java.lang.String)[pri:0, instance:com.RM.scripts.TC6_AddAndDeletePaymentMethod@4cf777e8]" name="firstBeforeClass" is-config="true" duration-ms="0" started-at="2017-11-16T14:34:32Z" finished-at="2017-11-16T14:34:32Z">
          <params>
            <param index="0">
              <value>
                <![CDATA[org.testng.TestRunner@65bcf7c2]]>
              </value>
            </param>
            <param index="1">
              <value>
                <![CDATA[chrome]]>
              </value>
            </param>
          </params>
          <reporter-output>
          </reporter-output>
        </test-method> <!-- firstBeforeClass -->
        <test-method status="PASS" signature="reportHeader(java.lang.reflect.Method, org.testng.ITestContext)[pri:0, instance:com.RM.scripts.TC6_AddAndDeletePaymentMethod@4cf777e8]" name="reportHeader" is-config="true" duration-ms="13147" started-at="2017-11-16T14:34:32Z" finished-at="2017-11-16T14:34:45Z">
          <params>
            <param index="0">
              <value>
                <![CDATA[public void com.RM.scripts.TC6_AddAndDeletePaymentMethod.testTC6_AddAndDeletePaymentMethod() throws java.lang.Throwable]]>
              </value>
            </param>
            <param index="1">
              <value>
                <![CDATA[org.testng.TestRunner@65bcf7c2]]>
              </value>
            </param>
          </params>
          <reporter-output>
          </reporter-output>
        </test-method> <!-- reportHeader -->
        <test-method status="FAIL" signature="testTC6_AddAndDeletePaymentMethod()[pri:0, instance:com.RM.scripts.TC6_AddAndDeletePaymentMethod@4cf777e8]" name="testTC6_AddAndDeletePaymentMethod" duration-ms="26204" started-at="2017-11-16T14:34:45Z" finished-at="2017-11-16T14:35:11Z">
          <exception class="java.lang.IllegalStateException">
            <message>
              <![CDATA[The driver executable does not exist: C:\Users\Venkatesware\swgworkspace\eDTC-Automation\Drivers\chromedriver.exe]]>
            </message>
            <full-stacktrace>
              <![CDATA[java.lang.IllegalStateException: The driver executable does not exist: C:\Users\Venkatesware\swgworkspace\eDTC-Automation\Drivers\chromedriver.exe
	at com.google.common.base.Preconditions.checkState(Preconditions.java:199)
	at org.openqa.selenium.remote.service.DriverService.checkExecutable(DriverService.java:121)
	at org.openqa.selenium.remote.service.DriverService.findExecutable(DriverService.java:116)
	at org.openqa.selenium.chrome.ChromeDriverService.access$000(ChromeDriverService.java:32)
	at org.openqa.selenium.chrome.ChromeDriverService$Builder.findDefaultExecutable(ChromeDriverService.java:137)
	at org.openqa.selenium.remote.service.DriverService$Builder.build(DriverService.java:296)
	at org.openqa.selenium.chrome.ChromeDriverService.createDefaultService(ChromeDriverService.java:88)
	at org.openqa.selenium.chrome.ChromeDriver.<init>(ChromeDriver.java:116)
	at com.RM.accelerators.TestEngine.openBrowser(TestEngine.java:778)
	at com.RM.accelerators.ActionEngine.catchBlock(ActionEngine.java:2436)
	at com.RM.scripts.TC6_AddAndDeletePaymentMethod.testTC6_AddAndDeletePaymentMethod(TC6_AddAndDeletePaymentMethod.java:124)
	at sun.reflect.NativeMethodAccessorImpl.invoke0(Native Method)
	at sun.reflect.NativeMethodAccessorImpl.invoke(NativeMethodAccessorImpl.java:62)
	at sun.reflect.DelegatingMethodAccessorImpl.invoke(DelegatingMethodAccessorImpl.java:43)
	at java.lang.reflect.Method.invoke(Method.java:498)
	at org.testng.internal.MethodInvocationHelper.invokeMethod(MethodInvocationHelper.java:108)
	at org.testng.internal.Invoker.invokeMethod(Invoker.java:661)
	at org.testng.internal.Invoker.invokeTestMethod(Invoker.java:869)
	at org.testng.internal.Invoker.invokeTestMethods(Invoker.java:1193)
	at org.testng.internal.TestMethodWorker.invokeTestMethods(TestMethodWorker.java:126)
	at org.testng.internal.TestMethodWorker.run(TestMethodWorker.java:109)
	at org.testng.TestRunner.privateRun(TestRunner.java:744)
	at org.testng.TestRunner.run(TestRunner.java:602)
	at org.testng.SuiteRunner.runTest(SuiteRunner.java:380)
	at org.testng.SuiteRunner.runSequentially(SuiteRunner.java:375)
	at org.testng.SuiteRunner.privateRun(SuiteRunner.java:340)
	at org.testng.SuiteRunner.run(SuiteRunner.java:289)
	at org.testng.SuiteRunnerWorker.runSuite(SuiteRunnerWorker.java:52)
	at org.testng.SuiteRunnerWorker.run(SuiteRunnerWorker.java:86)
	at org.testng.TestNG.runSuitesSequentially(TestNG.java:1301)
	at org.testng.TestNG.runSuitesLocally(TestNG.java:1226)
	at org.testng.TestNG.runSuites(TestNG.java:1144)
	at org.testng.TestNG.run(TestNG.java:1115)
	at org.apache.maven.surefire.testng.TestNGExecutor.run(TestNGExecutor.java:293)
	at org.apache.maven.surefire.testng.TestNGXmlTestSuite.execute(TestNGXmlTestSuite.java:84)
	at org.apache.maven.surefire.testng.TestNGProvider.invoke(TestNGProvider.java:91)
	at org.apache.maven.surefire.booter.ForkedBooter.invokeProviderInSameClassLoader(ForkedBooter.java:200)
	at org.apache.maven.surefire.booter.ForkedBooter.runSuitesInProcess(ForkedBooter.java:153)
	at org.apache.maven.surefire.booter.ForkedBooter.main(ForkedBooter.java:103)
]]>
            </full-stacktrace>
          </exception> <!-- java.lang.IllegalStateException -->
          <reporter-output>
          </reporter-output>
        </test-method> <!-- testTC6_AddAndDeletePaymentMethod -->
        <test-method status="PASS" signature="tearDown()[pri:0, instance:com.RM.scripts.TC6_AddAndDeletePaymentMethod@4cf777e8]" name="tearDown" is-config="true" duration-ms="47" started-at="2017-11-16T14:35:11Z" finished-at="2017-11-16T14:35:11Z">
          <reporter-output>
          </reporter-output>
        </test-method> <!-- tearDown -->
        <test-method status="PASS" signature="close()[pri:0, instance:com.RM.scripts.TC6_AddAndDeletePaymentMethod@4cf777e8]" name="close" is-config="true" duration-ms="0" started-at="2017-11-16T14:35:11Z" finished-at="2017-11-16T14:35:11Z">
          <reporter-output>
          </reporter-output>
        </test-method> <!-- close -->
      </class> <!-- com.RM.scripts.TC6_AddAndDeletePaymentMethod -->
      <class name="com.RM.scripts.TC6_PasswordMustMatch">
        <test-method status="PASS" signature="firstBeforeClass(org.testng.ITestContext, java.lang.String)[pri:0, instance:com.RM.scripts.TC6_PasswordMustMatch@1ce92674]" name="firstBeforeClass" is-config="true" duration-ms="0" started-at="2017-11-16T14:37:42Z" finished-at="2017-11-16T14:37:42Z">
          <params>
            <param index="0">
              <value>
                <![CDATA[org.testng.TestRunner@65bcf7c2]]>
              </value>
            </param>
            <param index="1">
              <value>
                <![CDATA[chrome]]>
              </value>
            </param>
          </params>
          <reporter-output>
          </reporter-output>
        </test-method> <!-- firstBeforeClass -->
        <test-method status="PASS" signature="excelLoad()[pri:0, instance:com.RM.scripts.TC6_PasswordMustMatch@1ce92674]" name="excelLoad" is-config="true" duration-ms="31" started-at="2017-11-16T14:37:42Z" finished-at="2017-11-16T14:37:42Z">
          <reporter-output>
          </reporter-output>
        </test-method> <!-- excelLoad -->
        <test-method status="PASS" signature="reportHeader(java.lang.reflect.Method, org.testng.ITestContext)[pri:0, instance:com.RM.scripts.TC6_PasswordMustMatch@1ce92674]" name="reportHeader" is-config="true" duration-ms="13803" started-at="2017-11-16T14:37:42Z" finished-at="2017-11-16T14:37:56Z">
          <params>
            <param index="0">
              <value>
                <![CDATA[public void com.RM.scripts.TC6_PasswordMustMatch.testTC6_PasswordMustMatch() throws java.lang.Throwable]]>
              </value>
            </param>
            <param index="1">
              <value>
                <![CDATA[org.testng.TestRunner@65bcf7c2]]>
              </value>
            </param>
          </params>
          <reporter-output>
          </reporter-output>
        </test-method> <!-- reportHeader -->
        <test-method status="PASS" signature="testTC6_PasswordMustMatch()[pri:0, instance:com.RM.scripts.TC6_PasswordMustMatch@1ce92674]" name="testTC6_PasswordMustMatch" duration-ms="15911" started-at="2017-11-16T14:37:56Z" finished-at="2017-11-16T14:38:12Z">
          <reporter-output>
          </reporter-output>
        </test-method> <!-- testTC6_PasswordMustMatch -->
        <test-method status="PASS" signature="tearDown()[pri:0, instance:com.RM.scripts.TC6_PasswordMustMatch@1ce92674]" name="tearDown" is-config="true" duration-ms="905" started-at="2017-11-16T14:38:12Z" finished-at="2017-11-16T14:38:13Z">
          <reporter-output>
          </reporter-output>
        </test-method> <!-- tearDown -->
        <test-method status="PASS" signature="close()[pri:0, instance:com.RM.scripts.TC6_PasswordMustMatch@1ce92674]" name="close" is-config="true" duration-ms="0" started-at="2017-11-16T14:38:13Z" finished-at="2017-11-16T14:38:13Z">
          <reporter-output>
          </reporter-output>
        </test-method> <!-- close -->
      </class> <!-- com.RM.scripts.TC6_PasswordMustMatch -->
      <class name="com.RM.scripts.TC2_Recurring">
        <test-method status="PASS" signature="suiteFirst(org.testng.ITestContext, java.lang.String)[pri:0, instance:com.RM.scripts.TC2_Recurring@402a079c]" name="suiteFirst" is-config="true" duration-ms="47" started-at="2017-11-16T14:32:04Z" finished-at="2017-11-16T14:32:04Z">
          <params>
            <param index="0">
              <value>
                <![CDATA[org.testng.TestRunner@65bcf7c2]]>
              </value>
            </param>
            <param index="1">
              <value>
                <![CDATA[NO]]>
              </value>
            </param>
          </params>
          <reporter-output>
          </reporter-output>
        </test-method> <!-- suiteFirst -->
        <test-method status="PASS" signature="first(org.testng.ITestContext, java.lang.String)[pri:0, instance:com.RM.scripts.TC2_Recurring@402a079c]" name="first" is-config="true" duration-ms="484" started-at="2017-11-16T14:32:04Z" finished-at="2017-11-16T14:32:04Z">
          <params>
            <param index="0">
              <value>
                <![CDATA[org.testng.TestRunner@65bcf7c2]]>
              </value>
            </param>
            <param index="1">
              <value>
                <![CDATA[chrome]]>
              </value>
            </param>
          </params>
          <reporter-output>
          </reporter-output>
        </test-method> <!-- first -->
        <test-method status="PASS" signature="excelLoad()[pri:0, instance:com.RM.scripts.TC2_Recurring@402a079c]" name="excelLoad" is-config="true" duration-ms="514" started-at="2017-11-16T14:32:04Z" finished-at="2017-11-16T14:32:05Z">
          <reporter-output>
          </reporter-output>
        </test-method> <!-- excelLoad -->
        <test-method status="PASS" signature="firstBeforeClass(org.testng.ITestContext, java.lang.String)[pri:0, instance:com.RM.scripts.TC2_Recurring@402a079c]" name="firstBeforeClass" is-config="true" duration-ms="0" started-at="2017-11-16T14:32:04Z" finished-at="2017-11-16T14:32:04Z">
          <params>
            <param index="0">
              <value>
                <![CDATA[org.testng.TestRunner@65bcf7c2]]>
              </value>
            </param>
            <param index="1">
              <value>
                <![CDATA[chrome]]>
              </value>
            </param>
          </params>
          <reporter-output>
          </reporter-output>
        </test-method> <!-- firstBeforeClass -->
        <test-method status="PASS" signature="reportHeader(java.lang.reflect.Method, org.testng.ITestContext)[pri:0, instance:com.RM.scripts.TC2_Recurring@402a079c]" name="reportHeader" is-config="true" duration-ms="25489" started-at="2017-11-16T14:32:05Z" finished-at="2017-11-16T14:32:30Z">
          <params>
            <param index="0">
              <value>
                <![CDATA[public void com.RM.scripts.TC2_Recurring.testTC2_Recurring() throws java.lang.Throwable]]>
              </value>
            </param>
            <param index="1">
              <value>
                <![CDATA[org.testng.TestRunner@65bcf7c2]]>
              </value>
            </param>
          </params>
          <reporter-output>
          </reporter-output>
        </test-method> <!-- reportHeader -->
        <test-method status="FAIL" signature="testTC2_Recurring()[pri:0, instance:com.RM.scripts.TC2_Recurring@402a079c]" name="testTC2_Recurring" duration-ms="55163" started-at="2017-11-16T14:32:30Z" finished-at="2017-11-16T14:33:26Z">
          <exception class="java.lang.IllegalStateException">
            <message>
              <![CDATA[The driver executable does not exist: C:\Users\Venkatesware\swgworkspace\eDTC-Automation\Drivers\chromedriver.exe]]>
            </message>
            <full-stacktrace>
              <![CDATA[java.lang.IllegalStateException: The driver executable does not exist: C:\Users\Venkatesware\swgworkspace\eDTC-Automation\Drivers\chromedriver.exe
	at com.google.common.base.Preconditions.checkState(Preconditions.java:199)
	at org.openqa.selenium.remote.service.DriverService.checkExecutable(DriverService.java:121)
	at org.openqa.selenium.remote.service.DriverService.findExecutable(DriverService.java:116)
	at org.openqa.selenium.chrome.ChromeDriverService.access$000(ChromeDriverService.java:32)
	at org.openqa.selenium.chrome.ChromeDriverService$Builder.findDefaultExecutable(ChromeDriverService.java:137)
	at org.openqa.selenium.remote.service.DriverService$Builder.build(DriverService.java:296)
	at org.openqa.selenium.chrome.ChromeDriverService.createDefaultService(ChromeDriverService.java:88)
	at org.openqa.selenium.chrome.ChromeDriver.<init>(ChromeDriver.java:116)
	at com.RM.accelerators.TestEngine.openBrowser(TestEngine.java:778)
	at com.RM.accelerators.ActionEngine.catchBlock(ActionEngine.java:2436)
	at com.RM.scripts.TC2_Recurring.testTC2_Recurring(TC2_Recurring.java:104)
	at sun.reflect.NativeMethodAccessorImpl.invoke0(Native Method)
	at sun.reflect.NativeMethodAccessorImpl.invoke(NativeMethodAccessorImpl.java:62)
	at sun.reflect.DelegatingMethodAccessorImpl.invoke(DelegatingMethodAccessorImpl.java:43)
	at java.lang.reflect.Method.invoke(Method.java:498)
	at org.testng.internal.MethodInvocationHelper.invokeMethod(MethodInvocationHelper.java:108)
	at org.testng.internal.Invoker.invokeMethod(Invoker.java:661)
	at org.testng.internal.Invoker.invokeTestMethod(Invoker.java:869)
	at org.testng.internal.Invoker.invokeTestMethods(Invoker.java:1193)
	at org.testng.internal.TestMethodWorker.invokeTestMethods(TestMethodWorker.java:126)
	at org.testng.internal.TestMethodWorker.run(TestMethodWorker.java:109)
	at org.testng.TestRunner.privateRun(TestRunner.java:744)
	at org.testng.TestRunner.run(TestRunner.java:602)
	at org.testng.SuiteRunner.runTest(SuiteRunner.java:380)
	at org.testng.SuiteRunner.runSequentially(SuiteRunner.java:375)
	at org.testng.SuiteRunner.privateRun(SuiteRunner.java:340)
	at org.testng.SuiteRunner.run(SuiteRunner.java:289)
	at org.testng.SuiteRunnerWorker.runSuite(SuiteRunnerWorker.java:52)
	at org.testng.SuiteRunnerWorker.run(SuiteRunnerWorker.java:86)
	at org.testng.TestNG.runSuitesSequentially(TestNG.java:1301)
	at org.testng.TestNG.runSuitesLocally(TestNG.java:1226)
	at org.testng.TestNG.runSuites(TestNG.java:1144)
	at org.testng.TestNG.run(TestNG.java:1115)
	at org.apache.maven.surefire.testng.TestNGExecutor.run(TestNGExecutor.java:293)
	at org.apache.maven.surefire.testng.TestNGXmlTestSuite.execute(TestNGXmlTestSuite.java:84)
	at org.apache.maven.surefire.testng.TestNGProvider.invoke(TestNGProvider.java:91)
	at org.apache.maven.surefire.booter.ForkedBooter.invokeProviderInSameClassLoader(ForkedBooter.java:200)
	at org.apache.maven.surefire.booter.ForkedBooter.runSuitesInProcess(ForkedBooter.java:153)
	at org.apache.maven.surefire.booter.ForkedBooter.main(ForkedBooter.java:103)
]]>
            </full-stacktrace>
          </exception> <!-- java.lang.IllegalStateException -->
          <reporter-output>
          </reporter-output>
        </test-method> <!-- testTC2_Recurring -->
        <test-method status="PASS" signature="tearDown()[pri:0, instance:com.RM.scripts.TC2_Recurring@402a079c]" name="tearDown" is-config="true" duration-ms="234" started-at="2017-11-16T14:33:26Z" finished-at="2017-11-16T14:33:26Z">
          <reporter-output>
          </reporter-output>
        </test-method> <!-- tearDown -->
        <test-method status="PASS" signature="close()[pri:0, instance:com.RM.scripts.TC2_Recurring@402a079c]" name="close" is-config="true" duration-ms="0" started-at="2017-11-16T14:33:26Z" finished-at="2017-11-16T14:33:26Z">
          <reporter-output>
          </reporter-output>
        </test-method> <!-- close -->
        <test-method status="PASS" signature="first1(org.testng.ITestContext)[pri:0, instance:com.RM.scripts.TC2_Recurring@402a079c]" name="first1" is-config="true" duration-ms="0" started-at="2017-11-16T14:45:11Z" finished-at="2017-11-16T14:45:11Z">
          <params>
            <param index="0">
              <value>
                <![CDATA[org.testng.TestRunner@65bcf7c2]]>
              </value>
            </param>
          </params>
          <reporter-output>
          </reporter-output>
        </test-method> <!-- first1 -->
        <test-method status="FAIL" signature="tearDownFirefox(org.testng.ITestContext)[pri:0, instance:com.RM.scripts.TC2_Recurring@402a079c]" name="tearDownFirefox" is-config="true" duration-ms="421" started-at="2017-11-16T14:45:11Z" finished-at="2017-11-16T14:45:11Z">
          <params>
            <param index="0">
              <value>
                <![CDATA[org.testng.TestRunner@65bcf7c2]]>
              </value>
            </param>
          </params>
          <exception class="java.lang.IndexOutOfBoundsException">
            <message>
              <![CDATA[Index: 0]]>
            </message>
            <full-stacktrace>
              <![CDATA[java.lang.IndexOutOfBoundsException: Index: 0
	at java.util.Collections$EmptyList.get(Collections.java:4454)
	at java.util.Collections$UnmodifiableList.get(Collections.java:1309)
	at com.RM.accelerators.TestEngine.setElements(TestEngine.java:734)
	at com.RM.accelerators.TestEngine.WriteExcelfile(TestEngine.java:667)
	at com.RM.accelerators.TestEngine.tearDownFirefox(TestEngine.java:199)
	at sun.reflect.NativeMethodAccessorImpl.invoke0(Native Method)
	at sun.reflect.NativeMethodAccessorImpl.invoke(NativeMethodAccessorImpl.java:62)
	at sun.reflect.DelegatingMethodAccessorImpl.invoke(DelegatingMethodAccessorImpl.java:43)
	at java.lang.reflect.Method.invoke(Method.java:498)
	at org.testng.internal.MethodInvocationHelper.invokeMethod(MethodInvocationHelper.java:108)
	at org.testng.internal.Invoker.invokeConfigurationMethod(Invoker.java:523)
	at org.testng.internal.Invoker.invokeConfigurations(Invoker.java:224)
	at org.testng.internal.Invoker.invokeConfigurations(Invoker.java:146)
	at org.testng.SuiteRunner.privateRun(SuiteRunner.java:350)
	at org.testng.SuiteRunner.run(SuiteRunner.java:289)
	at org.testng.SuiteRunnerWorker.runSuite(SuiteRunnerWorker.java:52)
	at org.testng.SuiteRunnerWorker.run(SuiteRunnerWorker.java:86)
	at org.testng.TestNG.runSuitesSequentially(TestNG.java:1301)
	at org.testng.TestNG.runSuitesLocally(TestNG.java:1226)
	at org.testng.TestNG.runSuites(TestNG.java:1144)
	at org.testng.TestNG.run(TestNG.java:1115)
	at org.apache.maven.surefire.testng.TestNGExecutor.run(TestNGExecutor.java:293)
	at org.apache.maven.surefire.testng.TestNGXmlTestSuite.execute(TestNGXmlTestSuite.java:84)
	at org.apache.maven.surefire.testng.TestNGProvider.invoke(TestNGProvider.java:91)
	at org.apache.maven.surefire.booter.ForkedBooter.invokeProviderInSameClassLoader(ForkedBooter.java:200)
	at org.apache.maven.surefire.booter.ForkedBooter.runSuitesInProcess(ForkedBooter.java:153)
	at org.apache.maven.surefire.booter.ForkedBooter.main(ForkedBooter.java:103)
]]>
            </full-stacktrace>
          </exception> <!-- java.lang.IndexOutOfBoundsException -->
          <reporter-output>
          </reporter-output>
        </test-method> <!-- tearDownFirefox -->
      </class> <!-- com.RM.scripts.TC2_Recurring -->
      <class name="com.RM.scripts.Moolaperks">
        <test-method status="PASS" signature="firstBeforeClass(org.testng.ITestContext, java.lang.String)[pri:0, instance:com.RM.scripts.Moolaperks@73ad2d6]" name="firstBeforeClass" is-config="true" duration-ms="0" started-at="2017-11-16T14:36:34Z" finished-at="2017-11-16T14:36:34Z">
          <params>
            <param index="0">
              <value>
                <![CDATA[org.testng.TestRunner@65bcf7c2]]>
              </value>
            </param>
            <param index="1">
              <value>
                <![CDATA[chrome]]>
              </value>
            </param>
          </params>
          <reporter-output>
          </reporter-output>
        </test-method> <!-- firstBeforeClass -->
        <test-method status="PASS" signature="excelLoad()[pri:0, instance:com.RM.scripts.Moolaperks@73ad2d6]" name="excelLoad" is-config="true" duration-ms="46" started-at="2017-11-16T14:36:34Z" finished-at="2017-11-16T14:36:34Z">
          <reporter-output>
          </reporter-output>
        </test-method> <!-- excelLoad -->
        <test-method status="PASS" signature="reportHeader(java.lang.reflect.Method, org.testng.ITestContext)[pri:0, instance:com.RM.scripts.Moolaperks@73ad2d6]" name="reportHeader" is-config="true" duration-ms="13538" started-at="2017-11-16T14:36:34Z" finished-at="2017-11-16T14:36:47Z">
          <params>
            <param index="0">
              <value>
                <![CDATA[public void com.RM.scripts.Moolaperks.testMoolaperks() throws java.lang.Throwable]]>
              </value>
            </param>
            <param index="1">
              <value>
                <![CDATA[org.testng.TestRunner@65bcf7c2]]>
              </value>
            </param>
          </params>
          <reporter-output>
          </reporter-output>
        </test-method> <!-- reportHeader -->
        <test-method status="FAIL" signature="testMoolaperks()[pri:0, instance:com.RM.scripts.Moolaperks@73ad2d6]" name="testMoolaperks" duration-ms="24720" started-at="2017-11-16T14:36:47Z" finished-at="2017-11-16T14:37:12Z">
          <exception class="java.lang.IllegalStateException">
            <message>
              <![CDATA[The driver executable does not exist: C:\Users\Venkatesware\swgworkspace\eDTC-Automation\Drivers\chromedriver.exe]]>
            </message>
            <full-stacktrace>
              <![CDATA[java.lang.IllegalStateException: The driver executable does not exist: C:\Users\Venkatesware\swgworkspace\eDTC-Automation\Drivers\chromedriver.exe
	at com.google.common.base.Preconditions.checkState(Preconditions.java:199)
	at org.openqa.selenium.remote.service.DriverService.checkExecutable(DriverService.java:121)
	at org.openqa.selenium.remote.service.DriverService.findExecutable(DriverService.java:116)
	at org.openqa.selenium.chrome.ChromeDriverService.access$000(ChromeDriverService.java:32)
	at org.openqa.selenium.chrome.ChromeDriverService$Builder.findDefaultExecutable(ChromeDriverService.java:137)
	at org.openqa.selenium.remote.service.DriverService$Builder.build(DriverService.java:296)
	at org.openqa.selenium.chrome.ChromeDriverService.createDefaultService(ChromeDriverService.java:88)
	at org.openqa.selenium.chrome.ChromeDriver.<init>(ChromeDriver.java:116)
	at com.RM.accelerators.TestEngine.openBrowser(TestEngine.java:778)
	at com.RM.accelerators.ActionEngine.catchBlock(ActionEngine.java:2436)
	at com.RM.scripts.Moolaperks.testMoolaperks(Moolaperks.java:67)
	at sun.reflect.NativeMethodAccessorImpl.invoke0(Native Method)
	at sun.reflect.NativeMethodAccessorImpl.invoke(NativeMethodAccessorImpl.java:62)
	at sun.reflect.DelegatingMethodAccessorImpl.invoke(DelegatingMethodAccessorImpl.java:43)
	at java.lang.reflect.Method.invoke(Method.java:498)
	at org.testng.internal.MethodInvocationHelper.invokeMethod(MethodInvocationHelper.java:108)
	at org.testng.internal.Invoker.invokeMethod(Invoker.java:661)
	at org.testng.internal.Invoker.invokeTestMethod(Invoker.java:869)
	at org.testng.internal.Invoker.invokeTestMethods(Invoker.java:1193)
	at org.testng.internal.TestMethodWorker.invokeTestMethods(TestMethodWorker.java:126)
	at org.testng.internal.TestMethodWorker.run(TestMethodWorker.java:109)
	at org.testng.TestRunner.privateRun(TestRunner.java:744)
	at org.testng.TestRunner.run(TestRunner.java:602)
	at org.testng.SuiteRunner.runTest(SuiteRunner.java:380)
	at org.testng.SuiteRunner.runSequentially(SuiteRunner.java:375)
	at org.testng.SuiteRunner.privateRun(SuiteRunner.java:340)
	at org.testng.SuiteRunner.run(SuiteRunner.java:289)
	at org.testng.SuiteRunnerWorker.runSuite(SuiteRunnerWorker.java:52)
	at org.testng.SuiteRunnerWorker.run(SuiteRunnerWorker.java:86)
	at org.testng.TestNG.runSuitesSequentially(TestNG.java:1301)
	at org.testng.TestNG.runSuitesLocally(TestNG.java:1226)
	at org.testng.TestNG.runSuites(TestNG.java:1144)
	at org.testng.TestNG.run(TestNG.java:1115)
	at org.apache.maven.surefire.testng.TestNGExecutor.run(TestNGExecutor.java:293)
	at org.apache.maven.surefire.testng.TestNGXmlTestSuite.execute(TestNGXmlTestSuite.java:84)
	at org.apache.maven.surefire.testng.TestNGProvider.invoke(TestNGProvider.java:91)
	at org.apache.maven.surefire.booter.ForkedBooter.invokeProviderInSameClassLoader(ForkedBooter.java:200)
	at org.apache.maven.surefire.booter.ForkedBooter.runSuitesInProcess(ForkedBooter.java:153)
	at org.apache.maven.surefire.booter.ForkedBooter.main(ForkedBooter.java:103)
]]>
            </full-stacktrace>
          </exception> <!-- java.lang.IllegalStateException -->
          <reporter-output>
          </reporter-output>
        </test-method> <!-- testMoolaperks -->
        <test-method status="PASS" signature="tearDown()[pri:0, instance:com.RM.scripts.Moolaperks@73ad2d6]" name="tearDown" is-config="true" duration-ms="31" started-at="2017-11-16T14:37:12Z" finished-at="2017-11-16T14:37:12Z">
          <reporter-output>
          </reporter-output>
        </test-method> <!-- tearDown -->
        <test-method status="PASS" signature="close()[pri:0, instance:com.RM.scripts.Moolaperks@73ad2d6]" name="close" is-config="true" duration-ms="0" started-at="2017-11-16T14:37:12Z" finished-at="2017-11-16T14:37:12Z">
          <reporter-output>
          </reporter-output>
        </test-method> <!-- close -->
      </class> <!-- com.RM.scripts.Moolaperks -->
      <class name="com.RM.scripts.TC6_OneTimeChangePassword">
        <test-method status="PASS" signature="excelLoad()[pri:0, instance:com.RM.scripts.TC6_OneTimeChangePassword@6fd02e5]" name="excelLoad" is-config="true" duration-ms="31" started-at="2017-11-16T14:38:45Z" finished-at="2017-11-16T14:38:45Z">
          <reporter-output>
          </reporter-output>
        </test-method> <!-- excelLoad -->
        <test-method status="PASS" signature="firstBeforeClass(org.testng.ITestContext, java.lang.String)[pri:0, instance:com.RM.scripts.TC6_OneTimeChangePassword@6fd02e5]" name="firstBeforeClass" is-config="true" duration-ms="0" started-at="2017-11-16T14:38:45Z" finished-at="2017-11-16T14:38:45Z">
          <params>
            <param index="0">
              <value>
                <![CDATA[org.testng.TestRunner@65bcf7c2]]>
              </value>
            </param>
            <param index="1">
              <value>
                <![CDATA[chrome]]>
              </value>
            </param>
          </params>
          <reporter-output>
          </reporter-output>
        </test-method> <!-- firstBeforeClass -->
        <test-method status="PASS" signature="reportHeader(java.lang.reflect.Method, org.testng.ITestContext)[pri:0, instance:com.RM.scripts.TC6_OneTimeChangePassword@6fd02e5]" name="reportHeader" is-config="true" duration-ms="13111" started-at="2017-11-16T14:38:45Z" finished-at="2017-11-16T14:38:58Z">
          <params>
            <param index="0">
              <value>
                <![CDATA[public void com.RM.scripts.TC6_OneTimeChangePassword.testTC6_OneTimeChangePassword() throws java.lang.Throwable]]>
              </value>
            </param>
            <param index="1">
              <value>
                <![CDATA[org.testng.TestRunner@65bcf7c2]]>
              </value>
            </param>
          </params>
          <reporter-output>
          </reporter-output>
        </test-method> <!-- reportHeader -->
        <test-method status="FAIL" signature="testTC6_OneTimeChangePassword()[pri:0, instance:com.RM.scripts.TC6_OneTimeChangePassword@6fd02e5]" name="testTC6_OneTimeChangePassword" duration-ms="24180" started-at="2017-11-16T14:38:58Z" finished-at="2017-11-16T14:39:22Z">
          <exception class="java.lang.IllegalStateException">
            <message>
              <![CDATA[The driver executable does not exist: C:\Users\Venkatesware\swgworkspace\eDTC-Automation\Drivers\chromedriver.exe]]>
            </message>
            <full-stacktrace>
              <![CDATA[java.lang.IllegalStateException: The driver executable does not exist: C:\Users\Venkatesware\swgworkspace\eDTC-Automation\Drivers\chromedriver.exe
	at com.google.common.base.Preconditions.checkState(Preconditions.java:199)
	at org.openqa.selenium.remote.service.DriverService.checkExecutable(DriverService.java:121)
	at org.openqa.selenium.remote.service.DriverService.findExecutable(DriverService.java:116)
	at org.openqa.selenium.chrome.ChromeDriverService.access$000(ChromeDriverService.java:32)
	at org.openqa.selenium.chrome.ChromeDriverService$Builder.findDefaultExecutable(ChromeDriverService.java:137)
	at org.openqa.selenium.remote.service.DriverService$Builder.build(DriverService.java:296)
	at org.openqa.selenium.chrome.ChromeDriverService.createDefaultService(ChromeDriverService.java:88)
	at org.openqa.selenium.chrome.ChromeDriver.<init>(ChromeDriver.java:116)
	at com.RM.accelerators.TestEngine.openBrowser(TestEngine.java:778)
	at com.RM.accelerators.ActionEngine.catchBlock(ActionEngine.java:2436)
	at com.RM.scripts.TC6_OneTimeChangePassword.testTC6_OneTimeChangePassword(TC6_OneTimeChangePassword.java:77)
	at sun.reflect.NativeMethodAccessorImpl.invoke0(Native Method)
	at sun.reflect.NativeMethodAccessorImpl.invoke(NativeMethodAccessorImpl.java:62)
	at sun.reflect.DelegatingMethodAccessorImpl.invoke(DelegatingMethodAccessorImpl.java:43)
	at java.lang.reflect.Method.invoke(Method.java:498)
	at org.testng.internal.MethodInvocationHelper.invokeMethod(MethodInvocationHelper.java:108)
	at org.testng.internal.Invoker.invokeMethod(Invoker.java:661)
	at org.testng.internal.Invoker.invokeTestMethod(Invoker.java:869)
	at org.testng.internal.Invoker.invokeTestMethods(Invoker.java:1193)
	at org.testng.internal.TestMethodWorker.invokeTestMethods(TestMethodWorker.java:126)
	at org.testng.internal.TestMethodWorker.run(TestMethodWorker.java:109)
	at org.testng.TestRunner.privateRun(TestRunner.java:744)
	at org.testng.TestRunner.run(TestRunner.java:602)
	at org.testng.SuiteRunner.runTest(SuiteRunner.java:380)
	at org.testng.SuiteRunner.runSequentially(SuiteRunner.java:375)
	at org.testng.SuiteRunner.privateRun(SuiteRunner.java:340)
	at org.testng.SuiteRunner.run(SuiteRunner.java:289)
	at org.testng.SuiteRunnerWorker.runSuite(SuiteRunnerWorker.java:52)
	at org.testng.SuiteRunnerWorker.run(SuiteRunnerWorker.java:86)
	at org.testng.TestNG.runSuitesSequentially(TestNG.java:1301)
	at org.testng.TestNG.runSuitesLocally(TestNG.java:1226)
	at org.testng.TestNG.runSuites(TestNG.java:1144)
	at org.testng.TestNG.run(TestNG.java:1115)
	at org.apache.maven.surefire.testng.TestNGExecutor.run(TestNGExecutor.java:293)
	at org.apache.maven.surefire.testng.TestNGXmlTestSuite.execute(TestNGXmlTestSuite.java:84)
	at org.apache.maven.surefire.testng.TestNGProvider.invoke(TestNGProvider.java:91)
	at org.apache.maven.surefire.booter.ForkedBooter.invokeProviderInSameClassLoader(ForkedBooter.java:200)
	at org.apache.maven.surefire.booter.ForkedBooter.runSuitesInProcess(ForkedBooter.java:153)
	at org.apache.maven.surefire.booter.ForkedBooter.main(ForkedBooter.java:103)
]]>
            </full-stacktrace>
          </exception> <!-- java.lang.IllegalStateException -->
          <reporter-output>
          </reporter-output>
        </test-method> <!-- testTC6_OneTimeChangePassword -->
        <test-method status="PASS" signature="tearDown()[pri:0, instance:com.RM.scripts.TC6_OneTimeChangePassword@6fd02e5]" name="tearDown" is-config="true" duration-ms="31" started-at="2017-11-16T14:39:22Z" finished-at="2017-11-16T14:39:22Z">
          <reporter-output>
          </reporter-output>
        </test-method> <!-- tearDown -->
        <test-method status="PASS" signature="close()[pri:0, instance:com.RM.scripts.TC6_OneTimeChangePassword@6fd02e5]" name="close" is-config="true" duration-ms="0" started-at="2017-11-16T14:39:22Z" finished-at="2017-11-16T14:39:22Z">
          <reporter-output>
          </reporter-output>
        </test-method> <!-- close -->
      </class> <!-- com.RM.scripts.TC6_OneTimeChangePassword -->
      <class name="com.RM.scripts.QuickPay_TC5">
        <test-method status="PASS" signature="excelLoad()[pri:0, instance:com.RM.scripts.QuickPay_TC5@3f49dace]" name="excelLoad" is-config="true" duration-ms="47" started-at="2017-11-16T14:43:22Z" finished-at="2017-11-16T14:43:22Z">
          <reporter-output>
          </reporter-output>
        </test-method> <!-- excelLoad -->
        <test-method status="PASS" signature="firstBeforeClass(org.testng.ITestContext, java.lang.String)[pri:0, instance:com.RM.scripts.QuickPay_TC5@3f49dace]" name="firstBeforeClass" is-config="true" duration-ms="0" started-at="2017-11-16T14:43:22Z" finished-at="2017-11-16T14:43:22Z">
          <params>
            <param index="0">
              <value>
                <![CDATA[org.testng.TestRunner@65bcf7c2]]>
              </value>
            </param>
            <param index="1">
              <value>
                <![CDATA[chrome]]>
              </value>
            </param>
          </params>
          <reporter-output>
          </reporter-output>
        </test-method> <!-- firstBeforeClass -->
        <test-method status="PASS" signature="reportHeader(java.lang.reflect.Method, org.testng.ITestContext)[pri:0, instance:com.RM.scripts.QuickPay_TC5@3f49dace]" name="reportHeader" is-config="true" duration-ms="20279" started-at="2017-11-16T14:43:22Z" finished-at="2017-11-16T14:43:42Z">
          <params>
            <param index="0">
              <value>
                <![CDATA[public void com.RM.scripts.QuickPay_TC5.testQuickPay_TC5() throws java.lang.Throwable]]>
              </value>
            </param>
            <param index="1">
              <value>
                <![CDATA[org.testng.TestRunner@65bcf7c2]]>
              </value>
            </param>
          </params>
          <reporter-output>
          </reporter-output>
        </test-method> <!-- reportHeader -->
        <test-method status="FAIL" signature="testQuickPay_TC5()[pri:0, instance:com.RM.scripts.QuickPay_TC5@3f49dace]" name="testQuickPay_TC5" duration-ms="44461" started-at="2017-11-16T14:43:42Z" finished-at="2017-11-16T14:44:26Z">
          <exception class="java.lang.IllegalStateException">
            <message>
              <![CDATA[The driver executable does not exist: C:\Users\Venkatesware\swgworkspace\eDTC-Automation\Drivers\chromedriver.exe]]>
            </message>
            <full-stacktrace>
              <![CDATA[java.lang.IllegalStateException: The driver executable does not exist: C:\Users\Venkatesware\swgworkspace\eDTC-Automation\Drivers\chromedriver.exe
	at com.google.common.base.Preconditions.checkState(Preconditions.java:199)
	at org.openqa.selenium.remote.service.DriverService.checkExecutable(DriverService.java:121)
	at org.openqa.selenium.remote.service.DriverService.findExecutable(DriverService.java:116)
	at org.openqa.selenium.chrome.ChromeDriverService.access$000(ChromeDriverService.java:32)
	at org.openqa.selenium.chrome.ChromeDriverService$Builder.findDefaultExecutable(ChromeDriverService.java:137)
	at org.openqa.selenium.remote.service.DriverService$Builder.build(DriverService.java:296)
	at org.openqa.selenium.chrome.ChromeDriverService.createDefaultService(ChromeDriverService.java:88)
	at org.openqa.selenium.chrome.ChromeDriver.<init>(ChromeDriver.java:116)
	at com.RM.accelerators.TestEngine.openBrowser(TestEngine.java:778)
	at com.RM.accelerators.ActionEngine.catchBlock(ActionEngine.java:2436)
	at com.RM.scripts.QuickPay_TC5.testQuickPay_TC5(QuickPay_TC5.java:174)
	at sun.reflect.NativeMethodAccessorImpl.invoke0(Native Method)
	at sun.reflect.NativeMethodAccessorImpl.invoke(NativeMethodAccessorImpl.java:62)
	at sun.reflect.DelegatingMethodAccessorImpl.invoke(DelegatingMethodAccessorImpl.java:43)
	at java.lang.reflect.Method.invoke(Method.java:498)
	at org.testng.internal.MethodInvocationHelper.invokeMethod(MethodInvocationHelper.java:108)
	at org.testng.internal.Invoker.invokeMethod(Invoker.java:661)
	at org.testng.internal.Invoker.invokeTestMethod(Invoker.java:869)
	at org.testng.internal.Invoker.invokeTestMethods(Invoker.java:1193)
	at org.testng.internal.TestMethodWorker.invokeTestMethods(TestMethodWorker.java:126)
	at org.testng.internal.TestMethodWorker.run(TestMethodWorker.java:109)
	at org.testng.TestRunner.privateRun(TestRunner.java:744)
	at org.testng.TestRunner.run(TestRunner.java:602)
	at org.testng.SuiteRunner.runTest(SuiteRunner.java:380)
	at org.testng.SuiteRunner.runSequentially(SuiteRunner.java:375)
	at org.testng.SuiteRunner.privateRun(SuiteRunner.java:340)
	at org.testng.SuiteRunner.run(SuiteRunner.java:289)
	at org.testng.SuiteRunnerWorker.runSuite(SuiteRunnerWorker.java:52)
	at org.testng.SuiteRunnerWorker.run(SuiteRunnerWorker.java:86)
	at org.testng.TestNG.runSuitesSequentially(TestNG.java:1301)
	at org.testng.TestNG.runSuitesLocally(TestNG.java:1226)
	at org.testng.TestNG.runSuites(TestNG.java:1144)
	at org.testng.TestNG.run(TestNG.java:1115)
	at org.apache.maven.surefire.testng.TestNGExecutor.run(TestNGExecutor.java:293)
	at org.apache.maven.surefire.testng.TestNGXmlTestSuite.execute(TestNGXmlTestSuite.java:84)
	at org.apache.maven.surefire.testng.TestNGProvider.invoke(TestNGProvider.java:91)
	at org.apache.maven.surefire.booter.ForkedBooter.invokeProviderInSameClassLoader(ForkedBooter.java:200)
	at org.apache.maven.surefire.booter.ForkedBooter.runSuitesInProcess(ForkedBooter.java:153)
	at org.apache.maven.surefire.booter.ForkedBooter.main(ForkedBooter.java:103)
]]>
            </full-stacktrace>
          </exception> <!-- java.lang.IllegalStateException -->
          <reporter-output>
          </reporter-output>
        </test-method> <!-- testQuickPay_TC5 -->
        <test-method status="PASS" signature="tearDown()[pri:0, instance:com.RM.scripts.QuickPay_TC5@3f49dace]" name="tearDown" is-config="true" duration-ms="31" started-at="2017-11-16T14:44:26Z" finished-at="2017-11-16T14:44:26Z">
          <reporter-output>
          </reporter-output>
        </test-method> <!-- tearDown -->
        <test-method status="PASS" signature="close()[pri:0, instance:com.RM.scripts.QuickPay_TC5@3f49dace]" name="close" is-config="true" duration-ms="0" started-at="2017-11-16T14:44:26Z" finished-at="2017-11-16T14:44:26Z">
          <reporter-output>
          </reporter-output>
        </test-method> <!-- close -->
      </class> <!-- com.RM.scripts.QuickPay_TC5 -->
      <class name="com.RM.scripts.QuickPay_TC4">
        <test-method status="PASS" signature="firstBeforeClass(org.testng.ITestContext, java.lang.String)[pri:0, instance:com.RM.scripts.QuickPay_TC4@5bcab519]" name="firstBeforeClass" is-config="true" duration-ms="0" started-at="2017-11-16T14:39:22Z" finished-at="2017-11-16T14:39:22Z">
          <params>
            <param index="0">
              <value>
                <![CDATA[org.testng.TestRunner@65bcf7c2]]>
              </value>
            </param>
            <param index="1">
              <value>
                <![CDATA[chrome]]>
              </value>
            </param>
          </params>
          <reporter-output>
          </reporter-output>
        </test-method> <!-- firstBeforeClass -->
        <test-method status="PASS" signature="excelLoad()[pri:0, instance:com.RM.scripts.QuickPay_TC4@5bcab519]" name="excelLoad" is-config="true" duration-ms="62" started-at="2017-11-16T14:39:22Z" finished-at="2017-11-16T14:39:22Z">
          <reporter-output>
          </reporter-output>
        </test-method> <!-- excelLoad -->
        <test-method status="PASS" signature="reportHeader(java.lang.reflect.Method, org.testng.ITestContext)[pri:0, instance:com.RM.scripts.QuickPay_TC4@5bcab519]" name="reportHeader" is-config="true" duration-ms="12916" started-at="2017-11-16T14:39:22Z" finished-at="2017-11-16T14:39:35Z">
          <params>
            <param index="0">
              <value>
                <![CDATA[public void com.RM.scripts.QuickPay_TC4.testQuickPay_TC4() throws java.lang.Throwable]]>
              </value>
            </param>
            <param index="1">
              <value>
                <![CDATA[org.testng.TestRunner@65bcf7c2]]>
              </value>
            </param>
          </params>
          <reporter-output>
          </reporter-output>
        </test-method> <!-- reportHeader -->
        <test-method status="FAIL" signature="testQuickPay_TC4()[pri:0, instance:com.RM.scripts.QuickPay_TC4@5bcab519]" name="testQuickPay_TC4" duration-ms="31485" started-at="2017-11-16T14:39:35Z" finished-at="2017-11-16T14:40:07Z">
          <exception class="java.lang.IllegalStateException">
            <message>
              <![CDATA[The driver executable does not exist: C:\Users\Venkatesware\swgworkspace\eDTC-Automation\Drivers\chromedriver.exe]]>
            </message>
            <full-stacktrace>
              <![CDATA[java.lang.IllegalStateException: The driver executable does not exist: C:\Users\Venkatesware\swgworkspace\eDTC-Automation\Drivers\chromedriver.exe
	at com.google.common.base.Preconditions.checkState(Preconditions.java:199)
	at org.openqa.selenium.remote.service.DriverService.checkExecutable(DriverService.java:121)
	at org.openqa.selenium.remote.service.DriverService.findExecutable(DriverService.java:116)
	at org.openqa.selenium.chrome.ChromeDriverService.access$000(ChromeDriverService.java:32)
	at org.openqa.selenium.chrome.ChromeDriverService$Builder.findDefaultExecutable(ChromeDriverService.java:137)
	at org.openqa.selenium.remote.service.DriverService$Builder.build(DriverService.java:296)
	at org.openqa.selenium.chrome.ChromeDriverService.createDefaultService(ChromeDriverService.java:88)
	at org.openqa.selenium.chrome.ChromeDriver.<init>(ChromeDriver.java:116)
	at com.RM.accelerators.TestEngine.openBrowser(TestEngine.java:778)
	at com.RM.accelerators.ActionEngine.catchBlock(ActionEngine.java:2436)
	at com.RM.scripts.QuickPay_TC4.testQuickPay_TC4(QuickPay_TC4.java:81)
	at sun.reflect.NativeMethodAccessorImpl.invoke0(Native Method)
	at sun.reflect.NativeMethodAccessorImpl.invoke(NativeMethodAccessorImpl.java:62)
	at sun.reflect.DelegatingMethodAccessorImpl.invoke(DelegatingMethodAccessorImpl.java:43)
	at java.lang.reflect.Method.invoke(Method.java:498)
	at org.testng.internal.MethodInvocationHelper.invokeMethod(MethodInvocationHelper.java:108)
	at org.testng.internal.Invoker.invokeMethod(Invoker.java:661)
	at org.testng.internal.Invoker.invokeTestMethod(Invoker.java:869)
	at org.testng.internal.Invoker.invokeTestMethods(Invoker.java:1193)
	at org.testng.internal.TestMethodWorker.invokeTestMethods(TestMethodWorker.java:126)
	at org.testng.internal.TestMethodWorker.run(TestMethodWorker.java:109)
	at org.testng.TestRunner.privateRun(TestRunner.java:744)
	at org.testng.TestRunner.run(TestRunner.java:602)
	at org.testng.SuiteRunner.runTest(SuiteRunner.java:380)
	at org.testng.SuiteRunner.runSequentially(SuiteRunner.java:375)
	at org.testng.SuiteRunner.privateRun(SuiteRunner.java:340)
	at org.testng.SuiteRunner.run(SuiteRunner.java:289)
	at org.testng.SuiteRunnerWorker.runSuite(SuiteRunnerWorker.java:52)
	at org.testng.SuiteRunnerWorker.run(SuiteRunnerWorker.java:86)
	at org.testng.TestNG.runSuitesSequentially(TestNG.java:1301)
	at org.testng.TestNG.runSuitesLocally(TestNG.java:1226)
	at org.testng.TestNG.runSuites(TestNG.java:1144)
	at org.testng.TestNG.run(TestNG.java:1115)
	at org.apache.maven.surefire.testng.TestNGExecutor.run(TestNGExecutor.java:293)
	at org.apache.maven.surefire.testng.TestNGXmlTestSuite.execute(TestNGXmlTestSuite.java:84)
	at org.apache.maven.surefire.testng.TestNGProvider.invoke(TestNGProvider.java:91)
	at org.apache.maven.surefire.booter.ForkedBooter.invokeProviderInSameClassLoader(ForkedBooter.java:200)
	at org.apache.maven.surefire.booter.ForkedBooter.runSuitesInProcess(ForkedBooter.java:153)
	at org.apache.maven.surefire.booter.ForkedBooter.main(ForkedBooter.java:103)
]]>
            </full-stacktrace>
          </exception> <!-- java.lang.IllegalStateException -->
          <reporter-output>
          </reporter-output>
        </test-method> <!-- testQuickPay_TC4 -->
        <test-method status="PASS" signature="tearDown()[pri:0, instance:com.RM.scripts.QuickPay_TC4@5bcab519]" name="tearDown" is-config="true" duration-ms="31" started-at="2017-11-16T14:40:07Z" finished-at="2017-11-16T14:40:07Z">
          <reporter-output>
          </reporter-output>
        </test-method> <!-- tearDown -->
        <test-method status="PASS" signature="close()[pri:0, instance:com.RM.scripts.QuickPay_TC4@5bcab519]" name="close" is-config="true" duration-ms="0" started-at="2017-11-16T14:40:07Z" finished-at="2017-11-16T14:40:07Z">
          <reporter-output>
          </reporter-output>
        </test-method> <!-- close -->
      </class> <!-- com.RM.scripts.QuickPay_TC4 -->
      <class name="com.RM.scripts.QuickPay_TC2">
        <test-method status="PASS" signature="firstBeforeClass(org.testng.ITestContext, java.lang.String)[pri:0, instance:com.RM.scripts.QuickPay_TC2@5f2108b5]" name="firstBeforeClass" is-config="true" duration-ms="0" started-at="2017-11-16T14:40:45Z" finished-at="2017-11-16T14:40:45Z">
          <params>
            <param index="0">
              <value>
                <![CDATA[org.testng.TestRunner@65bcf7c2]]>
              </value>
            </param>
            <param index="1">
              <value>
                <![CDATA[chrome]]>
              </value>
            </param>
          </params>
          <reporter-output>
          </reporter-output>
        </test-method> <!-- firstBeforeClass -->
        <test-method status="PASS" signature="excelLoad()[pri:0, instance:com.RM.scripts.QuickPay_TC2@5f2108b5]" name="excelLoad" is-config="true" duration-ms="31" started-at="2017-11-16T14:40:45Z" finished-at="2017-11-16T14:40:45Z">
          <reporter-output>
          </reporter-output>
        </test-method> <!-- excelLoad -->
        <test-method status="PASS" signature="reportHeader(java.lang.reflect.Method, org.testng.ITestContext)[pri:0, instance:com.RM.scripts.QuickPay_TC2@5f2108b5]" name="reportHeader" is-config="true" duration-ms="12463" started-at="2017-11-16T14:40:45Z" finished-at="2017-11-16T14:40:57Z">
          <params>
            <param index="0">
              <value>
                <![CDATA[public void com.RM.scripts.QuickPay_TC2.testQuickPay_TC2() throws java.lang.Throwable]]>
              </value>
            </param>
            <param index="1">
              <value>
                <![CDATA[org.testng.TestRunner@65bcf7c2]]>
              </value>
            </param>
          </params>
          <reporter-output>
          </reporter-output>
        </test-method> <!-- reportHeader -->
        <test-method status="PASS" signature="testQuickPay_TC2()[pri:0, instance:com.RM.scripts.QuickPay_TC2@5f2108b5]" name="testQuickPay_TC2" duration-ms="64392" started-at="2017-11-16T14:40:57Z" finished-at="2017-11-16T14:42:02Z">
          <reporter-output>
          </reporter-output>
        </test-method> <!-- testQuickPay_TC2 -->
        <test-method status="PASS" signature="tearDown()[pri:0, instance:com.RM.scripts.QuickPay_TC2@5f2108b5]" name="tearDown" is-config="true" duration-ms="795" started-at="2017-11-16T14:42:02Z" finished-at="2017-11-16T14:42:02Z">
          <reporter-output>
          </reporter-output>
        </test-method> <!-- tearDown -->
        <test-method status="PASS" signature="close()[pri:0, instance:com.RM.scripts.QuickPay_TC2@5f2108b5]" name="close" is-config="true" duration-ms="0" started-at="2017-11-16T14:42:02Z" finished-at="2017-11-16T14:42:02Z">
          <reporter-output>
          </reporter-output>
        </test-method> <!-- close -->
      </class> <!-- com.RM.scripts.QuickPay_TC2 -->
      <class name="com.RM.scripts.QuickPay_TC3_1">
        <test-method status="PASS" signature="excelLoad()[pri:0, instance:com.RM.scripts.QuickPay_TC3_1@e45f292]" name="excelLoad" is-config="true" duration-ms="31" started-at="2017-11-16T14:40:07Z" finished-at="2017-11-16T14:40:07Z">
          <reporter-output>
          </reporter-output>
        </test-method> <!-- excelLoad -->
        <test-method status="PASS" signature="firstBeforeClass(org.testng.ITestContext, java.lang.String)[pri:0, instance:com.RM.scripts.QuickPay_TC3_1@e45f292]" name="firstBeforeClass" is-config="true" duration-ms="0" started-at="2017-11-16T14:40:07Z" finished-at="2017-11-16T14:40:07Z">
          <params>
            <param index="0">
              <value>
                <![CDATA[org.testng.TestRunner@65bcf7c2]]>
              </value>
            </param>
            <param index="1">
              <value>
                <![CDATA[chrome]]>
              </value>
            </param>
          </params>
          <reporter-output>
          </reporter-output>
        </test-method> <!-- firstBeforeClass -->
        <test-method status="PASS" signature="reportHeader(java.lang.reflect.Method, org.testng.ITestContext)[pri:0, instance:com.RM.scripts.QuickPay_TC3_1@e45f292]" name="reportHeader" is-config="true" duration-ms="12896" started-at="2017-11-16T14:40:07Z" finished-at="2017-11-16T14:40:20Z">
          <params>
            <param index="0">
              <value>
                <![CDATA[public void com.RM.scripts.QuickPay_TC3_1.testQuickPay_TC3_1() throws java.lang.Throwable]]>
              </value>
            </param>
            <param index="1">
              <value>
                <![CDATA[org.testng.TestRunner@65bcf7c2]]>
              </value>
            </param>
          </params>
          <reporter-output>
          </reporter-output>
        </test-method> <!-- reportHeader -->
        <test-method status="FAIL" signature="testQuickPay_TC3_1()[pri:0, instance:com.RM.scripts.QuickPay_TC3_1@e45f292]" name="testQuickPay_TC3_1" duration-ms="24910" started-at="2017-11-16T14:40:20Z" finished-at="2017-11-16T14:40:45Z">
          <exception class="java.lang.IllegalStateException">
            <message>
              <![CDATA[The driver executable does not exist: C:\Users\Venkatesware\swgworkspace\eDTC-Automation\Drivers\chromedriver.exe]]>
            </message>
            <full-stacktrace>
              <![CDATA[java.lang.IllegalStateException: The driver executable does not exist: C:\Users\Venkatesware\swgworkspace\eDTC-Automation\Drivers\chromedriver.exe
	at com.google.common.base.Preconditions.checkState(Preconditions.java:199)
	at org.openqa.selenium.remote.service.DriverService.checkExecutable(DriverService.java:121)
	at org.openqa.selenium.remote.service.DriverService.findExecutable(DriverService.java:116)
	at org.openqa.selenium.chrome.ChromeDriverService.access$000(ChromeDriverService.java:32)
	at org.openqa.selenium.chrome.ChromeDriverService$Builder.findDefaultExecutable(ChromeDriverService.java:137)
	at org.openqa.selenium.remote.service.DriverService$Builder.build(DriverService.java:296)
	at org.openqa.selenium.chrome.ChromeDriverService.createDefaultService(ChromeDriverService.java:88)
	at org.openqa.selenium.chrome.ChromeDriver.<init>(ChromeDriver.java:116)
	at com.RM.accelerators.TestEngine.openBrowser(TestEngine.java:778)
	at com.RM.accelerators.ActionEngine.catchBlock(ActionEngine.java:2436)
	at com.RM.scripts.QuickPay_TC3_1.testQuickPay_TC3_1(QuickPay_TC3_1.java:61)
	at sun.reflect.NativeMethodAccessorImpl.invoke0(Native Method)
	at sun.reflect.NativeMethodAccessorImpl.invoke(NativeMethodAccessorImpl.java:62)
	at sun.reflect.DelegatingMethodAccessorImpl.invoke(DelegatingMethodAccessorImpl.java:43)
	at java.lang.reflect.Method.invoke(Method.java:498)
	at org.testng.internal.MethodInvocationHelper.invokeMethod(MethodInvocationHelper.java:108)
	at org.testng.internal.Invoker.invokeMethod(Invoker.java:661)
	at org.testng.internal.Invoker.invokeTestMethod(Invoker.java:869)
	at org.testng.internal.Invoker.invokeTestMethods(Invoker.java:1193)
	at org.testng.internal.TestMethodWorker.invokeTestMethods(TestMethodWorker.java:126)
	at org.testng.internal.TestMethodWorker.run(TestMethodWorker.java:109)
	at org.testng.TestRunner.privateRun(TestRunner.java:744)
	at org.testng.TestRunner.run(TestRunner.java:602)
	at org.testng.SuiteRunner.runTest(SuiteRunner.java:380)
	at org.testng.SuiteRunner.runSequentially(SuiteRunner.java:375)
	at org.testng.SuiteRunner.privateRun(SuiteRunner.java:340)
	at org.testng.SuiteRunner.run(SuiteRunner.java:289)
	at org.testng.SuiteRunnerWorker.runSuite(SuiteRunnerWorker.java:52)
	at org.testng.SuiteRunnerWorker.run(SuiteRunnerWorker.java:86)
	at org.testng.TestNG.runSuitesSequentially(TestNG.java:1301)
	at org.testng.TestNG.runSuitesLocally(TestNG.java:1226)
	at org.testng.TestNG.runSuites(TestNG.java:1144)
	at org.testng.TestNG.run(TestNG.java:1115)
	at org.apache.maven.surefire.testng.TestNGExecutor.run(TestNGExecutor.java:293)
	at org.apache.maven.surefire.testng.TestNGXmlTestSuite.execute(TestNGXmlTestSuite.java:84)
	at org.apache.maven.surefire.testng.TestNGProvider.invoke(TestNGProvider.java:91)
	at org.apache.maven.surefire.booter.ForkedBooter.invokeProviderInSameClassLoader(ForkedBooter.java:200)
	at org.apache.maven.surefire.booter.ForkedBooter.runSuitesInProcess(ForkedBooter.java:153)
	at org.apache.maven.surefire.booter.ForkedBooter.main(ForkedBooter.java:103)
]]>
            </full-stacktrace>
          </exception> <!-- java.lang.IllegalStateException -->
          <reporter-output>
          </reporter-output>
        </test-method> <!-- testQuickPay_TC3_1 -->
        <test-method status="PASS" signature="tearDown()[pri:0, instance:com.RM.scripts.QuickPay_TC3_1@e45f292]" name="tearDown" is-config="true" duration-ms="31" started-at="2017-11-16T14:40:45Z" finished-at="2017-11-16T14:40:45Z">
          <reporter-output>
          </reporter-output>
        </test-method> <!-- tearDown -->
        <test-method status="PASS" signature="close()[pri:0, instance:com.RM.scripts.QuickPay_TC3_1@e45f292]" name="close" is-config="true" duration-ms="0" started-at="2017-11-16T14:40:45Z" finished-at="2017-11-16T14:40:45Z">
          <reporter-output>
          </reporter-output>
        </test-method> <!-- close -->
      </class> <!-- com.RM.scripts.QuickPay_TC3_1 -->
      <class name="com.RM.scripts.QuickPay_TC3_3">
        <test-method status="PASS" signature="excelLoad()[pri:0, instance:com.RM.scripts.QuickPay_TC3_3@31a5c39e]" name="excelLoad" is-config="true" duration-ms="32" started-at="2017-11-16T14:42:02Z" finished-at="2017-11-16T14:42:02Z">
          <reporter-output>
          </reporter-output>
        </test-method> <!-- excelLoad -->
        <test-method status="PASS" signature="firstBeforeClass(org.testng.ITestContext, java.lang.String)[pri:0, instance:com.RM.scripts.QuickPay_TC3_3@31a5c39e]" name="firstBeforeClass" is-config="true" duration-ms="0" started-at="2017-11-16T14:42:02Z" finished-at="2017-11-16T14:42:02Z">
          <params>
            <param index="0">
              <value>
                <![CDATA[org.testng.TestRunner@65bcf7c2]]>
              </value>
            </param>
            <param index="1">
              <value>
                <![CDATA[chrome]]>
              </value>
            </param>
          </params>
          <reporter-output>
          </reporter-output>
        </test-method> <!-- firstBeforeClass -->
        <test-method status="PASS" signature="reportHeader(java.lang.reflect.Method, org.testng.ITestContext)[pri:0, instance:com.RM.scripts.QuickPay_TC3_3@31a5c39e]" name="reportHeader" is-config="true" duration-ms="15578" started-at="2017-11-16T14:42:02Z" finished-at="2017-11-16T14:42:18Z">
          <params>
            <param index="0">
              <value>
                <![CDATA[public void com.RM.scripts.QuickPay_TC3_3.testQuickPay_TC3_3() throws java.lang.Throwable]]>
              </value>
            </param>
            <param index="1">
              <value>
                <![CDATA[org.testng.TestRunner@65bcf7c2]]>
              </value>
            </param>
          </params>
          <reporter-output>
          </reporter-output>
        </test-method> <!-- reportHeader -->
        <test-method status="FAIL" signature="testQuickPay_TC3_3()[pri:0, instance:com.RM.scripts.QuickPay_TC3_3@31a5c39e]" name="testQuickPay_TC3_3" duration-ms="63558" started-at="2017-11-16T14:42:18Z" finished-at="2017-11-16T14:43:22Z">
          <exception class="java.lang.IllegalStateException">
            <message>
              <![CDATA[The driver executable does not exist: C:\Users\Venkatesware\swgworkspace\eDTC-Automation\Drivers\chromedriver.exe]]>
            </message>
            <full-stacktrace>
              <![CDATA[java.lang.IllegalStateException: The driver executable does not exist: C:\Users\Venkatesware\swgworkspace\eDTC-Automation\Drivers\chromedriver.exe
	at com.google.common.base.Preconditions.checkState(Preconditions.java:199)
	at org.openqa.selenium.remote.service.DriverService.checkExecutable(DriverService.java:121)
	at org.openqa.selenium.remote.service.DriverService.findExecutable(DriverService.java:116)
	at org.openqa.selenium.chrome.ChromeDriverService.access$000(ChromeDriverService.java:32)
	at org.openqa.selenium.chrome.ChromeDriverService$Builder.findDefaultExecutable(ChromeDriverService.java:137)
	at org.openqa.selenium.remote.service.DriverService$Builder.build(DriverService.java:296)
	at org.openqa.selenium.chrome.ChromeDriverService.createDefaultService(ChromeDriverService.java:88)
	at org.openqa.selenium.chrome.ChromeDriver.<init>(ChromeDriver.java:116)
	at com.RM.accelerators.TestEngine.openBrowser(TestEngine.java:778)
	at com.RM.accelerators.ActionEngine.catchBlock(ActionEngine.java:2436)
	at com.RM.scripts.QuickPay_TC3_3.testQuickPay_TC3_3(QuickPay_TC3_3.java:139)
	at sun.reflect.NativeMethodAccessorImpl.invoke0(Native Method)
	at sun.reflect.NativeMethodAccessorImpl.invoke(NativeMethodAccessorImpl.java:62)
	at sun.reflect.DelegatingMethodAccessorImpl.invoke(DelegatingMethodAccessorImpl.java:43)
	at java.lang.reflect.Method.invoke(Method.java:498)
	at org.testng.internal.MethodInvocationHelper.invokeMethod(MethodInvocationHelper.java:108)
	at org.testng.internal.Invoker.invokeMethod(Invoker.java:661)
	at org.testng.internal.Invoker.invokeTestMethod(Invoker.java:869)
	at org.testng.internal.Invoker.invokeTestMethods(Invoker.java:1193)
	at org.testng.internal.TestMethodWorker.invokeTestMethods(TestMethodWorker.java:126)
	at org.testng.internal.TestMethodWorker.run(TestMethodWorker.java:109)
	at org.testng.TestRunner.privateRun(TestRunner.java:744)
	at org.testng.TestRunner.run(TestRunner.java:602)
	at org.testng.SuiteRunner.runTest(SuiteRunner.java:380)
	at org.testng.SuiteRunner.runSequentially(SuiteRunner.java:375)
	at org.testng.SuiteRunner.privateRun(SuiteRunner.java:340)
	at org.testng.SuiteRunner.run(SuiteRunner.java:289)
	at org.testng.SuiteRunnerWorker.runSuite(SuiteRunnerWorker.java:52)
	at org.testng.SuiteRunnerWorker.run(SuiteRunnerWorker.java:86)
	at org.testng.TestNG.runSuitesSequentially(TestNG.java:1301)
	at org.testng.TestNG.runSuitesLocally(TestNG.java:1226)
	at org.testng.TestNG.runSuites(TestNG.java:1144)
	at org.testng.TestNG.run(TestNG.java:1115)
	at org.apache.maven.surefire.testng.TestNGExecutor.run(TestNGExecutor.java:293)
	at org.apache.maven.surefire.testng.TestNGXmlTestSuite.execute(TestNGXmlTestSuite.java:84)
	at org.apache.maven.surefire.testng.TestNGProvider.invoke(TestNGProvider.java:91)
	at org.apache.maven.surefire.booter.ForkedBooter.invokeProviderInSameClassLoader(ForkedBooter.java:200)
	at org.apache.maven.surefire.booter.ForkedBooter.runSuitesInProcess(ForkedBooter.java:153)
	at org.apache.maven.surefire.booter.ForkedBooter.main(ForkedBooter.java:103)
]]>
            </full-stacktrace>
          </exception> <!-- java.lang.IllegalStateException -->
          <reporter-output>
          </reporter-output>
        </test-method> <!-- testQuickPay_TC3_3 -->
        <test-method status="PASS" signature="tearDown()[pri:0, instance:com.RM.scripts.QuickPay_TC3_3@31a5c39e]" name="tearDown" is-config="true" duration-ms="31" started-at="2017-11-16T14:43:22Z" finished-at="2017-11-16T14:43:22Z">
          <reporter-output>
          </reporter-output>
        </test-method> <!-- tearDown -->
        <test-method status="PASS" signature="close()[pri:0, instance:com.RM.scripts.QuickPay_TC3_3@31a5c39e]" name="close" is-config="true" duration-ms="0" started-at="2017-11-16T14:43:22Z" finished-at="2017-11-16T14:43:22Z">
          <reporter-output>
          </reporter-output>
        </test-method> <!-- close -->
      </class> <!-- com.RM.scripts.QuickPay_TC3_3 -->
      <class name="com.RM.scripts.QuickPay_TC3_4">
        <test-method status="PASS" signature="firstBeforeClass(org.testng.ITestContext, java.lang.String)[pri:0, instance:com.RM.scripts.QuickPay_TC3_4@1e397ed7]" name="firstBeforeClass" is-config="true" duration-ms="0" started-at="2017-11-16T14:44:26Z" finished-at="2017-11-16T14:44:26Z">
          <params>
            <param index="0">
              <value>
                <![CDATA[org.testng.TestRunner@65bcf7c2]]>
              </value>
            </param>
            <param index="1">
              <value>
                <![CDATA[chrome]]>
              </value>
            </param>
          </params>
          <reporter-output>
          </reporter-output>
        </test-method> <!-- firstBeforeClass -->
        <test-method status="PASS" signature="excelLoad()[pri:0, instance:com.RM.scripts.QuickPay_TC3_4@1e397ed7]" name="excelLoad" is-config="true" duration-ms="31" started-at="2017-11-16T14:44:26Z" finished-at="2017-11-16T14:44:26Z">
          <reporter-output>
          </reporter-output>
        </test-method> <!-- excelLoad -->
        <test-method status="PASS" signature="reportHeader(java.lang.reflect.Method, org.testng.ITestContext)[pri:0, instance:com.RM.scripts.QuickPay_TC3_4@1e397ed7]" name="reportHeader" is-config="true" duration-ms="14936" started-at="2017-11-16T14:44:26Z" finished-at="2017-11-16T14:44:41Z">
          <params>
            <param index="0">
              <value>
                <![CDATA[public void com.RM.scripts.QuickPay_TC3_4.testQuickPay_TC3_4() throws java.lang.Throwable]]>
              </value>
            </param>
            <param index="1">
              <value>
                <![CDATA[org.testng.TestRunner@65bcf7c2]]>
              </value>
            </param>
          </params>
          <reporter-output>
          </reporter-output>
        </test-method> <!-- reportHeader -->
        <test-method status="FAIL" signature="testQuickPay_TC3_4()[pri:0, instance:com.RM.scripts.QuickPay_TC3_4@1e397ed7]" name="testQuickPay_TC3_4" duration-ms="29639" started-at="2017-11-16T14:44:41Z" finished-at="2017-11-16T14:45:11Z">
          <exception class="java.lang.IllegalStateException">
            <message>
              <![CDATA[The driver executable does not exist: C:\Users\Venkatesware\swgworkspace\eDTC-Automation\Drivers\chromedriver.exe]]>
            </message>
            <full-stacktrace>
              <![CDATA[java.lang.IllegalStateException: The driver executable does not exist: C:\Users\Venkatesware\swgworkspace\eDTC-Automation\Drivers\chromedriver.exe
	at com.google.common.base.Preconditions.checkState(Preconditions.java:199)
	at org.openqa.selenium.remote.service.DriverService.checkExecutable(DriverService.java:121)
	at org.openqa.selenium.remote.service.DriverService.findExecutable(DriverService.java:116)
	at org.openqa.selenium.chrome.ChromeDriverService.access$000(ChromeDriverService.java:32)
	at org.openqa.selenium.chrome.ChromeDriverService$Builder.findDefaultExecutable(ChromeDriverService.java:137)
	at org.openqa.selenium.remote.service.DriverService$Builder.build(DriverService.java:296)
	at org.openqa.selenium.chrome.ChromeDriverService.createDefaultService(ChromeDriverService.java:88)
	at org.openqa.selenium.chrome.ChromeDriver.<init>(ChromeDriver.java:116)
	at com.RM.accelerators.TestEngine.openBrowser(TestEngine.java:778)
	at com.RM.accelerators.ActionEngine.catchBlock(ActionEngine.java:2436)
	at com.RM.scripts.QuickPay_TC3_4.testQuickPay_TC3_4(QuickPay_TC3_4.java:157)
	at sun.reflect.NativeMethodAccessorImpl.invoke0(Native Method)
	at sun.reflect.NativeMethodAccessorImpl.invoke(NativeMethodAccessorImpl.java:62)
	at sun.reflect.DelegatingMethodAccessorImpl.invoke(DelegatingMethodAccessorImpl.java:43)
	at java.lang.reflect.Method.invoke(Method.java:498)
	at org.testng.internal.MethodInvocationHelper.invokeMethod(MethodInvocationHelper.java:108)
	at org.testng.internal.Invoker.invokeMethod(Invoker.java:661)
	at org.testng.internal.Invoker.invokeTestMethod(Invoker.java:869)
	at org.testng.internal.Invoker.invokeTestMethods(Invoker.java:1193)
	at org.testng.internal.TestMethodWorker.invokeTestMethods(TestMethodWorker.java:126)
	at org.testng.internal.TestMethodWorker.run(TestMethodWorker.java:109)
	at org.testng.TestRunner.privateRun(TestRunner.java:744)
	at org.testng.TestRunner.run(TestRunner.java:602)
	at org.testng.SuiteRunner.runTest(SuiteRunner.java:380)
	at org.testng.SuiteRunner.runSequentially(SuiteRunner.java:375)
	at org.testng.SuiteRunner.privateRun(SuiteRunner.java:340)
	at org.testng.SuiteRunner.run(SuiteRunner.java:289)
	at org.testng.SuiteRunnerWorker.runSuite(SuiteRunnerWorker.java:52)
	at org.testng.SuiteRunnerWorker.run(SuiteRunnerWorker.java:86)
	at org.testng.TestNG.runSuitesSequentially(TestNG.java:1301)
	at org.testng.TestNG.runSuitesLocally(TestNG.java:1226)
	at org.testng.TestNG.runSuites(TestNG.java:1144)
	at org.testng.TestNG.run(TestNG.java:1115)
	at org.apache.maven.surefire.testng.TestNGExecutor.run(TestNGExecutor.java:293)
	at org.apache.maven.surefire.testng.TestNGXmlTestSuite.execute(TestNGXmlTestSuite.java:84)
	at org.apache.maven.surefire.testng.TestNGProvider.invoke(TestNGProvider.java:91)
	at org.apache.maven.surefire.booter.ForkedBooter.invokeProviderInSameClassLoader(ForkedBooter.java:200)
	at org.apache.maven.surefire.booter.ForkedBooter.runSuitesInProcess(ForkedBooter.java:153)
	at org.apache.maven.surefire.booter.ForkedBooter.main(ForkedBooter.java:103)
]]>
            </full-stacktrace>
          </exception> <!-- java.lang.IllegalStateException -->
          <reporter-output>
          </reporter-output>
        </test-method> <!-- testQuickPay_TC3_4 -->
        <test-method status="PASS" signature="tearDown()[pri:0, instance:com.RM.scripts.QuickPay_TC3_4@1e397ed7]" name="tearDown" is-config="true" duration-ms="31" started-at="2017-11-16T14:45:11Z" finished-at="2017-11-16T14:45:11Z">
          <reporter-output>
          </reporter-output>
        </test-method> <!-- tearDown -->
        <test-method status="PASS" signature="close()[pri:0, instance:com.RM.scripts.QuickPay_TC3_4@1e397ed7]" name="close" is-config="true" duration-ms="0" started-at="2017-11-16T14:45:11Z" finished-at="2017-11-16T14:45:11Z">
          <reporter-output>
          </reporter-output>
        </test-method> <!-- close -->
      </class> <!-- com.RM.scripts.QuickPay_TC3_4 -->
      <class name="com.RM.scripts.TC6_ExpiryCardError">
        <test-method status="PASS" signature="firstBeforeClass(org.testng.ITestContext, java.lang.String)[pri:0, instance:com.RM.scripts.TC6_ExpiryCardError@59ec2012]" name="firstBeforeClass" is-config="true" duration-ms="0" started-at="2017-11-16T14:33:26Z" finished-at="2017-11-16T14:33:26Z">
          <params>
            <param index="0">
              <value>
                <![CDATA[org.testng.TestRunner@65bcf7c2]]>
              </value>
            </param>
            <param index="1">
              <value>
                <![CDATA[chrome]]>
              </value>
            </param>
          </params>
          <reporter-output>
          </reporter-output>
        </test-method> <!-- firstBeforeClass -->
        <test-method status="PASS" signature="excelLoad()[pri:0, instance:com.RM.scripts.TC6_ExpiryCardError@59ec2012]" name="excelLoad" is-config="true" duration-ms="109" started-at="2017-11-16T14:33:26Z" finished-at="2017-11-16T14:33:26Z">
          <reporter-output>
          </reporter-output>
        </test-method> <!-- excelLoad -->
        <test-method status="PASS" signature="reportHeader(java.lang.reflect.Method, org.testng.ITestContext)[pri:0, instance:com.RM.scripts.TC6_ExpiryCardError@59ec2012]" name="reportHeader" is-config="true" duration-ms="40866" started-at="2017-11-16T14:33:26Z" finished-at="2017-11-16T14:34:07Z">
          <params>
            <param index="0">
              <value>
                <![CDATA[public void com.RM.scripts.TC6_ExpiryCardError.testTC6_ExpiryCardError() throws java.lang.Throwable]]>
              </value>
            </param>
            <param index="1">
              <value>
                <![CDATA[org.testng.TestRunner@65bcf7c2]]>
              </value>
            </param>
          </params>
          <reporter-output>
          </reporter-output>
        </test-method> <!-- reportHeader -->
        <test-method status="FAIL" signature="testTC6_ExpiryCardError()[pri:0, instance:com.RM.scripts.TC6_ExpiryCardError@59ec2012]" name="testTC6_ExpiryCardError" duration-ms="24604" started-at="2017-11-16T14:34:07Z" finished-at="2017-11-16T14:34:31Z">
          <exception class="java.lang.IllegalStateException">
            <message>
              <![CDATA[The driver executable does not exist: C:\Users\Venkatesware\swgworkspace\eDTC-Automation\Drivers\chromedriver.exe]]>
            </message>
            <full-stacktrace>
              <![CDATA[java.lang.IllegalStateException: The driver executable does not exist: C:\Users\Venkatesware\swgworkspace\eDTC-Automation\Drivers\chromedriver.exe
	at com.google.common.base.Preconditions.checkState(Preconditions.java:199)
	at org.openqa.selenium.remote.service.DriverService.checkExecutable(DriverService.java:121)
	at org.openqa.selenium.remote.service.DriverService.findExecutable(DriverService.java:116)
	at org.openqa.selenium.chrome.ChromeDriverService.access$000(ChromeDriverService.java:32)
	at org.openqa.selenium.chrome.ChromeDriverService$Builder.findDefaultExecutable(ChromeDriverService.java:137)
	at org.openqa.selenium.remote.service.DriverService$Builder.build(DriverService.java:296)
	at org.openqa.selenium.chrome.ChromeDriverService.createDefaultService(ChromeDriverService.java:88)
	at org.openqa.selenium.chrome.ChromeDriver.<init>(ChromeDriver.java:116)
	at com.RM.accelerators.TestEngine.openBrowser(TestEngine.java:778)
	at com.RM.accelerators.ActionEngine.catchBlock(ActionEngine.java:2436)
	at com.RM.scripts.TC6_ExpiryCardError.testTC6_ExpiryCardError(TC6_ExpiryCardError.java:92)
	at sun.reflect.NativeMethodAccessorImpl.invoke0(Native Method)
	at sun.reflect.NativeMethodAccessorImpl.invoke(NativeMethodAccessorImpl.java:62)
	at sun.reflect.DelegatingMethodAccessorImpl.invoke(DelegatingMethodAccessorImpl.java:43)
	at java.lang.reflect.Method.invoke(Method.java:498)
	at org.testng.internal.MethodInvocationHelper.invokeMethod(MethodInvocationHelper.java:108)
	at org.testng.internal.Invoker.invokeMethod(Invoker.java:661)
	at org.testng.internal.Invoker.invokeTestMethod(Invoker.java:869)
	at org.testng.internal.Invoker.invokeTestMethods(Invoker.java:1193)
	at org.testng.internal.TestMethodWorker.invokeTestMethods(TestMethodWorker.java:126)
	at org.testng.internal.TestMethodWorker.run(TestMethodWorker.java:109)
	at org.testng.TestRunner.privateRun(TestRunner.java:744)
	at org.testng.TestRunner.run(TestRunner.java:602)
	at org.testng.SuiteRunner.runTest(SuiteRunner.java:380)
	at org.testng.SuiteRunner.runSequentially(SuiteRunner.java:375)
	at org.testng.SuiteRunner.privateRun(SuiteRunner.java:340)
	at org.testng.SuiteRunner.run(SuiteRunner.java:289)
	at org.testng.SuiteRunnerWorker.runSuite(SuiteRunnerWorker.java:52)
	at org.testng.SuiteRunnerWorker.run(SuiteRunnerWorker.java:86)
	at org.testng.TestNG.runSuitesSequentially(TestNG.java:1301)
	at org.testng.TestNG.runSuitesLocally(TestNG.java:1226)
	at org.testng.TestNG.runSuites(TestNG.java:1144)
	at org.testng.TestNG.run(TestNG.java:1115)
	at org.apache.maven.surefire.testng.TestNGExecutor.run(TestNGExecutor.java:293)
	at org.apache.maven.surefire.testng.TestNGXmlTestSuite.execute(TestNGXmlTestSuite.java:84)
	at org.apache.maven.surefire.testng.TestNGProvider.invoke(TestNGProvider.java:91)
	at org.apache.maven.surefire.booter.ForkedBooter.invokeProviderInSameClassLoader(ForkedBooter.java:200)
	at org.apache.maven.surefire.booter.ForkedBooter.runSuitesInProcess(ForkedBooter.java:153)
	at org.apache.maven.surefire.booter.ForkedBooter.main(ForkedBooter.java:103)
]]>
            </full-stacktrace>
          </exception> <!-- java.lang.IllegalStateException -->
          <reporter-output>
          </reporter-output>
        </test-method> <!-- testTC6_ExpiryCardError -->
        <test-method status="PASS" signature="tearDown()[pri:0, instance:com.RM.scripts.TC6_ExpiryCardError@59ec2012]" name="tearDown" is-config="true" duration-ms="62" started-at="2017-11-16T14:34:31Z" finished-at="2017-11-16T14:34:32Z">
          <reporter-output>
          </reporter-output>
        </test-method> <!-- tearDown -->
        <test-method status="PASS" signature="close()[pri:0, instance:com.RM.scripts.TC6_ExpiryCardError@59ec2012]" name="close" is-config="true" duration-ms="0" started-at="2017-11-16T14:34:32Z" finished-at="2017-11-16T14:34:32Z">
          <reporter-output>
          </reporter-output>
        </test-method> <!-- close -->
      </class> <!-- com.RM.scripts.TC6_ExpiryCardError -->
      <class name="com.RM.scripts.TC6_DifferentPaymentAddress">
        <test-method status="PASS" signature="excelLoad()[pri:0, instance:com.RM.scripts.TC6_DifferentPaymentAddress@2f686d1f]" name="excelLoad" is-config="true" duration-ms="47" started-at="2017-11-16T14:35:11Z" finished-at="2017-11-16T14:35:11Z">
          <reporter-output>
          </reporter-output>
        </test-method> <!-- excelLoad -->
        <test-method status="PASS" signature="firstBeforeClass(org.testng.ITestContext, java.lang.String)[pri:0, instance:com.RM.scripts.TC6_DifferentPaymentAddress@2f686d1f]" name="firstBeforeClass" is-config="true" duration-ms="0" started-at="2017-11-16T14:35:11Z" finished-at="2017-11-16T14:35:11Z">
          <params>
            <param index="0">
              <value>
                <![CDATA[org.testng.TestRunner@65bcf7c2]]>
              </value>
            </param>
            <param index="1">
              <value>
                <![CDATA[chrome]]>
              </value>
            </param>
          </params>
          <reporter-output>
          </reporter-output>
        </test-method> <!-- firstBeforeClass -->
        <test-method status="PASS" signature="reportHeader(java.lang.reflect.Method, org.testng.ITestContext)[pri:0, instance:com.RM.scripts.TC6_DifferentPaymentAddress@2f686d1f]" name="reportHeader" is-config="true" duration-ms="20157" started-at="2017-11-16T14:35:11Z" finished-at="2017-11-16T14:35:31Z">
          <params>
            <param index="0">
              <value>
                <![CDATA[public void com.RM.scripts.TC6_DifferentPaymentAddress.testTC6_DifferentPaymentAddress() throws java.lang.Throwable]]>
              </value>
            </param>
            <param index="1">
              <value>
                <![CDATA[org.testng.TestRunner@65bcf7c2]]>
              </value>
            </param>
          </params>
          <reporter-output>
          </reporter-output>
        </test-method> <!-- reportHeader -->
        <test-method status="FAIL" signature="testTC6_DifferentPaymentAddress()[pri:0, instance:com.RM.scripts.TC6_DifferentPaymentAddress@2f686d1f]" name="testTC6_DifferentPaymentAddress" duration-ms="24372" started-at="2017-11-16T14:35:31Z" finished-at="2017-11-16T14:35:56Z">
          <exception class="java.lang.IllegalStateException">
            <message>
              <![CDATA[The driver executable does not exist: C:\Users\Venkatesware\swgworkspace\eDTC-Automation\Drivers\chromedriver.exe]]>
            </message>
            <full-stacktrace>
              <![CDATA[java.lang.IllegalStateException: The driver executable does not exist: C:\Users\Venkatesware\swgworkspace\eDTC-Automation\Drivers\chromedriver.exe
	at com.google.common.base.Preconditions.checkState(Preconditions.java:199)
	at org.openqa.selenium.remote.service.DriverService.checkExecutable(DriverService.java:121)
	at org.openqa.selenium.remote.service.DriverService.findExecutable(DriverService.java:116)
	at org.openqa.selenium.chrome.ChromeDriverService.access$000(ChromeDriverService.java:32)
	at org.openqa.selenium.chrome.ChromeDriverService$Builder.findDefaultExecutable(ChromeDriverService.java:137)
	at org.openqa.selenium.remote.service.DriverService$Builder.build(DriverService.java:296)
	at org.openqa.selenium.chrome.ChromeDriverService.createDefaultService(ChromeDriverService.java:88)
	at org.openqa.selenium.chrome.ChromeDriver.<init>(ChromeDriver.java:116)
	at com.RM.accelerators.TestEngine.openBrowser(TestEngine.java:778)
	at com.RM.accelerators.ActionEngine.catchBlock(ActionEngine.java:2436)
	at com.RM.scripts.TC6_DifferentPaymentAddress.testTC6_DifferentPaymentAddress(TC6_DifferentPaymentAddress.java:93)
	at sun.reflect.NativeMethodAccessorImpl.invoke0(Native Method)
	at sun.reflect.NativeMethodAccessorImpl.invoke(NativeMethodAccessorImpl.java:62)
	at sun.reflect.DelegatingMethodAccessorImpl.invoke(DelegatingMethodAccessorImpl.java:43)
	at java.lang.reflect.Method.invoke(Method.java:498)
	at org.testng.internal.MethodInvocationHelper.invokeMethod(MethodInvocationHelper.java:108)
	at org.testng.internal.Invoker.invokeMethod(Invoker.java:661)
	at org.testng.internal.Invoker.invokeTestMethod(Invoker.java:869)
	at org.testng.internal.Invoker.invokeTestMethods(Invoker.java:1193)
	at org.testng.internal.TestMethodWorker.invokeTestMethods(TestMethodWorker.java:126)
	at org.testng.internal.TestMethodWorker.run(TestMethodWorker.java:109)
	at org.testng.TestRunner.privateRun(TestRunner.java:744)
	at org.testng.TestRunner.run(TestRunner.java:602)
	at org.testng.SuiteRunner.runTest(SuiteRunner.java:380)
	at org.testng.SuiteRunner.runSequentially(SuiteRunner.java:375)
	at org.testng.SuiteRunner.privateRun(SuiteRunner.java:340)
	at org.testng.SuiteRunner.run(SuiteRunner.java:289)
	at org.testng.SuiteRunnerWorker.runSuite(SuiteRunnerWorker.java:52)
	at org.testng.SuiteRunnerWorker.run(SuiteRunnerWorker.java:86)
	at org.testng.TestNG.runSuitesSequentially(TestNG.java:1301)
	at org.testng.TestNG.runSuitesLocally(TestNG.java:1226)
	at org.testng.TestNG.runSuites(TestNG.java:1144)
	at org.testng.TestNG.run(TestNG.java:1115)
	at org.apache.maven.surefire.testng.TestNGExecutor.run(TestNGExecutor.java:293)
	at org.apache.maven.surefire.testng.TestNGXmlTestSuite.execute(TestNGXmlTestSuite.java:84)
	at org.apache.maven.surefire.testng.TestNGProvider.invoke(TestNGProvider.java:91)
	at org.apache.maven.surefire.booter.ForkedBooter.invokeProviderInSameClassLoader(ForkedBooter.java:200)
	at org.apache.maven.surefire.booter.ForkedBooter.runSuitesInProcess(ForkedBooter.java:153)
	at org.apache.maven.surefire.booter.ForkedBooter.main(ForkedBooter.java:103)
]]>
            </full-stacktrace>
          </exception> <!-- java.lang.IllegalStateException -->
          <reporter-output>
          </reporter-output>
        </test-method> <!-- testTC6_DifferentPaymentAddress -->
        <test-method status="PASS" signature="tearDown()[pri:0, instance:com.RM.scripts.TC6_DifferentPaymentAddress@2f686d1f]" name="tearDown" is-config="true" duration-ms="47" started-at="2017-11-16T14:35:56Z" finished-at="2017-11-16T14:35:56Z">
          <reporter-output>
          </reporter-output>
        </test-method> <!-- tearDown -->
        <test-method status="PASS" signature="close()[pri:0, instance:com.RM.scripts.TC6_DifferentPaymentAddress@2f686d1f]" name="close" is-config="true" duration-ms="0" started-at="2017-11-16T14:35:56Z" finished-at="2017-11-16T14:35:56Z">
          <reporter-output>
          </reporter-output>
        </test-method> <!-- close -->
      </class> <!-- com.RM.scripts.TC6_DifferentPaymentAddress -->
      <class name="com.RM.scripts.TC6_ConfirmPasswordValidation">
        <test-method status="PASS" signature="excelLoad()[pri:0, instance:com.RM.scripts.TC6_ConfirmPasswordValidation@5700d6b1]" name="excelLoad" is-config="true" duration-ms="31" started-at="2017-11-16T14:38:13Z" finished-at="2017-11-16T14:38:13Z">
          <reporter-output>
          </reporter-output>
        </test-method> <!-- excelLoad -->
        <test-method status="PASS" signature="firstBeforeClass(org.testng.ITestContext, java.lang.String)[pri:0, instance:com.RM.scripts.TC6_ConfirmPasswordValidation@5700d6b1]" name="firstBeforeClass" is-config="true" duration-ms="0" started-at="2017-11-16T14:38:13Z" finished-at="2017-11-16T14:38:13Z">
          <params>
            <param index="0">
              <value>
                <![CDATA[org.testng.TestRunner@65bcf7c2]]>
              </value>
            </param>
            <param index="1">
              <value>
                <![CDATA[chrome]]>
              </value>
            </param>
          </params>
          <reporter-output>
          </reporter-output>
        </test-method> <!-- firstBeforeClass -->
        <test-method status="PASS" signature="reportHeader(java.lang.reflect.Method, org.testng.ITestContext)[pri:0, instance:com.RM.scripts.TC6_ConfirmPasswordValidation@5700d6b1]" name="reportHeader" is-config="true" duration-ms="15070" started-at="2017-11-16T14:38:13Z" finished-at="2017-11-16T14:38:28Z">
          <params>
            <param index="0">
              <value>
                <![CDATA[public void com.RM.scripts.TC6_ConfirmPasswordValidation.testTC6_ConfirmPasswordValidation() throws java.lang.Throwable]]>
              </value>
            </param>
            <param index="1">
              <value>
                <![CDATA[org.testng.TestRunner@65bcf7c2]]>
              </value>
            </param>
          </params>
          <reporter-output>
          </reporter-output>
        </test-method> <!-- reportHeader -->
        <test-method status="PASS" signature="testTC6_ConfirmPasswordValidation()[pri:0, instance:com.RM.scripts.TC6_ConfirmPasswordValidation@5700d6b1]" name="testTC6_ConfirmPasswordValidation" duration-ms="16452" started-at="2017-11-16T14:38:28Z" finished-at="2017-11-16T14:38:44Z">
          <reporter-output>
          </reporter-output>
        </test-method> <!-- testTC6_ConfirmPasswordValidation -->
        <test-method status="PASS" signature="tearDown()[pri:0, instance:com.RM.scripts.TC6_ConfirmPasswordValidation@5700d6b1]" name="tearDown" is-config="true" duration-ms="827" started-at="2017-11-16T14:38:44Z" finished-at="2017-11-16T14:38:45Z">
          <reporter-output>
          </reporter-output>
        </test-method> <!-- tearDown -->
        <test-method status="PASS" signature="close()[pri:0, instance:com.RM.scripts.TC6_ConfirmPasswordValidation@5700d6b1]" name="close" is-config="true" duration-ms="0" started-at="2017-11-16T14:38:45Z" finished-at="2017-11-16T14:38:45Z">
          <reporter-output>
          </reporter-output>
        </test-method> <!-- close -->
      </class> <!-- com.RM.scripts.TC6_ConfirmPasswordValidation -->
      <class name="com.RM.scripts.TC6_PasswordLengthValidation">
        <test-method status="PASS" signature="excelLoad()[pri:0, instance:com.RM.scripts.TC6_PasswordLengthValidation@7085bdee]" name="excelLoad" is-config="true" duration-ms="47" started-at="2017-11-16T14:37:12Z" finished-at="2017-11-16T14:37:12Z">
          <reporter-output>
          </reporter-output>
        </test-method> <!-- excelLoad -->
        <test-method status="PASS" signature="firstBeforeClass(org.testng.ITestContext, java.lang.String)[pri:0, instance:com.RM.scripts.TC6_PasswordLengthValidation@7085bdee]" name="firstBeforeClass" is-config="true" duration-ms="0" started-at="2017-11-16T14:37:12Z" finished-at="2017-11-16T14:37:12Z">
          <params>
            <param index="0">
              <value>
                <![CDATA[org.testng.TestRunner@65bcf7c2]]>
              </value>
            </param>
            <param index="1">
              <value>
                <![CDATA[chrome]]>
              </value>
            </param>
          </params>
          <reporter-output>
          </reporter-output>
        </test-method> <!-- firstBeforeClass -->
        <test-method status="PASS" signature="reportHeader(java.lang.reflect.Method, org.testng.ITestContext)[pri:0, instance:com.RM.scripts.TC6_PasswordLengthValidation@7085bdee]" name="reportHeader" is-config="true" duration-ms="13801" started-at="2017-11-16T14:37:12Z" finished-at="2017-11-16T14:37:26Z">
          <params>
            <param index="0">
              <value>
                <![CDATA[public void com.RM.scripts.TC6_PasswordLengthValidation.testTC6_PasswordLengthValidation() throws java.lang.Throwable]]>
              </value>
            </param>
            <param index="1">
              <value>
                <![CDATA[org.testng.TestRunner@65bcf7c2]]>
              </value>
            </param>
          </params>
          <reporter-output>
          </reporter-output>
        </test-method> <!-- reportHeader -->
        <test-method status="PASS" signature="testTC6_PasswordLengthValidation()[pri:0, instance:com.RM.scripts.TC6_PasswordLengthValidation@7085bdee]" name="testTC6_PasswordLengthValidation" duration-ms="15090" started-at="2017-11-16T14:37:26Z" finished-at="2017-11-16T14:37:41Z">
          <reporter-output>
          </reporter-output>
        </test-method> <!-- testTC6_PasswordLengthValidation -->
        <test-method status="PASS" signature="tearDown()[pri:0, instance:com.RM.scripts.TC6_PasswordLengthValidation@7085bdee]" name="tearDown" is-config="true" duration-ms="780" started-at="2017-11-16T14:37:41Z" finished-at="2017-11-16T14:37:42Z">
          <reporter-output>
          </reporter-output>
        </test-method> <!-- tearDown -->
        <test-method status="PASS" signature="close()[pri:0, instance:com.RM.scripts.TC6_PasswordLengthValidation@7085bdee]" name="close" is-config="true" duration-ms="0" started-at="2017-11-16T14:37:42Z" finished-at="2017-11-16T14:37:42Z">
          <reporter-output>
          </reporter-output>
        </test-method> <!-- close -->
      </class> <!-- com.RM.scripts.TC6_PasswordLengthValidation -->
      <class name="com.RM.scripts.TC6_PrimaryPayment">
        <test-method status="PASS" signature="firstBeforeClass(org.testng.ITestContext, java.lang.String)[pri:0, instance:com.RM.scripts.TC6_PrimaryPayment@3fee9989]" name="firstBeforeClass" is-config="true" duration-ms="0" started-at="2017-11-16T14:35:56Z" finished-at="2017-11-16T14:35:56Z">
          <params>
            <param index="0">
              <value>
                <![CDATA[org.testng.TestRunner@65bcf7c2]]>
              </value>
            </param>
            <param index="1">
              <value>
                <![CDATA[chrome]]>
              </value>
            </param>
          </params>
          <reporter-output>
          </reporter-output>
        </test-method> <!-- firstBeforeClass -->
        <test-method status="PASS" signature="excelLoad()[pri:0, instance:com.RM.scripts.TC6_PrimaryPayment@3fee9989]" name="excelLoad" is-config="true" duration-ms="46" started-at="2017-11-16T14:35:56Z" finished-at="2017-11-16T14:35:56Z">
          <reporter-output>
          </reporter-output>
        </test-method> <!-- excelLoad -->
        <test-method status="PASS" signature="reportHeader(java.lang.reflect.Method, org.testng.ITestContext)[pri:0, instance:com.RM.scripts.TC6_PrimaryPayment@3fee9989]" name="reportHeader" is-config="true" duration-ms="14025" started-at="2017-11-16T14:35:56Z" finished-at="2017-11-16T14:36:10Z">
          <params>
            <param index="0">
              <value>
                <![CDATA[public void com.RM.scripts.TC6_PrimaryPayment.testTC6_PrimaryPayment() throws java.lang.Throwable]]>
              </value>
            </param>
            <param index="1">
              <value>
                <![CDATA[org.testng.TestRunner@65bcf7c2]]>
              </value>
            </param>
          </params>
          <reporter-output>
          </reporter-output>
        </test-method> <!-- reportHeader -->
        <test-method status="FAIL" signature="testTC6_PrimaryPayment()[pri:0, instance:com.RM.scripts.TC6_PrimaryPayment@3fee9989]" name="testTC6_PrimaryPayment" duration-ms="24179" started-at="2017-11-16T14:36:10Z" finished-at="2017-11-16T14:36:34Z">
          <exception class="java.lang.IllegalStateException">
            <message>
              <![CDATA[The driver executable does not exist: C:\Users\Venkatesware\swgworkspace\eDTC-Automation\Drivers\chromedriver.exe]]>
            </message>
            <full-stacktrace>
              <![CDATA[java.lang.IllegalStateException: The driver executable does not exist: C:\Users\Venkatesware\swgworkspace\eDTC-Automation\Drivers\chromedriver.exe
	at com.google.common.base.Preconditions.checkState(Preconditions.java:199)
	at org.openqa.selenium.remote.service.DriverService.checkExecutable(DriverService.java:121)
	at org.openqa.selenium.remote.service.DriverService.findExecutable(DriverService.java:116)
	at org.openqa.selenium.chrome.ChromeDriverService.access$000(ChromeDriverService.java:32)
	at org.openqa.selenium.chrome.ChromeDriverService$Builder.findDefaultExecutable(ChromeDriverService.java:137)
	at org.openqa.selenium.remote.service.DriverService$Builder.build(DriverService.java:296)
	at org.openqa.selenium.chrome.ChromeDriverService.createDefaultService(ChromeDriverService.java:88)
	at org.openqa.selenium.chrome.ChromeDriver.<init>(ChromeDriver.java:116)
	at com.RM.accelerators.TestEngine.openBrowser(TestEngine.java:778)
	at com.RM.accelerators.ActionEngine.catchBlock(ActionEngine.java:2436)
	at com.RM.scripts.TC6_PrimaryPayment.testTC6_PrimaryPayment(TC6_PrimaryPayment.java:64)
	at sun.reflect.NativeMethodAccessorImpl.invoke0(Native Method)
	at sun.reflect.NativeMethodAccessorImpl.invoke(NativeMethodAccessorImpl.java:62)
	at sun.reflect.DelegatingMethodAccessorImpl.invoke(DelegatingMethodAccessorImpl.java:43)
	at java.lang.reflect.Method.invoke(Method.java:498)
	at org.testng.internal.MethodInvocationHelper.invokeMethod(MethodInvocationHelper.java:108)
	at org.testng.internal.Invoker.invokeMethod(Invoker.java:661)
	at org.testng.internal.Invoker.invokeTestMethod(Invoker.java:869)
	at org.testng.internal.Invoker.invokeTestMethods(Invoker.java:1193)
	at org.testng.internal.TestMethodWorker.invokeTestMethods(TestMethodWorker.java:126)
	at org.testng.internal.TestMethodWorker.run(TestMethodWorker.java:109)
	at org.testng.TestRunner.privateRun(TestRunner.java:744)
	at org.testng.TestRunner.run(TestRunner.java:602)
	at org.testng.SuiteRunner.runTest(SuiteRunner.java:380)
	at org.testng.SuiteRunner.runSequentially(SuiteRunner.java:375)
	at org.testng.SuiteRunner.privateRun(SuiteRunner.java:340)
	at org.testng.SuiteRunner.run(SuiteRunner.java:289)
	at org.testng.SuiteRunnerWorker.runSuite(SuiteRunnerWorker.java:52)
	at org.testng.SuiteRunnerWorker.run(SuiteRunnerWorker.java:86)
	at org.testng.TestNG.runSuitesSequentially(TestNG.java:1301)
	at org.testng.TestNG.runSuitesLocally(TestNG.java:1226)
	at org.testng.TestNG.runSuites(TestNG.java:1144)
	at org.testng.TestNG.run(TestNG.java:1115)
	at org.apache.maven.surefire.testng.TestNGExecutor.run(TestNGExecutor.java:293)
	at org.apache.maven.surefire.testng.TestNGXmlTestSuite.execute(TestNGXmlTestSuite.java:84)
	at org.apache.maven.surefire.testng.TestNGProvider.invoke(TestNGProvider.java:91)
	at org.apache.maven.surefire.booter.ForkedBooter.invokeProviderInSameClassLoader(ForkedBooter.java:200)
	at org.apache.maven.surefire.booter.ForkedBooter.runSuitesInProcess(ForkedBooter.java:153)
	at org.apache.maven.surefire.booter.ForkedBooter.main(ForkedBooter.java:103)
]]>
            </full-stacktrace>
          </exception> <!-- java.lang.IllegalStateException -->
          <reporter-output>
          </reporter-output>
        </test-method> <!-- testTC6_PrimaryPayment -->
        <test-method status="PASS" signature="tearDown()[pri:0, instance:com.RM.scripts.TC6_PrimaryPayment@3fee9989]" name="tearDown" is-config="true" duration-ms="32" started-at="2017-11-16T14:36:34Z" finished-at="2017-11-16T14:36:34Z">
          <reporter-output>
          </reporter-output>
        </test-method> <!-- tearDown -->
        <test-method status="PASS" signature="close()[pri:0, instance:com.RM.scripts.TC6_PrimaryPayment@3fee9989]" name="close" is-config="true" duration-ms="0" started-at="2017-11-16T14:36:34Z" finished-at="2017-11-16T14:36:34Z">
          <reporter-output>
          </reporter-output>
        </test-method> <!-- close -->
      </class> <!-- com.RM.scripts.TC6_PrimaryPayment -->
    </test> <!-- RM -->
  </suite> <!-- Test-method Suite -->
</testng-results>
