<!DOCTYPE html PUBLIC "-//W3C//DTD XHTML 1.1//EN" "http://www.w3.org/TR/xhtml11/DTD/xhtml11.dtd">
<html xmlns="http://www.w3.org/1999/xhtml"><head><title>TestNG Report</title><style type="text/css">table {margin-bottom:10px;border-collapse:collapse;empty-cells:show}th,td {border:1px solid #009;padding:.25em .5em}th {vertical-align:bottom}td {vertical-align:top}table a {font-weight:bold}.stripe td {background-color: #E6EBF9}.num {text-align:right}.passedodd td {background-color: #3F3}.passedeven td {background-color: #0A0}.skippedodd td {background-color: #DDD}.skippedeven td {background-color: #CCC}.failedodd td,.attn {background-color: #F33}.failedeven td,.stripe .attn {background-color: #D00}.stacktrace {white-space:pre;font-family:monospace}.totop {font-size:85%;text-align:center;border-bottom:2px solid #000}</style></head><body><table><tr><th>Test</th><th># Passed</th><th># Skipped</th><th># Failed</th><th>Time (ms)</th><th>Included Groups</th><th>Excluded Groups</th></tr><tr><th colspan="7">Test-method Suite</th></tr><tr><td><a href="#t0">FABE</a></td><td class="num">11</td><td class="num">0</td><td class="num attn">2</td><td class="num">1,203,559</td><td></td><td></td></tr></table><table id='summary'><thead><tr><th>Class</th><th>Method</th><th>Start</th><th>Time (ms)</th></tr></thead><tbody><tr><th colspan="4">Test-method Suite</th></tr></tbody><tbody id="t0"><tr><th colspan="4">FABE &#8212; failed (configuration methods)</th></tr><tr class="failedeven"><td rowspan="1">com.FABE.scripts.TC01_RegisterAsNewCompany</td><td><a href="#m0">tearDownFirefox</a></td><td rowspan="1">1530273235609</td><td rowspan="1">1953</td></tr><tr><th colspan="4">FABE &#8212; failed</th></tr><tr class="failedeven"><td rowspan="1">com.FABE.scripts.TC10_VerifyCreditCardPayment</td><td><a href="#m1">testTC10_VerifyCreditCardPayment</a></td><td rowspan="1">1530272809358</td><td rowspan="1">105977</td></tr><tr class="failedodd"><td rowspan="1">com.FABE.scripts.TC12_VerifySepaBankDebitPayment</td><td><a href="#m2">testTC12_VerifySepaBankDebitPayment</a></td><td rowspan="1">1530273053595</td><td rowspan="1">113040</td></tr><tr><th colspan="4">FABE &#8212; passed</th></tr><tr class="passedeven"><td rowspan="1">com.FABE.scripts.TC01_RegisterAsNewCompany</td><td><a href="#m3">testTC01_RegisterAsNewCompany</a></td><td rowspan="1">1530272037071</td><td rowspan="1">110034</td></tr><tr class="passedodd"><td rowspan="1">com.FABE.scripts.TC02_LoginAsAdminUser</td><td><a href="#m4">testTC02_LoginAsAdminUser</a></td><td rowspan="1">1530272151371</td><td rowspan="1">53086</td></tr><tr class="passedeven"><td rowspan="1">com.FABE.scripts.TC03_VerifyProductsMenu</td><td><a href="#m5">testTC03_VerifyProductsMenu</a></td><td rowspan="1">1530272208408</td><td rowspan="1">52162</td></tr><tr class="passedodd"><td rowspan="1">com.FABE.scripts.TC04_VerifyUserCreationByAdminUser</td><td><a href="#m6">testTC04_VerifyUserCreationByAdminUser</a></td><td rowspan="1">1530272264585</td><td rowspan="1">124393</td></tr><tr class="passedeven"><td rowspan="1">com.FABE.scripts.TC05_VerifyHomePage</td><td><a href="#m7">testTC05_VerifyHomePage</a></td><td rowspan="1">1530272392911</td><td rowspan="1">57092</td></tr><tr class="passedodd"><td rowspan="1">com.FABE.scripts.TC06_AddFastenerProductToCart</td><td><a href="#m8">testTC06_AddFastenerProductToCart</a></td><td rowspan="1">1530272454101</td><td rowspan="1">75828</td></tr><tr class="passedeven"><td rowspan="1">com.FABE.scripts.TC07_SearchForProductAndAddToCart</td><td><a href="#m9">testTC07_SearchForProductAndAddToCart</a></td><td rowspan="1">1530272534228</td><td rowspan="1">67352</td></tr><tr class="passedodd"><td rowspan="1">com.FABE.scripts.TC08_SignUpExistingCompany</td><td><a href="#m10">testTC08_SignUpExistingCompany</a></td><td rowspan="1">1530272605612</td><td rowspan="1">91727</td></tr><tr class="passedeven"><td rowspan="1">com.FABE.scripts.TC09_VerifyCheckoutAndSubmitOrder</td><td><a href="#m11">testTC09_VerifyCheckoutAndSubmitOrder</a></td><td rowspan="1">1530272701255</td><td rowspan="1">103663</td></tr><tr class="passedodd"><td rowspan="1">com.FABE.scripts.TC11_VerifySepaBankTransferPayment</td><td><a href="#m12">testTC11_VerifySepaBankTransferPayment</a></td><td rowspan="1">1530272918665</td><td rowspan="1">131031</td></tr><tr class="passedeven"><td rowspan="1">com.FABE.scripts.TC13_CheckoutAddNewAddress</td><td><a href="#m13">testTC13_CheckoutAddNewAddress</a></td><td rowspan="1">1530273169995</td><td rowspan="1">64962</td></tr></tbody></table><h2>FABE</h2><h3 id="m0">com.FABE.scripts.TC01_RegisterAsNewCompany#tearDownFirefox</h3><table class="result"><tr class="param"><th>Parameter #1</th></tr><tr class="param stripe"><td>org.testng.TestRunner@4d8fcf34</td></tr><tr><th>Exception</th></tr><tr><td><div class="stacktrace">java.lang.NullPointerException
	at com.FABE.util.SendMail.attachReportsToEmail(SendMail.java:37)
	at com.FABE.accelerators.TestEngine.tearDownFirefox(TestEngine.java:199)
... Removed 19 stack frames</div></td></tr></table><p class="totop"><a href="#summary">back to summary</a></p><h3 id="m1">com.FABE.scripts.TC10_VerifyCreditCardPayment#testTC10_VerifyCreditCardPayment</h3><table class="result"><tr><th>Exception</th></tr><tr><td><div class="stacktrace">java.lang.IllegalStateException: The driver executable does not exist: E:\Automation\Fabory_WebShop\Drivers\chromedriver_2.38.exe
	at com.google.common.base.Preconditions.checkState(Preconditions.java:585)
	at org.openqa.selenium.remote.service.DriverService.checkExecutable(DriverService.java:136)
	at org.openqa.selenium.remote.service.DriverService.findExecutable(DriverService.java:131)
	at org.openqa.selenium.chrome.ChromeDriverService.access$000(ChromeDriverService.java:33)
	at org.openqa.selenium.chrome.ChromeDriverService$Builder.findDefaultExecutable(ChromeDriverService.java:139)
	at org.openqa.selenium.remote.service.DriverService$Builder.build(DriverService.java:335)
	at org.openqa.selenium.chrome.ChromeDriverService.createDefaultService(ChromeDriverService.java:89)
	at org.openqa.selenium.chrome.ChromeDriver.&lt;init&gt;(ChromeDriver.java:123)
	at com.FABE.accelerators.TestEngine.openBrowser(TestEngine.java:999)
	at com.FABE.accelerators.ActionEngine.catchBlock(ActionEngine.java:2262)
	at com.FABE.scripts.TC10_VerifyCreditCardPayment.testTC10_VerifyCreditCardPayment(TC10_VerifyCreditCardPayment.java:168)
... Removed 25 stack frames</div></td></tr></table><p class="totop"><a href="#summary">back to summary</a></p><h3 id="m2">com.FABE.scripts.TC12_VerifySepaBankDebitPayment#testTC12_VerifySepaBankDebitPayment</h3><table class="result"><tr><th>Exception</th></tr><tr><td><div class="stacktrace">java.lang.IllegalStateException: The driver executable does not exist: E:\Automation\Fabory_WebShop\Drivers\chromedriver_2.38.exe
	at com.google.common.base.Preconditions.checkState(Preconditions.java:585)
	at org.openqa.selenium.remote.service.DriverService.checkExecutable(DriverService.java:136)
	at org.openqa.selenium.remote.service.DriverService.findExecutable(DriverService.java:131)
	at org.openqa.selenium.chrome.ChromeDriverService.access$000(ChromeDriverService.java:33)
	at org.openqa.selenium.chrome.ChromeDriverService$Builder.findDefaultExecutable(ChromeDriverService.java:139)
	at org.openqa.selenium.remote.service.DriverService$Builder.build(DriverService.java:335)
	at org.openqa.selenium.chrome.ChromeDriverService.createDefaultService(ChromeDriverService.java:89)
	at org.openqa.selenium.chrome.ChromeDriver.&lt;init&gt;(ChromeDriver.java:123)
	at com.FABE.accelerators.TestEngine.openBrowser(TestEngine.java:999)
	at com.FABE.accelerators.ActionEngine.catchBlock(ActionEngine.java:2262)
	at com.FABE.scripts.TC12_VerifySepaBankDebitPayment.testTC12_VerifySepaBankDebitPayment(TC12_VerifySepaBankDebitPayment.java:166)
... Removed 25 stack frames</div></td></tr></table><p class="totop"><a href="#summary">back to summary</a></p><h3 id="m3">com.FABE.scripts.TC01_RegisterAsNewCompany#testTC01_RegisterAsNewCompany</h3><table class="result"></table><p class="totop"><a href="#summary">back to summary</a></p><h3 id="m4">com.FABE.scripts.TC02_LoginAsAdminUser#testTC02_LoginAsAdminUser</h3><table class="result"></table><p class="totop"><a href="#summary">back to summary</a></p><h3 id="m5">com.FABE.scripts.TC03_VerifyProductsMenu#testTC03_VerifyProductsMenu</h3><table class="result"></table><p class="totop"><a href="#summary">back to summary</a></p><h3 id="m6">com.FABE.scripts.TC04_VerifyUserCreationByAdminUser#testTC04_VerifyUserCreationByAdminUser</h3><table class="result"></table><p class="totop"><a href="#summary">back to summary</a></p><h3 id="m7">com.FABE.scripts.TC05_VerifyHomePage#testTC05_VerifyHomePage</h3><table class="result"></table><p class="totop"><a href="#summary">back to summary</a></p><h3 id="m8">com.FABE.scripts.TC06_AddFastenerProductToCart#testTC06_AddFastenerProductToCart</h3><table class="result"></table><p class="totop"><a href="#summary">back to summary</a></p><h3 id="m9">com.FABE.scripts.TC07_SearchForProductAndAddToCart#testTC07_SearchForProductAndAddToCart</h3><table class="result"></table><p class="totop"><a href="#summary">back to summary</a></p><h3 id="m10">com.FABE.scripts.TC08_SignUpExistingCompany#testTC08_SignUpExistingCompany</h3><table class="result"></table><p class="totop"><a href="#summary">back to summary</a></p><h3 id="m11">com.FABE.scripts.TC09_VerifyCheckoutAndSubmitOrder#testTC09_VerifyCheckoutAndSubmitOrder</h3><table class="result"></table><p class="totop"><a href="#summary">back to summary</a></p><h3 id="m12">com.FABE.scripts.TC11_VerifySepaBankTransferPayment#testTC11_VerifySepaBankTransferPayment</h3><table class="result"></table><p class="totop"><a href="#summary">back to summary</a></p><h3 id="m13">com.FABE.scripts.TC13_CheckoutAddNewAddress#testTC13_CheckoutAddNewAddress</h3><table class="result"></table><p class="totop"><a href="#summary">back to summary</a></p></body></html>