<?xml version="1.0" encoding="UTF-8"?>
<!-- Generated by org.testng.reporters.JUnitReportReporter -->
<testsuite skipped="1" hostname="DSHYD-100" name="com.nv.scripts.homepage.SWG_TC_02" tests="2" failures="0" timestamp="23 Oct 2017 11:50:16 GMT" time="0.000" errors="1">
  <testcase name="reportHeader" time="0.000" classname="com.nv.scripts.homepage.SWG_TC_02">
    <error type="org.testng.TestNGException" message="
Parameter &#039;ip&#039; is required by BeforeMethod on method reportHeader but has not been marked @Optional or defined
in D:\SWG\Workspace\eDTC-Automation\testng.xml">
      <![CDATA[org.testng.TestNGException: 
Parameter 'ip' is required by BeforeMethod on method reportHeader but has not been marked @Optional or defined
in D:\SWG\Workspace\eDTC-Automation\testng.xml
	at org.testng.internal.Parameters.createParameters(Parameters.java:199)
	at org.testng.internal.Parameters.createParameters(Parameters.java:443)
	at org.testng.internal.Parameters.createConfigurationParameters(Parameters.java:118)
	at org.testng.internal.Invoker.invokeConfigurations(Invoker.java:206)
	at org.testng.internal.Invoker.invokeMethod(Invoker.java:599)
	at org.testng.internal.Invoker.invokeTestMethod(Invoker.java:869)
	at org.testng.internal.Invoker.invokeTestMethods(Invoker.java:1193)
	at org.testng.internal.TestMethodWorker.invokeTestMethods(TestMethodWorker.java:126)
	at org.testng.internal.TestMethodWorker.run(TestMethodWorker.java:109)
	at org.testng.TestRunner.privateRun(TestRunner.java:744)
	at org.testng.TestRunner.run(TestRunner.java:602)
	at org.testng.SuiteRunner.runTest(SuiteRunner.java:380)
	at org.testng.SuiteRunner.runSequentially(SuiteRunner.java:375)
	at org.testng.SuiteRunner.privateRun(SuiteRunner.java:340)
	at org.testng.SuiteRunner.run(SuiteRunner.java:289)
	at org.testng.SuiteRunnerWorker.runSuite(SuiteRunnerWorker.java:52)
	at org.testng.SuiteRunnerWorker.run(SuiteRunnerWorker.java:86)
	at org.testng.TestNG.runSuitesSequentially(TestNG.java:1301)
	at org.testng.TestNG.runSuitesLocally(TestNG.java:1226)
	at org.testng.TestNG.runSuites(TestNG.java:1144)
	at org.testng.TestNG.run(TestNG.java:1115)
	at org.testng.remote.AbstractRemoteTestNG.run(AbstractRemoteTestNG.java:114)
	at org.testng.remote.RemoteTestNG.initAndRun(RemoteTestNG.java:251)
	at org.testng.remote.RemoteTestNG.main(RemoteTestNG.java:77)
]]>
    </error>
  </testcase> <!-- reportHeader -->
  <testcase name="swg_CreateServiceEvent" time="0.000" classname="com.nv.scripts.homepage.SWG_TC_02">
    <skipped/>
  </testcase> <!-- swg_CreateServiceEvent -->
</testsuite> <!-- com.nv.scripts.homepage.SWG_TC_02 -->
